{"/home/asma/cellery/mesh-observability/components/global/portal/io.cellery.observability.ui/src/index.js": {"path":"/home/asma/cellery/mesh-observability/components/global/portal/io.cellery.observability.ui/src/index.js","statementMap":{"0":{"start":{"line":19,"column":0},"end":{"line":null,"column":-1}},"1":{"start":{"line":20,"column":0},"end":{"line":null,"column":-1}},"2":{"start":{"line":21,"column":0},"end":{"line":null,"column":-1}},"3":{"start":{"line":22,"column":0},"end":{"line":null,"column":-1}},"4":{"start":{"line":23,"column":0},"end":{"line":null,"column":-1}},"5":{"start":{"line":25,"column":0},"end":{"line":null,"column":-1}},"6":{"start":{"line":32,"column":0},"end":{"line":null,"column":-1}}},"fnMap":{},"branchMap":{},"s":{"0":0,"1":0,"2":0,"3":0,"4":0,"5":0,"6":0},"f":{},"b":{}}
,"/home/asma/cellery/mesh-observability/components/global/portal/io.cellery.observability.ui/src/serviceWorker.js": {"path":"/home/asma/cellery/mesh-observability/components/global/portal/io.cellery.observability.ui/src/serviceWorker.js","statementMap":{"0":{"start":{"line":31,"column":20},"end":{"line":31,"column":0}},"1":{"start":{"line":42,"column":2},"end":{"line":72,"column":3}},"2":{"start":{"line":44,"column":22},"end":{"line":44,"column":4}},"3":{"start":{"line":45,"column":4},"end":{"line":50,"column":5}},"4":{"start":{"line":49,"column":6},"end":{"line":null,"column":-1}},"5":{"start":{"line":52,"column":4},"end":{"line":null,"column":-1}},"6":{"start":{"line":53,"column":21},"end":{"line":53,"column":6}},"7":{"start":{"line":55,"column":6},"end":{"line":70,"column":7}},"8":{"start":{"line":57,"column":8},"end":{"line":55,"column":23}},"9":{"start":{"line":61,"column":8},"end":{"line":null,"column":-1}},"10":{"start":{"line":62,"column":10},"end":{"line":null,"column":-1}},"11":{"start":{"line":69,"column":8},"end":{"line":null,"column":-1}},"12":{"start":{"line":76,"column":2},"end":{"line":null,"column":-1}},"13":{"start":{"line":79,"column":6},"end":{"line":null,"column":-1}},"14":{"start":{"line":80,"column":33},"end":{"line":80,"column":8}},"15":{"start":{"line":81,"column":8},"end":{"line":83,"column":9}},"16":{"start":{"line":82,"column":10},"end":{"line":null,"column":-1}},"17":{"start":{"line":84,"column":8},"end":{"line":null,"column":-1}},"18":{"start":{"line":85,"column":10},"end":{"line":110,"column":11}},"19":{"start":{"line":86,"column":12},"end":{"line":109,"column":13}},"20":{"start":{"line":90,"column":14},"end":{"line":86,"column":52}},"21":{"start":{"line":96,"column":14},"end":{"line":98,"column":15}},"22":{"start":{"line":97,"column":16},"end":{"line":null,"column":-1}},"23":{"start":{"line":103,"column":14},"end":{"line":99,"column":19}},"24":{"start":{"line":106,"column":14},"end":{"line":108,"column":15}},"25":{"start":{"line":107,"column":16},"end":{"line":null,"column":-1}},"26":{"start":{"line":115,"column":6},"end":{"line":null,"column":-1}},"27":{"start":{"line":121,"column":2},"end":{"line":null,"column":-1}},"28":{"start":{"line":124,"column":26},"end":{"line":124,"column":6}},"29":{"start":{"line":125,"column":6},"end":{"line":138,"column":7}},"30":{"start":{"line":130,"column":8},"end":{"line":null,"column":-1}},"31":{"start":{"line":131,"column":10},"end":{"line":null,"column":-1}},"32":{"start":{"line":132,"column":12},"end":{"line":null,"column":-1}},"33":{"start":{"line":137,"column":8},"end":{"line":null,"column":-1}},"34":{"start":{"line":141,"column":6},"end":{"line":null,"column":-1}},"35":{"start":{"line":148,"column":2},"end":{"line":152,"column":3}},"36":{"start":{"line":149,"column":4},"end":{"line":null,"column":-1}},"37":{"start":{"line":150,"column":6},"end":{"line":null,"column":-1}}},"fnMap":{"0":{"name":"register","decl":{"start":{"line":41,"column":16},"end":{"line":41,"column":7}},"loc":{"start":{"line":41,"column":33},"end":{"line":73,"column":1}}},"1":{"name":"(anonymous_1)","decl":{"start":{"line":52,"column":36},"end":{"line":52,"column":41}},"loc":{"start":{"line":52,"column":42},"end":{"line":52,"column":4}}},"2":{"name":"(anonymous_2)","decl":{"start":{"line":61,"column":43},"end":{"line":61,"column":48}},"loc":{"start":{"line":61,"column":49},"end":{"line":61,"column":8}}},"3":{"name":"registerValidSW","decl":{"start":{"line":75,"column":9},"end":{"line":75,"column":0}},"loc":{"start":{"line":75,"column":40},"end":{"line":117,"column":1}}},"4":{"name":"(anonymous_4)","decl":{"start":{"line":78,"column":10},"end":{"line":78,"column":21}},"loc":{"start":{"line":78,"column":26},"end":{"line":76,"column":2}}},"5":{"name":"(anonymous_5)","decl":{"start":{"line":79,"column":35},"end":{"line":79,"column":40}},"loc":{"start":{"line":79,"column":41},"end":{"line":79,"column":6}}},"6":{"name":"(anonymous_6)","decl":{"start":{"line":84,"column":41},"end":{"line":84,"column":46}},"loc":{"start":{"line":84,"column":47},"end":{"line":84,"column":8}}},"7":{"name":"(anonymous_7)","decl":{"start":{"line":114,"column":11},"end":{"line":114,"column":15}},"loc":{"start":{"line":114,"column":20},"end":{"line":76,"column":2}}},"8":{"name":"checkValidServiceWorker","decl":{"start":{"line":119,"column":9},"end":{"line":119,"column":0}},"loc":{"start":{"line":119,"column":48},"end":{"line":145,"column":1}}},"9":{"name":"(anonymous_9)","decl":{"start":{"line":122,"column":10},"end":{"line":122,"column":17}},"loc":{"start":{"line":122,"column":22},"end":{"line":121,"column":2}}},"10":{"name":"(anonymous_10)","decl":{"start":{"line":130,"column":43},"end":{"line":130,"column":54}},"loc":{"start":{"line":130,"column":59},"end":{"line":130,"column":8}}},"11":{"name":"(anonymous_11)","decl":{"start":{"line":131,"column":41},"end":{"line":131,"column":46}},"loc":{"start":{"line":131,"column":47},"end":{"line":131,"column":10}}},"12":{"name":"(anonymous_12)","decl":{"start":{"line":140,"column":11},"end":{"line":140,"column":16}},"loc":{"start":{"line":140,"column":17},"end":{"line":121,"column":2}}},"13":{"name":"unregister","decl":{"start":{"line":147,"column":16},"end":{"line":147,"column":7}},"loc":{"start":{"line":147,"column":29},"end":{"line":153,"column":1}}},"14":{"name":"(anonymous_14)","decl":{"start":{"line":149,"column":39},"end":{"line":149,"column":50}},"loc":{"start":{"line":149,"column":55},"end":{"line":149,"column":4}}}},"branchMap":{"0":{"loc":{"start":{"line":32,"column":2},"end":{"line":32,"column":1}},"type":"binary-expr","locations":[{"start":{"line":32,"column":2},"end":{"line":32,"column":1}},{"start":{"line":34,"column":4},"end":{"line":32,"column":2}},{"start":{"line":36,"column":4},"end":{"line":31,"column":27}}]},"1":{"loc":{"start":{"line":42,"column":2},"end":{"line":72,"column":3}},"type":"if","locations":[{"start":{"line":42,"column":2},"end":{"line":72,"column":3}},{"start":{"line":42,"column":2},"end":{"line":72,"column":3}}]},"2":{"loc":{"start":{"line":42,"column":6},"end":{"line":42,"column":5}},"type":"binary-expr","locations":[{"start":{"line":42,"column":6},"end":{"line":42,"column":5}},{"start":{"line":42,"column":47},"end":{"line":42,"column":2}}]},"3":{"loc":{"start":{"line":45,"column":4},"end":{"line":50,"column":5}},"type":"if","locations":[{"start":{"line":45,"column":4},"end":{"line":50,"column":5}},{"start":{"line":45,"column":4},"end":{"line":50,"column":5}}]},"4":{"loc":{"start":{"line":55,"column":6},"end":{"line":70,"column":7}},"type":"if","locations":[{"start":{"line":55,"column":6},"end":{"line":70,"column":7}},{"start":{"line":55,"column":6},"end":{"line":70,"column":7}}]},"5":{"loc":{"start":{"line":81,"column":8},"end":{"line":83,"column":9}},"type":"if","locations":[{"start":{"line":81,"column":8},"end":{"line":83,"column":9}},{"start":{"line":81,"column":8},"end":{"line":83,"column":9}}]},"6":{"loc":{"start":{"line":85,"column":10},"end":{"line":110,"column":11}},"type":"if","locations":[{"start":{"line":85,"column":10},"end":{"line":110,"column":11}},{"start":{"line":85,"column":10},"end":{"line":110,"column":11}}]},"7":{"loc":{"start":{"line":86,"column":12},"end":{"line":109,"column":13}},"type":"if","locations":[{"start":{"line":86,"column":12},"end":{"line":109,"column":13}},{"start":{"line":86,"column":12},"end":{"line":109,"column":13}}]},"8":{"loc":{"start":{"line":96,"column":14},"end":{"line":98,"column":15}},"type":"if","locations":[{"start":{"line":96,"column":14},"end":{"line":98,"column":15}},{"start":{"line":96,"column":14},"end":{"line":98,"column":15}}]},"9":{"loc":{"start":{"line":96,"column":18},"end":{"line":96,"column":24}},"type":"binary-expr","locations":[{"start":{"line":96,"column":18},"end":{"line":96,"column":24}},{"start":{"line":96,"column":28},"end":{"line":96,"column":14}}]},"10":{"loc":{"start":{"line":106,"column":14},"end":{"line":108,"column":15}},"type":"if","locations":[{"start":{"line":106,"column":14},"end":{"line":108,"column":15}},{"start":{"line":106,"column":14},"end":{"line":108,"column":15}}]},"11":{"loc":{"start":{"line":106,"column":18},"end":{"line":106,"column":24}},"type":"binary-expr","locations":[{"start":{"line":106,"column":18},"end":{"line":106,"column":24}},{"start":{"line":106,"column":28},"end":{"line":106,"column":14}}]},"12":{"loc":{"start":{"line":125,"column":6},"end":{"line":138,"column":7}},"type":"if","locations":[{"start":{"line":125,"column":6},"end":{"line":138,"column":7}},{"start":{"line":125,"column":6},"end":{"line":138,"column":7}}]},"13":{"loc":{"start":{"line":126,"column":8},"end":{"line":126,"column":7}},"type":"binary-expr","locations":[{"start":{"line":126,"column":8},"end":{"line":126,"column":7}},{"start":{"line":127,"column":9},"end":{"line":127,"column":8}},{"start":{"line":127,"column":32},"end":{"line":125,"column":6}}]},"14":{"loc":{"start":{"line":148,"column":2},"end":{"line":152,"column":3}},"type":"if","locations":[{"start":{"line":148,"column":2},"end":{"line":152,"column":3}},{"start":{"line":148,"column":2},"end":{"line":152,"column":3}}]}},"s":{"0":0,"1":0,"2":0,"3":0,"4":0,"5":0,"6":0,"7":0,"8":0,"9":0,"10":0,"11":0,"12":0,"13":0,"14":0,"15":0,"16":0,"17":0,"18":0,"19":0,"20":0,"21":0,"22":0,"23":0,"24":0,"25":0,"26":0,"27":0,"28":0,"29":0,"30":0,"31":0,"32":0,"33":0,"34":0,"35":0,"36":0,"37":0},"f":{"0":0,"1":0,"2":0,"3":0,"4":0,"5":0,"6":0,"7":0,"8":0,"9":0,"10":0,"11":0,"12":0,"13":0,"14":0},"b":{"0":[0,0,0],"1":[0,0],"2":[0,0],"3":[0,0],"4":[0,0],"5":[0,0],"6":[0,0],"7":[0,0],"8":[0,0],"9":[0,0],"10":[0,0],"11":[0,0],"12":[0,0],"13":[0,0,0],"14":[0,0]}}
,"/home/asma/cellery/mesh-observability/components/global/portal/io.cellery.observability.ui/src/components/App.js": {"path":"/home/asma/cellery/mesh-observability/components/global/portal/io.cellery.observability.ui/src/components/App.js","statementMap":{"0":{"start":{"line":37,"column":8},"end":{"line":37,"column":21}},"1":{"start":{"line":39,"column":8},"end":{"line":41,"column":10}},"2":{"start":{"line":43,"column":8},"end":{"line":43,"column":79}},"3":{"start":{"line":47,"column":8},"end":{"line":49,"column":11}},"4":{"start":{"line":53,"column":34},"end":{"line":53,"column":44}},"5":{"start":{"line":54,"column":8},"end":{"line":67,"column":24}},"6":{"start":{"line":62,"column":64},"end":{"line":62,"column":115}},"7":{"start":{"line":72,"column":0},"end":{"line":74,"column":2}},"8":{"start":{"line":76,"column":24},"end":{"line":76,"column":65}},"9":{"start":{"line":79,"column":14},"end":{"line":94,"column":2}},"10":{"start":{"line":101,"column":12},"end":{"line":114,"column":1}},"11":{"start":{"line":102,"column":4},"end":{"line":113,"column":23}}},"fnMap":{"0":{"name":"(anonymous_0)","decl":{"start":{"line":36,"column":4},"end":{"line":36,"column":5}},"loc":{"start":{"line":36,"column":23},"end":{"line":44,"column":5}},"line":36},"1":{"name":"(anonymous_1)","decl":{"start":{"line":46,"column":23},"end":{"line":46,"column":24}},"loc":{"start":{"line":46,"column":54},"end":{"line":50,"column":5}},"line":46},"2":{"name":"(anonymous_2)","decl":{"start":{"line":52,"column":13},"end":{"line":52,"column":14}},"loc":{"start":{"line":52,"column":19},"end":{"line":68,"column":5}},"line":52},"3":{"name":"(anonymous_3)","decl":{"start":{"line":62,"column":53},"end":{"line":62,"column":54}},"loc":{"start":{"line":62,"column":64},"end":{"line":62,"column":115}},"line":62},"4":{"name":"(anonymous_4)","decl":{"start":{"line":101,"column":12},"end":{"line":101,"column":13}},"loc":{"start":{"line":102,"column":4},"end":{"line":113,"column":23}},"line":102}},"branchMap":{"0":{"loc":{"start":{"line":54,"column":15},"end":{"line":67,"column":23}},"type":"cond-expr","locations":[{"start":{"line":56,"column":16},"end":{"line":65,"column":28}},{"start":{"line":67,"column":14},"end":{"line":67,"column":23}}],"line":54}},"s":{"0":0,"1":0,"2":0,"3":0,"4":0,"5":0,"6":0,"7":1,"8":1,"9":1,"10":1,"11":1},"f":{"0":0,"1":0,"2":0,"3":0,"4":1},"b":{"0":[0,0]},"_coverageSchema":"332fd63041d2c1bcb487cc26dd0d5f7d97098a6c","hash":"c49ea426b4f2f12f4665476d5129352169531ae8"}
,"/home/asma/cellery/mesh-observability/components/global/portal/io.cellery.observability.ui/src/components/SignIn.js": {"path":"/home/asma/cellery/mesh-observability/components/global/portal/io.cellery.observability.ui/src/components/SignIn.js","statementMap":{"0":{"start":{"line":29,"column":15},"end":{"line":70,"column":2}},"1":{"start":{"line":29,"column":27},"end":{"line":70,"column":1}},"2":{"start":{"line":72,"column":19},"end":{"line":72,"column":52}},"3":{"start":{"line":77,"column":30},"end":{"line":77,"column":40}},"4":{"start":{"line":79,"column":25},"end":{"line":79,"column":66}},"5":{"start":{"line":80,"column":8},"end":{"line":80,"column":48}},"6":{"start":{"line":84,"column":8},"end":{"line":86,"column":9}},"7":{"start":{"line":85,"column":12},"end":{"line":85,"column":31}},"8":{"start":{"line":90,"column":26},"end":{"line":90,"column":36}},"9":{"start":{"line":91,"column":8},"end":{"line":100,"column":10}},"10":{"start":{"line":104,"column":20},"end":{"line":104,"column":52}},"11":{"start":{"line":105,"column":29},"end":{"line":105,"column":53}},"12":{"start":{"line":106,"column":30},"end":{"line":106,"column":40}},"13":{"start":{"line":108,"column":8},"end":{"line":161,"column":9}},"14":{"start":{"line":109,"column":12},"end":{"line":156,"column":13}},"15":{"start":{"line":111,"column":16},"end":{"line":111,"column":64}},"16":{"start":{"line":112,"column":16},"end":{"line":123,"column":19}},"17":{"start":{"line":118,"column":20},"end":{"line":120,"column":89}},"18":{"start":{"line":122,"column":20},"end":{"line":122,"column":67}},"19":{"start":{"line":124,"column":19},"end":{"line":156,"column":13}},"20":{"start":{"line":125,"column":16},"end":{"line":136,"column":19}},"21":{"start":{"line":131,"column":20},"end":{"line":133,"column":89}},"22":{"start":{"line":135,"column":20},"end":{"line":135,"column":67}},"23":{"start":{"line":137,"column":19},"end":{"line":156,"column":13}},"24":{"start":{"line":138,"column":37},"end":{"line":138,"column":61}},"25":{"start":{"line":139,"column":16},"end":{"line":155,"column":19}},"26":{"start":{"line":145,"column":20},"end":{"line":145,"column":58}},"27":{"start":{"line":146,"column":36},"end":{"line":146,"column":51}},"28":{"start":{"line":147,"column":20},"end":{"line":147,"column":72}},"29":{"start":{"line":148,"column":34},"end":{"line":150,"column":21}},"30":{"start":{"line":152,"column":20},"end":{"line":152,"column":66}},"31":{"start":{"line":154,"column":20},"end":{"line":154,"column":66}},"32":{"start":{"line":157,"column":15},"end":{"line":161,"column":9}},"33":{"start":{"line":158,"column":12},"end":{"line":158,"column":54}},"34":{"start":{"line":159,"column":12},"end":{"line":160,"column":98}},"35":{"start":{"line":166,"column":0},"end":{"line":169,"column":2}}},"fnMap":{"0":{"name":"(anonymous_0)","decl":{"start":{"line":29,"column":15},"end":{"line":29,"column":16}},"loc":{"start":{"line":29,"column":27},"end":{"line":70,"column":1}},"line":29},"1":{"name":"(anonymous_1)","decl":{"start":{"line":76,"column":18},"end":{"line":76,"column":19}},"loc":{"start":{"line":76,"column":24},"end":{"line":81,"column":5}},"line":76},"2":{"name":"(anonymous_2)","decl":{"start":{"line":83,"column":21},"end":{"line":83,"column":22}},"loc":{"start":{"line":83,"column":32},"end":{"line":87,"column":5}},"line":83},"3":{"name":"(anonymous_3)","decl":{"start":{"line":89,"column":4},"end":{"line":89,"column":5}},"loc":{"start":{"line":89,"column":13},"end":{"line":101,"column":5}},"line":89},"4":{"name":"(anonymous_4)","decl":{"start":{"line":103,"column":4},"end":{"line":103,"column":5}},"loc":{"start":{"line":103,"column":24},"end":{"line":162,"column":5}},"line":103},"5":{"name":"(anonymous_5)","decl":{"start":{"line":117,"column":38},"end":{"line":117,"column":39}},"loc":{"start":{"line":117,"column":48},"end":{"line":121,"column":17}},"line":117},"6":{"name":"(anonymous_6)","decl":{"start":{"line":121,"column":25},"end":{"line":121,"column":26}},"loc":{"start":{"line":121,"column":34},"end":{"line":123,"column":17}},"line":121},"7":{"name":"(anonymous_7)","decl":{"start":{"line":130,"column":38},"end":{"line":130,"column":39}},"loc":{"start":{"line":130,"column":48},"end":{"line":134,"column":17}},"line":130},"8":{"name":"(anonymous_8)","decl":{"start":{"line":134,"column":25},"end":{"line":134,"column":26}},"loc":{"start":{"line":134,"column":34},"end":{"line":136,"column":17}},"line":134},"9":{"name":"(anonymous_9)","decl":{"start":{"line":144,"column":38},"end":{"line":144,"column":39}},"loc":{"start":{"line":144,"column":48},"end":{"line":153,"column":17}},"line":144},"10":{"name":"(anonymous_10)","decl":{"start":{"line":153,"column":25},"end":{"line":153,"column":26}},"loc":{"start":{"line":153,"column":34},"end":{"line":155,"column":17}},"line":153}},"branchMap":{"0":{"loc":{"start":{"line":84,"column":8},"end":{"line":86,"column":9}},"type":"if","locations":[{"start":{"line":84,"column":8},"end":{"line":86,"column":9}},{"start":{"line":84,"column":8},"end":{"line":86,"column":9}}],"line":84},"1":{"loc":{"start":{"line":108,"column":8},"end":{"line":161,"column":9}},"type":"if","locations":[{"start":{"line":108,"column":8},"end":{"line":161,"column":9}},{"start":{"line":108,"column":8},"end":{"line":161,"column":9}}],"line":108},"2":{"loc":{"start":{"line":108,"column":12},"end":{"line":108,"column":111}},"type":"binary-expr","locations":[{"start":{"line":108,"column":12},"end":{"line":108,"column":60}},{"start":{"line":108,"column":64},"end":{"line":108,"column":111}}],"line":108},"3":{"loc":{"start":{"line":109,"column":12},"end":{"line":156,"column":13}},"type":"if","locations":[{"start":{"line":109,"column":12},"end":{"line":156,"column":13}},{"start":{"line":109,"column":12},"end":{"line":156,"column":13}}],"line":109},"4":{"loc":{"start":{"line":109,"column":16},"end":{"line":110,"column":79}},"type":"binary-expr","locations":[{"start":{"line":109,"column":16},"end":{"line":109,"column":66}},{"start":{"line":110,"column":19},"end":{"line":110,"column":79}}],"line":109},"5":{"loc":{"start":{"line":124,"column":19},"end":{"line":156,"column":13}},"type":"if","locations":[{"start":{"line":124,"column":19},"end":{"line":156,"column":13}},{"start":{"line":124,"column":19},"end":{"line":156,"column":13}}],"line":124},"6":{"loc":{"start":{"line":124,"column":23},"end":{"line":124,"column":102}},"type":"binary-expr","locations":[{"start":{"line":124,"column":23},"end":{"line":124,"column":73}},{"start":{"line":124,"column":77},"end":{"line":124,"column":102}}],"line":124},"7":{"loc":{"start":{"line":137,"column":19},"end":{"line":156,"column":13}},"type":"if","locations":[{"start":{"line":137,"column":19},"end":{"line":156,"column":13}},{"start":{"line":137,"column":19},"end":{"line":156,"column":13}}],"line":137},"8":{"loc":{"start":{"line":137,"column":23},"end":{"line":137,"column":111}},"type":"binary-expr","locations":[{"start":{"line":137,"column":23},"end":{"line":137,"column":47}},{"start":{"line":137,"column":51},"end":{"line":137,"column":111}}],"line":137},"9":{"loc":{"start":{"line":157,"column":15},"end":{"line":161,"column":9}},"type":"if","locations":[{"start":{"line":157,"column":15},"end":{"line":161,"column":9}},{"start":{"line":157,"column":15},"end":{"line":161,"column":9}}],"line":157}},"s":{"0":1,"1":0,"2":1,"3":0,"4":0,"5":0,"6":0,"7":0,"8":0,"9":0,"10":0,"11":0,"12":0,"13":0,"14":0,"15":0,"16":0,"17":0,"18":0,"19":0,"20":0,"21":0,"22":0,"23":0,"24":0,"25":0,"26":0,"27":0,"28":0,"29":0,"30":0,"31":0,"32":0,"33":0,"34":0,"35":1},"f":{"0":0,"1":0,"2":0,"3":0,"4":0,"5":0,"6":0,"7":0,"8":0,"9":0,"10":0},"b":{"0":[0,0],"1":[0,0],"2":[0,0],"3":[0,0],"4":[0,0],"5":[0,0],"6":[0,0],"7":[0,0],"8":[0,0],"9":[0,0]},"_coverageSchema":"332fd63041d2c1bcb487cc26dd0d5f7d97098a6c","hash":"e4dfc2b843d4712754a2c638d2705a5d1f3c10e5"}
,"/home/asma/cellery/mesh-observability/components/global/portal/io.cellery.observability.ui/src/components/appLayout/MainAppBar.js": {"path":"/home/asma/cellery/mesh-observability/components/global/portal/io.cellery.observability.ui/src/components/appLayout/MainAppBar.js","statementMap":{"0":{"start":{"line":48,"column":15},"end":{"line":100,"column":2}},"1":{"start":{"line":48,"column":27},"end":{"line":100,"column":1}},"2":{"start":{"line":105,"column":8},"end":{"line":105,"column":21}},"3":{"start":{"line":107,"column":8},"end":{"line":111,"column":10}},"4":{"start":{"line":113,"column":8},"end":{"line":113,"column":59}},"5":{"start":{"line":117,"column":8},"end":{"line":119,"column":11}},"6":{"start":{"line":123,"column":8},"end":{"line":125,"column":11}},"7":{"start":{"line":129,"column":8},"end":{"line":131,"column":11}},"8":{"start":{"line":135,"column":8},"end":{"line":137,"column":11}},"9":{"start":{"line":141,"column":35},"end":{"line":141,"column":45}},"10":{"start":{"line":142,"column":8},"end":{"line":144,"column":9}},"11":{"start":{"line":143,"column":12},"end":{"line":143,"column":31}},"12":{"start":{"line":148,"column":8},"end":{"line":156,"column":9}},"13":{"start":{"line":150,"column":12},"end":{"line":150,"column":60}},"14":{"start":{"line":151,"column":12},"end":{"line":151,"column":41}},"15":{"start":{"line":153,"column":12},"end":{"line":155,"column":15}},"16":{"start":{"line":160,"column":8},"end":{"line":162,"column":11}},"17":{"start":{"line":166,"column":33},"end":{"line":166,"column":43}},"18":{"start":{"line":167,"column":8},"end":{"line":167,"column":37}},"19":{"start":{"line":171,"column":40},"end":{"line":171,"column":50}},"20":{"start":{"line":173,"column":29},"end":{"line":173,"column":71}},"21":{"start":{"line":174,"column":28},"end":{"line":174,"column":71}},"22":{"start":{"line":175,"column":8},"end":{"line":175,"column":99}},"23":{"start":{"line":176,"column":8},"end":{"line":176,"column":95}},"24":{"start":{"line":178,"column":8},"end":{"line":178,"column":108}},"25":{"start":{"line":182,"column":57},"end":{"line":182,"column":67}},"26":{"start":{"line":183,"column":104},"end":{"line":183,"column":114}},"27":{"start":{"line":185,"column":37},"end":{"line":185,"column":67}},"28":{"start":{"line":186,"column":44},"end":{"line":186,"column":81}},"29":{"start":{"line":187,"column":29},"end":{"line":187,"column":62}},"30":{"start":{"line":189,"column":8},"end":{"line":286,"column":10}},"31":{"start":{"line":276,"column":65},"end":{"line":276,"column":95}},"32":{"start":{"line":291,"column":0},"end":{"line":300,"column":2}}},"fnMap":{"0":{"name":"(anonymous_0)","decl":{"start":{"line":48,"column":15},"end":{"line":48,"column":16}},"loc":{"start":{"line":48,"column":27},"end":{"line":100,"column":1}},"line":48},"1":{"name":"(anonymous_1)","decl":{"start":{"line":104,"column":4},"end":{"line":104,"column":5}},"loc":{"start":{"line":104,"column":23},"end":{"line":114,"column":5}},"line":104},"2":{"name":"(anonymous_2)","decl":{"start":{"line":116,"column":38},"end":{"line":116,"column":39}},"loc":{"start":{"line":116,"column":49},"end":{"line":120,"column":5}},"line":116},"3":{"name":"(anonymous_3)","decl":{"start":{"line":122,"column":39},"end":{"line":122,"column":40}},"loc":{"start":{"line":122,"column":45},"end":{"line":126,"column":5}},"line":122},"4":{"name":"(anonymous_4)","decl":{"start":{"line":128,"column":31},"end":{"line":128,"column":32}},"loc":{"start":{"line":128,"column":42},"end":{"line":132,"column":5}},"line":128},"5":{"name":"(anonymous_5)","decl":{"start":{"line":134,"column":32},"end":{"line":134,"column":33}},"loc":{"start":{"line":134,"column":38},"end":{"line":138,"column":5}},"line":134},"6":{"name":"(anonymous_6)","decl":{"start":{"line":140,"column":27},"end":{"line":140,"column":28}},"loc":{"start":{"line":140,"column":33},"end":{"line":145,"column":5}},"line":140},"7":{"name":"(anonymous_7)","decl":{"start":{"line":147,"column":35},"end":{"line":147,"column":36}},"loc":{"start":{"line":147,"column":41},"end":{"line":157,"column":5}},"line":147},"8":{"name":"(anonymous_8)","decl":{"start":{"line":159,"column":40},"end":{"line":159,"column":41}},"loc":{"start":{"line":159,"column":46},"end":{"line":163,"column":5}},"line":159},"9":{"name":"(anonymous_9)","decl":{"start":{"line":165,"column":23},"end":{"line":165,"column":24}},"loc":{"start":{"line":165,"column":29},"end":{"line":168,"column":5}},"line":165},"10":{"name":"(anonymous_10)","decl":{"start":{"line":170,"column":23},"end":{"line":170,"column":24}},"loc":{"start":{"line":170,"column":29},"end":{"line":179,"column":5}},"line":170},"11":{"name":"(anonymous_11)","decl":{"start":{"line":181,"column":4},"end":{"line":181,"column":5}},"loc":{"start":{"line":181,"column":13},"end":{"line":287,"column":5}},"line":181},"12":{"name":"(anonymous_12)","decl":{"start":{"line":276,"column":59},"end":{"line":276,"column":60}},"loc":{"start":{"line":276,"column":65},"end":{"line":276,"column":95}},"line":276}},"branchMap":{"0":{"loc":{"start":{"line":142,"column":8},"end":{"line":144,"column":9}},"type":"if","locations":[{"start":{"line":142,"column":8},"end":{"line":144,"column":9}},{"start":{"line":142,"column":8},"end":{"line":144,"column":9}}],"line":142},"1":{"loc":{"start":{"line":148,"column":8},"end":{"line":156,"column":9}},"type":"if","locations":[{"start":{"line":148,"column":8},"end":{"line":156,"column":9}},{"start":{"line":148,"column":8},"end":{"line":156,"column":9}}],"line":148},"2":{"loc":{"start":{"line":205,"column":24},"end":{"line":282,"column":34}},"type":"cond-expr","locations":[{"start":{"line":207,"column":32},"end":{"line":280,"column":38}},{"start":{"line":282,"column":30},"end":{"line":282,"column":34}}],"line":205},"3":{"loc":{"start":{"line":215,"column":55},"end":{"line":215,"column":114}},"type":"cond-expr","locations":[{"start":{"line":215,"column":85},"end":{"line":215,"column":102}},{"start":{"line":215,"column":105},"end":{"line":215,"column":114}}],"line":215},"4":{"loc":{"start":{"line":254,"column":51},"end":{"line":254,"column":104}},"type":"cond-expr","locations":[{"start":{"line":254,"column":74},"end":{"line":254,"column":92}},{"start":{"line":254,"column":95},"end":{"line":254,"column":104}}],"line":254}},"s":{"0":1,"1":0,"2":0,"3":0,"4":0,"5":0,"6":0,"7":0,"8":0,"9":0,"10":0,"11":0,"12":0,"13":0,"14":0,"15":0,"16":0,"17":0,"18":0,"19":0,"20":0,"21":0,"22":0,"23":0,"24":0,"25":0,"26":0,"27":0,"28":0,"29":0,"30":0,"31":0,"32":1},"f":{"0":0,"1":0,"2":0,"3":0,"4":0,"5":0,"6":0,"7":0,"8":0,"9":0,"10":0,"11":0,"12":0},"b":{"0":[0,0],"1":[0,0],"2":[0,0],"3":[0,0],"4":[0,0]},"_coverageSchema":"332fd63041d2c1bcb487cc26dd0d5f7d97098a6c","hash":"273e953af81985ea5717bb7a78a9b6206c4acd8f"}
,"/home/asma/cellery/mesh-observability/components/global/portal/io.cellery.observability.ui/src/components/appLayout/SideNavBar.js": {"path":"/home/asma/cellery/mesh-observability/components/global/portal/io.cellery.observability.ui/src/components/appLayout/SideNavBar.js","statementMap":{"0":{"start":{"line":37,"column":15},"end":{"line":78,"column":2}},"1":{"start":{"line":37,"column":27},"end":{"line":78,"column":1}},"2":{"start":{"line":83,"column":36},"end":{"line":83,"column":46}},"3":{"start":{"line":84,"column":8},"end":{"line":86,"column":9}},"4":{"start":{"line":85,"column":12},"end":{"line":85,"column":32}},"5":{"start":{"line":90,"column":26},"end":{"line":90,"column":36}},"6":{"start":{"line":92,"column":8},"end":{"line":94,"column":11}},"7":{"start":{"line":98,"column":61},"end":{"line":98,"column":71}},"8":{"start":{"line":100,"column":22},"end":{"line":104,"column":9}},"9":{"start":{"line":105,"column":28},"end":{"line":105,"column":29}},"10":{"start":{"line":106,"column":8},"end":{"line":110,"column":9}},"11":{"start":{"line":107,"column":12},"end":{"line":109,"column":13}},"12":{"start":{"line":108,"column":16},"end":{"line":108,"column":34}},"13":{"start":{"line":112,"column":8},"end":{"line":175,"column":10}},"14":{"start":{"line":136,"column":32},"end":{"line":136,"column":73}},"15":{"start":{"line":150,"column":32},"end":{"line":150,"column":73}},"16":{"start":{"line":164,"column":32},"end":{"line":164,"column":73}},"17":{"start":{"line":180,"column":0},"end":{"line":191,"column":2}}},"fnMap":{"0":{"name":"(anonymous_0)","decl":{"start":{"line":37,"column":15},"end":{"line":37,"column":16}},"loc":{"start":{"line":37,"column":27},"end":{"line":78,"column":1}},"line":37},"1":{"name":"(anonymous_1)","decl":{"start":{"line":82,"column":28},"end":{"line":82,"column":29}},"loc":{"start":{"line":82,"column":34},"end":{"line":87,"column":5}},"line":82},"2":{"name":"(anonymous_2)","decl":{"start":{"line":89,"column":25},"end":{"line":89,"column":26}},"loc":{"start":{"line":89,"column":35},"end":{"line":95,"column":5}},"line":89},"3":{"name":"(anonymous_3)","decl":{"start":{"line":97,"column":4},"end":{"line":97,"column":5}},"loc":{"start":{"line":97,"column":13},"end":{"line":176,"column":5}},"line":97},"4":{"name":"(anonymous_4)","decl":{"start":{"line":135,"column":37},"end":{"line":135,"column":38}},"loc":{"start":{"line":135,"column":48},"end":{"line":137,"column":29}},"line":135},"5":{"name":"(anonymous_5)","decl":{"start":{"line":149,"column":37},"end":{"line":149,"column":38}},"loc":{"start":{"line":149,"column":48},"end":{"line":151,"column":29}},"line":149},"6":{"name":"(anonymous_6)","decl":{"start":{"line":163,"column":37},"end":{"line":163,"column":38}},"loc":{"start":{"line":163,"column":48},"end":{"line":165,"column":29}},"line":163}},"branchMap":{"0":{"loc":{"start":{"line":84,"column":8},"end":{"line":86,"column":9}},"type":"if","locations":[{"start":{"line":84,"column":8},"end":{"line":86,"column":9}},{"start":{"line":84,"column":8},"end":{"line":86,"column":9}}],"line":84},"1":{"loc":{"start":{"line":107,"column":12},"end":{"line":109,"column":13}},"type":"if","locations":[{"start":{"line":107,"column":12},"end":{"line":109,"column":13}},{"start":{"line":107,"column":12},"end":{"line":109,"column":13}}],"line":107},"2":{"loc":{"start":{"line":126,"column":25},"end":{"line":126,"column":93}},"type":"cond-expr","locations":[{"start":{"line":126,"column":53},"end":{"line":126,"column":72}},{"start":{"line":126,"column":75},"end":{"line":126,"column":93}}],"line":126}},"s":{"0":1,"1":0,"2":0,"3":0,"4":0,"5":0,"6":0,"7":0,"8":0,"9":0,"10":0,"11":0,"12":0,"13":0,"14":0,"15":0,"16":0,"17":1},"f":{"0":0,"1":0,"2":0,"3":0,"4":0,"5":0,"6":0},"b":{"0":[0,0],"1":[0,0],"2":[0,0]},"_coverageSchema":"332fd63041d2c1bcb487cc26dd0d5f7d97098a6c","hash":"2c81921bceca30f37e4a04d36b571ba84ea263fc"}
,"/home/asma/cellery/mesh-observability/components/global/portal/io.cellery.observability.ui/src/components/appLayout/index.js": {"path":"/home/asma/cellery/mesh-observability/components/global/portal/io.cellery.observability.ui/src/components/appLayout/index.js","statementMap":{"0":{"start":{"line":35,"column":15},"end":{"line":94,"column":2}},"1":{"start":{"line":35,"column":27},"end":{"line":94,"column":1}},"2":{"start":{"line":99,"column":8},"end":{"line":99,"column":21}},"3":{"start":{"line":101,"column":29},"end":{"line":101,"column":77}},"4":{"start":{"line":102,"column":34},"end":{"line":102,"column":87}},"5":{"start":{"line":104,"column":8},"end":{"line":112,"column":10}},"6":{"start":{"line":114,"column":8},"end":{"line":114,"column":96}},"7":{"start":{"line":115,"column":8},"end":{"line":115,"column":106}},"8":{"start":{"line":119,"column":8},"end":{"line":121,"column":11}},"9":{"start":{"line":125,"column":8},"end":{"line":127,"column":11}},"10":{"start":{"line":131,"column":8},"end":{"line":136,"column":11}},"11":{"start":{"line":140,"column":8},"end":{"line":146,"column":11}},"12":{"start":{"line":150,"column":30},"end":{"line":150,"column":40}},"13":{"start":{"line":151,"column":8},"end":{"line":151,"column":57}},"14":{"start":{"line":155,"column":26},"end":{"line":155,"column":36}},"15":{"start":{"line":156,"column":36},"end":{"line":156,"column":46}},"16":{"start":{"line":159,"column":8},"end":{"line":171,"column":9}},"17":{"start":{"line":161,"column":16},"end":{"line":161,"column":35}},"18":{"start":{"line":162,"column":16},"end":{"line":162,"column":22}},"19":{"start":{"line":164,"column":16},"end":{"line":164,"column":31}},"20":{"start":{"line":165,"column":16},"end":{"line":165,"column":22}},"21":{"start":{"line":167,"column":16},"end":{"line":167,"column":29}},"22":{"start":{"line":168,"column":16},"end":{"line":168,"column":22}},"23":{"start":{"line":170,"column":16},"end":{"line":170,"column":28}},"24":{"start":{"line":173,"column":8},"end":{"line":178,"column":10}},"25":{"start":{"line":182,"column":36},"end":{"line":182,"column":46}},"26":{"start":{"line":183,"column":68},"end":{"line":183,"column":78}},"27":{"start":{"line":185,"column":8},"end":{"line":220,"column":10}},"28":{"start":{"line":225,"column":0},"end":{"line":230,"column":2}}},"fnMap":{"0":{"name":"(anonymous_0)","decl":{"start":{"line":35,"column":15},"end":{"line":35,"column":16}},"loc":{"start":{"line":35,"column":27},"end":{"line":94,"column":1}},"line":35},"1":{"name":"(anonymous_1)","decl":{"start":{"line":98,"column":4},"end":{"line":98,"column":5}},"loc":{"start":{"line":98,"column":23},"end":{"line":116,"column":5}},"line":98},"2":{"name":"(anonymous_2)","decl":{"start":{"line":118,"column":27},"end":{"line":118,"column":28}},"loc":{"start":{"line":118,"column":33},"end":{"line":122,"column":5}},"line":118},"3":{"name":"(anonymous_3)","decl":{"start":{"line":124,"column":28},"end":{"line":124,"column":29}},"loc":{"start":{"line":124,"column":34},"end":{"line":128,"column":5}},"line":124},"4":{"name":"(anonymous_4)","decl":{"start":{"line":130,"column":31},"end":{"line":130,"column":32}},"loc":{"start":{"line":130,"column":72},"end":{"line":137,"column":5}},"line":130},"5":{"name":"(anonymous_5)","decl":{"start":{"line":139,"column":36},"end":{"line":139,"column":37}},"loc":{"start":{"line":139,"column":82},"end":{"line":147,"column":5}},"line":139},"6":{"name":"(anonymous_6)","decl":{"start":{"line":149,"column":30},"end":{"line":149,"column":31}},"loc":{"start":{"line":149,"column":36},"end":{"line":152,"column":5}},"line":149},"7":{"name":"(anonymous_7)","decl":{"start":{"line":154,"column":30},"end":{"line":154,"column":31}},"loc":{"start":{"line":154,"column":36},"end":{"line":179,"column":5}},"line":154},"8":{"name":"(anonymous_8)","decl":{"start":{"line":181,"column":13},"end":{"line":181,"column":14}},"loc":{"start":{"line":181,"column":19},"end":{"line":221,"column":5}},"line":181}},"branchMap":{"0":{"loc":{"start":{"line":159,"column":8},"end":{"line":171,"column":9}},"type":"switch","locations":[{"start":{"line":160,"column":12},"end":{"line":162,"column":22}},{"start":{"line":163,"column":12},"end":{"line":165,"column":22}},{"start":{"line":166,"column":12},"end":{"line":168,"column":22}},{"start":{"line":169,"column":12},"end":{"line":170,"column":28}}],"line":159},"1":{"loc":{"start":{"line":191,"column":33},"end":{"line":191,"column":74}},"type":"cond-expr","locations":[{"start":{"line":191,"column":58},"end":{"line":191,"column":65}},{"start":{"line":191,"column":68},"end":{"line":191,"column":74}}],"line":191},"2":{"loc":{"start":{"line":198,"column":37},"end":{"line":198,"column":92}},"type":"cond-expr","locations":[{"start":{"line":198,"column":60},"end":{"line":198,"column":80}},{"start":{"line":198,"column":83},"end":{"line":198,"column":92}}],"line":198}},"s":{"0":1,"1":0,"2":0,"3":0,"4":0,"5":0,"6":0,"7":0,"8":0,"9":0,"10":0,"11":0,"12":0,"13":0,"14":0,"15":0,"16":0,"17":0,"18":0,"19":0,"20":0,"21":0,"22":0,"23":0,"24":0,"25":0,"26":0,"27":0,"28":1},"f":{"0":0,"1":0,"2":0,"3":0,"4":0,"5":0,"6":0,"7":0,"8":0},"b":{"0":[0,0,0,0],"1":[0,0],"2":[0,0]},"_coverageSchema":"332fd63041d2c1bcb487cc26dd0d5f7d97098a6c","hash":"1ff294d25ffea884ffdb5145c4ba0c5d9cf17f37"}
,"/home/asma/cellery/mesh-observability/components/global/portal/io.cellery.observability.ui/src/components/cells/CellList.js": {"path":"/home/asma/cellery/mesh-observability/components/global/portal/io.cellery.observability.ui/src/components/cells/CellList.js","statementMap":{"0":{"start":{"line":31,"column":15},"end":{"line":36,"column":2}},"1":{"start":{"line":31,"column":27},"end":{"line":36,"column":1}},"2":{"start":{"line":41,"column":8},"end":{"line":41,"column":21}},"3":{"start":{"line":43,"column":8},"end":{"line":46,"column":10}},"4":{"start":{"line":50,"column":30},"end":{"line":50,"column":40}},"5":{"start":{"line":51,"column":21},"end":{"line":51,"column":25}},"6":{"start":{"line":53,"column":23},"end":{"line":56,"column":9}},"7":{"start":{"line":58,"column":8},"end":{"line":63,"column":9}},"8":{"start":{"line":59,"column":12},"end":{"line":59,"column":83}},"9":{"start":{"line":60,"column":12},"end":{"line":62,"column":15}},"10":{"start":{"line":64,"column":8},"end":{"line":100,"column":11}},"11":{"start":{"line":71,"column":29},"end":{"line":77,"column":15}},"12":{"start":{"line":71,"column":53},"end":{"line":77,"column":13}},"13":{"start":{"line":79,"column":12},"end":{"line":81,"column":15}},"14":{"start":{"line":82,"column":12},"end":{"line":87,"column":13}},"15":{"start":{"line":83,"column":16},"end":{"line":83,"column":66}},"16":{"start":{"line":84,"column":16},"end":{"line":86,"column":19}},"17":{"start":{"line":89,"column":12},"end":{"line":99,"column":13}},"18":{"start":{"line":90,"column":16},"end":{"line":90,"column":66}},"19":{"start":{"line":91,"column":16},"end":{"line":93,"column":19}},"20":{"start":{"line":94,"column":16},"end":{"line":98,"column":18}},"21":{"start":{"line":104,"column":33},"end":{"line":104,"column":43}},"22":{"start":{"line":105,"column":38},"end":{"line":105,"column":48}},"23":{"start":{"line":106,"column":24},"end":{"line":140,"column":9}},"24":{"start":{"line":110,"column":49},"end":{"line":110,"column":81}},"25":{"start":{"line":116,"column":49},"end":{"line":116,"column":98}},"26":{"start":{"line":122,"column":49},"end":{"line":122,"column":79}},"27":{"start":{"line":128,"column":49},"end":{"line":128,"column":79}},"28":{"start":{"line":134,"column":50},"end":{"line":134,"column":67}},"29":{"start":{"line":141,"column":24},"end":{"line":143,"column":9}},"30":{"start":{"line":146,"column":29},"end":{"line":146,"column":31}},"31":{"start":{"line":147,"column":56},"end":{"line":156,"column":9}},"32":{"start":{"line":148,"column":12},"end":{"line":155,"column":13}},"33":{"start":{"line":149,"column":16},"end":{"line":154,"column":18}},"34":{"start":{"line":157,"column":8},"end":{"line":167,"column":9}},"35":{"start":{"line":158,"column":12},"end":{"line":158,"column":74}},"36":{"start":{"line":159,"column":12},"end":{"line":159,"column":79}},"37":{"start":{"line":161,"column":12},"end":{"line":164,"column":13}},"38":{"start":{"line":162,"column":16},"end":{"line":162,"column":100}},"39":{"start":{"line":163,"column":16},"end":{"line":163,"column":96}},"40":{"start":{"line":165,"column":12},"end":{"line":165,"column":91}},"41":{"start":{"line":166,"column":12},"end":{"line":166,"column":117}},"42":{"start":{"line":170,"column":26},"end":{"line":170,"column":28}},"43":{"start":{"line":171,"column":8},"end":{"line":183,"column":9}},"44":{"start":{"line":172,"column":12},"end":{"line":182,"column":13}},"45":{"start":{"line":173,"column":33},"end":{"line":173,"column":51}},"46":{"start":{"line":174,"column":16},"end":{"line":181,"column":19}},"47":{"start":{"line":185,"column":8},"end":{"line":206,"column":10}},"48":{"start":{"line":211,"column":0},"end":{"line":217,"column":2}}},"fnMap":{"0":{"name":"(anonymous_0)","decl":{"start":{"line":31,"column":15},"end":{"line":31,"column":16}},"loc":{"start":{"line":31,"column":27},"end":{"line":36,"column":1}},"line":31},"1":{"name":"(anonymous_1)","decl":{"start":{"line":40,"column":4},"end":{"line":40,"column":5}},"loc":{"start":{"line":40,"column":23},"end":{"line":47,"column":5}},"line":40},"2":{"name":"(anonymous_2)","decl":{"start":{"line":49,"column":19},"end":{"line":49,"column":20}},"loc":{"start":{"line":49,"column":67},"end":{"line":101,"column":5}},"line":49},"3":{"name":"(anonymous_3)","decl":{"start":{"line":70,"column":15},"end":{"line":70,"column":16}},"loc":{"start":{"line":70,"column":25},"end":{"line":88,"column":9}},"line":70},"4":{"name":"(anonymous_4)","decl":{"start":{"line":71,"column":38},"end":{"line":71,"column":39}},"loc":{"start":{"line":71,"column":53},"end":{"line":77,"column":13}},"line":71},"5":{"name":"(anonymous_5)","decl":{"start":{"line":88,"column":17},"end":{"line":88,"column":18}},"loc":{"start":{"line":88,"column":23},"end":{"line":100,"column":9}},"line":88},"6":{"name":"(anonymous_6)","decl":{"start":{"line":103,"column":13},"end":{"line":103,"column":14}},"loc":{"start":{"line":103,"column":19},"end":{"line":207,"column":5}},"line":103},"7":{"name":"(anonymous_7)","decl":{"start":{"line":110,"column":38},"end":{"line":110,"column":39}},"loc":{"start":{"line":110,"column":49},"end":{"line":110,"column":81}},"line":110},"8":{"name":"(anonymous_8)","decl":{"start":{"line":116,"column":38},"end":{"line":116,"column":39}},"loc":{"start":{"line":116,"column":49},"end":{"line":116,"column":98}},"line":116},"9":{"name":"(anonymous_9)","decl":{"start":{"line":122,"column":38},"end":{"line":122,"column":39}},"loc":{"start":{"line":122,"column":49},"end":{"line":122,"column":79}},"line":122},"10":{"name":"(anonymous_10)","decl":{"start":{"line":128,"column":38},"end":{"line":128,"column":39}},"loc":{"start":{"line":128,"column":49},"end":{"line":128,"column":79}},"line":128},"11":{"name":"(anonymous_11)","decl":{"start":{"line":134,"column":38},"end":{"line":134,"column":39}},"loc":{"start":{"line":134,"column":50},"end":{"line":134,"column":67}},"line":134},"12":{"name":"(anonymous_12)","decl":{"start":{"line":147,"column":56},"end":{"line":147,"column":57}},"loc":{"start":{"line":147,"column":66},"end":{"line":156,"column":9}},"line":147}},"branchMap":{"0":{"loc":{"start":{"line":58,"column":8},"end":{"line":63,"column":9}},"type":"if","locations":[{"start":{"line":58,"column":8},"end":{"line":63,"column":9}},{"start":{"line":58,"column":8},"end":{"line":63,"column":9}}],"line":58},"1":{"loc":{"start":{"line":82,"column":12},"end":{"line":87,"column":13}},"type":"if","locations":[{"start":{"line":82,"column":12},"end":{"line":87,"column":13}},{"start":{"line":82,"column":12},"end":{"line":87,"column":13}}],"line":82},"2":{"loc":{"start":{"line":89,"column":12},"end":{"line":99,"column":13}},"type":"if","locations":[{"start":{"line":89,"column":12},"end":{"line":99,"column":13}},{"start":{"line":89,"column":12},"end":{"line":99,"column":13}}],"line":89},"3":{"loc":{"start":{"line":148,"column":12},"end":{"line":155,"column":13}},"type":"if","locations":[{"start":{"line":148,"column":12},"end":{"line":155,"column":13}},{"start":{"line":148,"column":12},"end":{"line":155,"column":13}}],"line":148},"4":{"loc":{"start":{"line":161,"column":12},"end":{"line":164,"column":13}},"type":"if","locations":[{"start":{"line":161,"column":12},"end":{"line":164,"column":13}},{"start":{"line":161,"column":12},"end":{"line":164,"column":13}}],"line":161},"5":{"loc":{"start":{"line":172,"column":12},"end":{"line":182,"column":13}},"type":"if","locations":[{"start":{"line":172,"column":12},"end":{"line":182,"column":13}},{"start":{"line":172,"column":12},"end":{"line":182,"column":13}}],"line":172},"6":{"loc":{"start":{"line":172,"column":16},"end":{"line":172,"column":66}},"type":"binary-expr","locations":[{"start":{"line":172,"column":16},"end":{"line":172,"column":49}},{"start":{"line":172,"column":53},"end":{"line":172,"column":66}}],"line":172},"7":{"loc":{"start":{"line":175,"column":20},"end":{"line":175,"column":109}},"type":"cond-expr","locations":[{"start":{"line":175,"column":50},"end":{"line":175,"column":52}},{"start":{"line":175,"column":55},"end":{"line":175,"column":109}}],"line":175},"8":{"loc":{"start":{"line":177,"column":20},"end":{"line":177,"column":104}},"type":"cond-expr","locations":[{"start":{"line":177,"column":50},"end":{"line":177,"column":51}},{"start":{"line":177,"column":54},"end":{"line":177,"column":104}}],"line":177},"9":{"loc":{"start":{"line":178,"column":20},"end":{"line":178,"column":105}},"type":"cond-expr","locations":[{"start":{"line":178,"column":50},"end":{"line":178,"column":51}},{"start":{"line":178,"column":54},"end":{"line":178,"column":105}}],"line":178},"10":{"loc":{"start":{"line":179,"column":20},"end":{"line":179,"column":112}},"type":"cond-expr","locations":[{"start":{"line":179,"column":50},"end":{"line":179,"column":51}},{"start":{"line":179,"column":54},"end":{"line":179,"column":112}}],"line":179},"11":{"loc":{"start":{"line":189,"column":20},"end":{"line":203,"column":25}},"type":"cond-expr","locations":[{"start":{"line":190,"column":26},"end":{"line":190,"column":30}},{"start":{"line":192,"column":28},"end":{"line":202,"column":36}}],"line":189},"12":{"loc":{"start":{"line":194,"column":36},"end":{"line":200,"column":41}},"type":"cond-expr","locations":[{"start":{"line":195,"column":42},"end":{"line":195,"column":107}},{"start":{"line":197,"column":44},"end":{"line":199,"column":69}}],"line":194}},"s":{"0":1,"1":0,"2":0,"3":0,"4":0,"5":0,"6":0,"7":0,"8":0,"9":0,"10":0,"11":0,"12":0,"13":0,"14":0,"15":0,"16":0,"17":0,"18":0,"19":0,"20":0,"21":0,"22":0,"23":0,"24":0,"25":0,"26":0,"27":0,"28":0,"29":0,"30":0,"31":0,"32":0,"33":0,"34":0,"35":0,"36":0,"37":0,"38":0,"39":0,"40":0,"41":0,"42":0,"43":0,"44":0,"45":0,"46":0,"47":0,"48":1},"f":{"0":0,"1":0,"2":0,"3":0,"4":0,"5":0,"6":0,"7":0,"8":0,"9":0,"10":0,"11":0,"12":0},"b":{"0":[0,0],"1":[0,0],"2":[0,0],"3":[0,0],"4":[0,0],"5":[0,0],"6":[0,0],"7":[0,0],"8":[0,0],"9":[0,0],"10":[0,0],"11":[0,0],"12":[0,0]},"_coverageSchema":"332fd63041d2c1bcb487cc26dd0d5f7d97098a6c","hash":"442112dc821070fcba897429455cc63b12d2bbc4"}
,"/home/asma/cellery/mesh-observability/components/global/portal/io.cellery.observability.ui/src/components/cells/index.js": {"path":"/home/asma/cellery/mesh-observability/components/global/portal/io.cellery.observability.ui/src/components/cells/index.js","statementMap":{"0":{"start":{"line":27,"column":14},"end":{"line":34,"column":1}},"1":{"start":{"line":28,"column":4},"end":{"line":33,"column":13}},"2":{"start":{"line":32,"column":58},"end":{"line":32,"column":109}},"3":{"start":{"line":36,"column":0},"end":{"line":41,"column":2}}},"fnMap":{"0":{"name":"(anonymous_0)","decl":{"start":{"line":27,"column":14},"end":{"line":27,"column":15}},"loc":{"start":{"line":28,"column":4},"end":{"line":33,"column":13}},"line":28},"1":{"name":"(anonymous_1)","decl":{"start":{"line":32,"column":47},"end":{"line":32,"column":48}},"loc":{"start":{"line":32,"column":58},"end":{"line":32,"column":109}},"line":32}},"branchMap":{},"s":{"0":1,"1":0,"2":0,"3":1},"f":{"0":0,"1":0},"b":{},"_coverageSchema":"332fd63041d2c1bcb487cc26dd0d5f7d97098a6c","hash":"7423d3694f4a8be2dab747666775e39add1dde95"}
,"/home/asma/cellery/mesh-observability/components/global/portal/io.cellery.observability.ui/src/components/cells/cell/CellDependencyView.js": {"path":"/home/asma/cellery/mesh-observability/components/global/portal/io.cellery.observability.ui/src/components/cells/cell/CellDependencyView.js","statementMap":{"0":{"start":{"line":33,"column":15},"end":{"line":62,"column":2}},"1":{"start":{"line":33,"column":27},"end":{"line":62,"column":1}},"2":{"start":{"line":67,"column":8},"end":{"line":67,"column":21}},"3":{"start":{"line":68,"column":8},"end":{"line":73,"column":10}},"4":{"start":{"line":77,"column":30},"end":{"line":77,"column":40}},"5":{"start":{"line":79,"column":8},"end":{"line":83,"column":10}},"6":{"start":{"line":87,"column":36},"end":{"line":87,"column":46}},"7":{"start":{"line":88,"column":21},"end":{"line":88,"column":25}},"8":{"start":{"line":90,"column":23},"end":{"line":93,"column":9}},"9":{"start":{"line":95,"column":8},"end":{"line":97,"column":9}},"10":{"start":{"line":96,"column":12},"end":{"line":96,"column":95}},"11":{"start":{"line":98,"column":8},"end":{"line":123,"column":11}},"12":{"start":{"line":105,"column":12},"end":{"line":110,"column":15}},"13":{"start":{"line":111,"column":12},"end":{"line":113,"column":13}},"14":{"start":{"line":112,"column":16},"end":{"line":112,"column":66}},"15":{"start":{"line":115,"column":12},"end":{"line":122,"column":13}},"16":{"start":{"line":116,"column":16},"end":{"line":116,"column":66}},"17":{"start":{"line":117,"column":16},"end":{"line":121,"column":18}},"18":{"start":{"line":131,"column":48},"end":{"line":131,"column":58}},"19":{"start":{"line":132,"column":34},"end":{"line":132,"column":62}},"20":{"start":{"line":134,"column":30},"end":{"line":144,"column":9}},"21":{"start":{"line":135,"column":26},"end":{"line":135,"column":93}},"22":{"start":{"line":136,"column":33},"end":{"line":136,"column":72}},"23":{"start":{"line":138,"column":29},"end":{"line":141,"column":26}},"24":{"start":{"line":143,"column":12},"end":{"line":143,"column":86}},"25":{"start":{"line":146,"column":26},"end":{"line":146,"column":47}},"26":{"start":{"line":147,"column":26},"end":{"line":147,"column":47}},"27":{"start":{"line":150,"column":8},"end":{"line":166,"column":9}},"28":{"start":{"line":151,"column":12},"end":{"line":156,"column":14}},"29":{"start":{"line":158,"column":12},"end":{"line":165,"column":14}},"30":{"start":{"line":167,"column":8},"end":{"line":178,"column":10}},"31":{"start":{"line":183,"column":0},"end":{"line":188,"column":2}}},"fnMap":{"0":{"name":"(anonymous_0)","decl":{"start":{"line":33,"column":15},"end":{"line":33,"column":16}},"loc":{"start":{"line":33,"column":27},"end":{"line":62,"column":1}},"line":33},"1":{"name":"(anonymous_1)","decl":{"start":{"line":66,"column":4},"end":{"line":66,"column":5}},"loc":{"start":{"line":66,"column":23},"end":{"line":74,"column":5}},"line":66},"2":{"name":"(anonymous_2)","decl":{"start":{"line":76,"column":24},"end":{"line":76,"column":25}},"loc":{"start":{"line":76,"column":30},"end":{"line":84,"column":5}},"line":76},"3":{"name":"(anonymous_3)","decl":{"start":{"line":86,"column":13},"end":{"line":86,"column":14}},"loc":{"start":{"line":86,"column":61},"end":{"line":124,"column":5}},"line":86},"4":{"name":"(anonymous_4)","decl":{"start":{"line":104,"column":15},"end":{"line":104,"column":16}},"loc":{"start":{"line":104,"column":25},"end":{"line":114,"column":9}},"line":104},"5":{"name":"(anonymous_5)","decl":{"start":{"line":114,"column":17},"end":{"line":114,"column":18}},"loc":{"start":{"line":114,"column":23},"end":{"line":123,"column":9}},"line":114},"6":{"name":"(anonymous_6)","decl":{"start":{"line":126,"column":18},"end":{"line":126,"column":19}},"loc":{"start":{"line":126,"column":30},"end":{"line":128,"column":5}},"line":126},"7":{"name":"(anonymous_7)","decl":{"start":{"line":130,"column":13},"end":{"line":130,"column":14}},"loc":{"start":{"line":130,"column":19},"end":{"line":179,"column":5}},"line":130},"8":{"name":"(anonymous_8)","decl":{"start":{"line":134,"column":30},"end":{"line":134,"column":31}},"loc":{"start":{"line":134,"column":51},"end":{"line":144,"column":9}},"line":134}},"branchMap":{"0":{"loc":{"start":{"line":95,"column":8},"end":{"line":97,"column":9}},"type":"if","locations":[{"start":{"line":95,"column":8},"end":{"line":97,"column":9}},{"start":{"line":95,"column":8},"end":{"line":97,"column":9}}],"line":95},"1":{"loc":{"start":{"line":111,"column":12},"end":{"line":113,"column":13}},"type":"if","locations":[{"start":{"line":111,"column":12},"end":{"line":113,"column":13}},{"start":{"line":111,"column":12},"end":{"line":113,"column":13}}],"line":111},"2":{"loc":{"start":{"line":115,"column":12},"end":{"line":122,"column":13}},"type":"if","locations":[{"start":{"line":115,"column":12},"end":{"line":122,"column":13}},{"start":{"line":115,"column":12},"end":{"line":122,"column":13}}],"line":115},"3":{"loc":{"start":{"line":139,"column":52},"end":{"line":139,"column":93}},"type":"cond-expr","locations":[{"start":{"line":139,"column":72},"end":{"line":139,"column":78}},{"start":{"line":139,"column":81},"end":{"line":139,"column":93}}],"line":139},"4":{"loc":{"start":{"line":150,"column":8},"end":{"line":166,"column":9}},"type":"if","locations":[{"start":{"line":150,"column":8},"end":{"line":166,"column":9}},{"start":{"line":150,"column":8},"end":{"line":166,"column":9}}],"line":150}},"s":{"0":1,"1":0,"2":0,"3":0,"4":0,"5":0,"6":0,"7":0,"8":0,"9":0,"10":0,"11":0,"12":0,"13":0,"14":0,"15":0,"16":0,"17":0,"18":0,"19":0,"20":0,"21":0,"22":0,"23":0,"24":0,"25":0,"26":0,"27":0,"28":0,"29":0,"30":0,"31":1},"f":{"0":0,"1":0,"2":0,"3":0,"4":0,"5":0,"6":0,"7":0,"8":0},"b":{"0":[0,0],"1":[0,0],"2":[0,0],"3":[0,0],"4":[0,0]},"_coverageSchema":"332fd63041d2c1bcb487cc26dd0d5f7d97098a6c","hash":"a1d9c7f5004917f161e95afe2cc26c76ca912195"}
,"/home/asma/cellery/mesh-observability/components/global/portal/io.cellery.observability.ui/src/components/cells/cell/ComponentList.js": {"path":"/home/asma/cellery/mesh-observability/components/global/portal/io.cellery.observability.ui/src/components/cells/cell/ComponentList.js","statementMap":{"0":{"start":{"line":34,"column":8},"end":{"line":34,"column":21}},"1":{"start":{"line":36,"column":8},"end":{"line":39,"column":10}},"2":{"start":{"line":43,"column":30},"end":{"line":43,"column":40}},"3":{"start":{"line":45,"column":8},"end":{"line":49,"column":10}},"4":{"start":{"line":53,"column":8},"end":{"line":53,"column":65}},"5":{"start":{"line":57,"column":36},"end":{"line":57,"column":46}},"6":{"start":{"line":58,"column":21},"end":{"line":58,"column":25}},"7":{"start":{"line":60,"column":23},"end":{"line":63,"column":9}},"8":{"start":{"line":65,"column":8},"end":{"line":70,"column":9}},"9":{"start":{"line":66,"column":12},"end":{"line":66,"column":88}},"10":{"start":{"line":67,"column":12},"end":{"line":69,"column":15}},"11":{"start":{"line":71,"column":8},"end":{"line":109,"column":11}},"12":{"start":{"line":78,"column":34},"end":{"line":86,"column":15}},"13":{"start":{"line":78,"column":58},"end":{"line":86,"column":13}},"14":{"start":{"line":88,"column":12},"end":{"line":90,"column":15}},"15":{"start":{"line":91,"column":12},"end":{"line":96,"column":13}},"16":{"start":{"line":92,"column":16},"end":{"line":92,"column":66}},"17":{"start":{"line":93,"column":16},"end":{"line":95,"column":19}},"18":{"start":{"line":98,"column":12},"end":{"line":108,"column":13}},"19":{"start":{"line":99,"column":16},"end":{"line":99,"column":66}},"20":{"start":{"line":100,"column":16},"end":{"line":102,"column":19}},"21":{"start":{"line":103,"column":16},"end":{"line":107,"column":18}},"22":{"start":{"line":113,"column":23},"end":{"line":113,"column":33}},"23":{"start":{"line":114,"column":43},"end":{"line":114,"column":53}},"24":{"start":{"line":115,"column":24},"end":{"line":149,"column":9}},"25":{"start":{"line":119,"column":49},"end":{"line":119,"column":81}},"26":{"start":{"line":125,"column":49},"end":{"line":125,"column":111}},"27":{"start":{"line":131,"column":49},"end":{"line":131,"column":79}},"28":{"start":{"line":137,"column":49},"end":{"line":137,"column":79}},"29":{"start":{"line":143,"column":50},"end":{"line":143,"column":67}},"30":{"start":{"line":150,"column":24},"end":{"line":152,"column":9}},"31":{"start":{"line":155,"column":29},"end":{"line":155,"column":31}},"32":{"start":{"line":156,"column":56},"end":{"line":165,"column":9}},"33":{"start":{"line":157,"column":12},"end":{"line":164,"column":13}},"34":{"start":{"line":158,"column":16},"end":{"line":163,"column":18}},"35":{"start":{"line":166,"column":36},"end":{"line":168,"column":9}},"36":{"start":{"line":167,"column":12},"end":{"line":167,"column":100}},"37":{"start":{"line":169,"column":8},"end":{"line":189,"column":9}},"38":{"start":{"line":170,"column":12},"end":{"line":177,"column":13}},"39":{"start":{"line":171,"column":16},"end":{"line":171,"column":88}},"40":{"start":{"line":173,"column":16},"end":{"line":176,"column":17}},"41":{"start":{"line":174,"column":20},"end":{"line":175,"column":55}},"42":{"start":{"line":178,"column":12},"end":{"line":188,"column":13}},"43":{"start":{"line":179,"column":16},"end":{"line":179,"column":93}},"44":{"start":{"line":181,"column":16},"end":{"line":184,"column":17}},"45":{"start":{"line":182,"column":20},"end":{"line":183,"column":55}},"46":{"start":{"line":185,"column":16},"end":{"line":185,"column":110}},"47":{"start":{"line":186,"column":16},"end":{"line":187,"column":64}},"48":{"start":{"line":192,"column":26},"end":{"line":192,"column":28}},"49":{"start":{"line":193,"column":8},"end":{"line":213,"column":9}},"50":{"start":{"line":194,"column":12},"end":{"line":212,"column":13}},"51":{"start":{"line":195,"column":38},"end":{"line":195,"column":61}},"52":{"start":{"line":196,"column":16},"end":{"line":211,"column":19}},"53":{"start":{"line":216,"column":8},"end":{"line":224,"column":9}},"54":{"start":{"line":217,"column":12},"end":{"line":217,"column":89}},"55":{"start":{"line":219,"column":12},"end":{"line":223,"column":14}},"56":{"start":{"line":226,"column":8},"end":{"line":226,"column":45}},"57":{"start":{"line":231,"column":0},"end":{"line":234,"column":2}}},"fnMap":{"0":{"name":"(anonymous_0)","decl":{"start":{"line":33,"column":4},"end":{"line":33,"column":5}},"loc":{"start":{"line":33,"column":23},"end":{"line":40,"column":5}},"line":33},"1":{"name":"(anonymous_1)","decl":{"start":{"line":42,"column":24},"end":{"line":42,"column":25}},"loc":{"start":{"line":42,"column":30},"end":{"line":50,"column":5}},"line":42},"2":{"name":"(anonymous_2)","decl":{"start":{"line":52,"column":13},"end":{"line":52,"column":14}},"loc":{"start":{"line":52,"column":51},"end":{"line":54,"column":5}},"line":52},"3":{"name":"(anonymous_3)","decl":{"start":{"line":56,"column":24},"end":{"line":56,"column":25}},"loc":{"start":{"line":56,"column":72},"end":{"line":110,"column":5}},"line":56},"4":{"name":"(anonymous_4)","decl":{"start":{"line":77,"column":15},"end":{"line":77,"column":16}},"loc":{"start":{"line":77,"column":25},"end":{"line":97,"column":9}},"line":77},"5":{"name":"(anonymous_5)","decl":{"start":{"line":78,"column":43},"end":{"line":78,"column":44}},"loc":{"start":{"line":78,"column":58},"end":{"line":86,"column":13}},"line":78},"6":{"name":"(anonymous_6)","decl":{"start":{"line":97,"column":17},"end":{"line":97,"column":18}},"loc":{"start":{"line":97,"column":23},"end":{"line":109,"column":9}},"line":97},"7":{"name":"(anonymous_7)","decl":{"start":{"line":112,"column":13},"end":{"line":112,"column":14}},"loc":{"start":{"line":112,"column":19},"end":{"line":227,"column":5}},"line":112},"8":{"name":"(anonymous_8)","decl":{"start":{"line":119,"column":38},"end":{"line":119,"column":39}},"loc":{"start":{"line":119,"column":49},"end":{"line":119,"column":81}},"line":119},"9":{"name":"(anonymous_9)","decl":{"start":{"line":125,"column":38},"end":{"line":125,"column":39}},"loc":{"start":{"line":125,"column":49},"end":{"line":125,"column":111}},"line":125},"10":{"name":"(anonymous_10)","decl":{"start":{"line":131,"column":38},"end":{"line":131,"column":39}},"loc":{"start":{"line":131,"column":49},"end":{"line":131,"column":79}},"line":131},"11":{"name":"(anonymous_11)","decl":{"start":{"line":137,"column":38},"end":{"line":137,"column":39}},"loc":{"start":{"line":137,"column":49},"end":{"line":137,"column":79}},"line":137},"12":{"name":"(anonymous_12)","decl":{"start":{"line":143,"column":38},"end":{"line":143,"column":39}},"loc":{"start":{"line":143,"column":50},"end":{"line":143,"column":67}},"line":143},"13":{"name":"(anonymous_13)","decl":{"start":{"line":156,"column":56},"end":{"line":156,"column":57}},"loc":{"start":{"line":156,"column":71},"end":{"line":165,"column":9}},"line":156},"14":{"name":"(anonymous_14)","decl":{"start":{"line":166,"column":36},"end":{"line":166,"column":37}},"loc":{"start":{"line":167,"column":12},"end":{"line":167,"column":100}},"line":167}},"branchMap":{"0":{"loc":{"start":{"line":65,"column":8},"end":{"line":70,"column":9}},"type":"if","locations":[{"start":{"line":65,"column":8},"end":{"line":70,"column":9}},{"start":{"line":65,"column":8},"end":{"line":70,"column":9}}],"line":65},"1":{"loc":{"start":{"line":91,"column":12},"end":{"line":96,"column":13}},"type":"if","locations":[{"start":{"line":91,"column":12},"end":{"line":96,"column":13}},{"start":{"line":91,"column":12},"end":{"line":96,"column":13}}],"line":91},"2":{"loc":{"start":{"line":98,"column":12},"end":{"line":108,"column":13}},"type":"if","locations":[{"start":{"line":98,"column":12},"end":{"line":108,"column":13}},{"start":{"line":98,"column":12},"end":{"line":108,"column":13}}],"line":98},"3":{"loc":{"start":{"line":157,"column":12},"end":{"line":164,"column":13}},"type":"if","locations":[{"start":{"line":157,"column":12},"end":{"line":164,"column":13}},{"start":{"line":157,"column":12},"end":{"line":164,"column":13}}],"line":157},"4":{"loc":{"start":{"line":167,"column":12},"end":{"line":167,"column":100}},"type":"binary-expr","locations":[{"start":{"line":167,"column":12},"end":{"line":167,"column":73}},{"start":{"line":167,"column":77},"end":{"line":167,"column":100}}],"line":167},"5":{"loc":{"start":{"line":170,"column":12},"end":{"line":177,"column":13}},"type":"if","locations":[{"start":{"line":170,"column":12},"end":{"line":177,"column":13}},{"start":{"line":170,"column":12},"end":{"line":177,"column":13}}],"line":170},"6":{"loc":{"start":{"line":173,"column":16},"end":{"line":176,"column":17}},"type":"if","locations":[{"start":{"line":173,"column":16},"end":{"line":176,"column":17}},{"start":{"line":173,"column":16},"end":{"line":176,"column":17}}],"line":173},"7":{"loc":{"start":{"line":178,"column":12},"end":{"line":188,"column":13}},"type":"if","locations":[{"start":{"line":178,"column":12},"end":{"line":188,"column":13}},{"start":{"line":178,"column":12},"end":{"line":188,"column":13}}],"line":178},"8":{"loc":{"start":{"line":181,"column":16},"end":{"line":184,"column":17}},"type":"if","locations":[{"start":{"line":181,"column":16},"end":{"line":184,"column":17}},{"start":{"line":181,"column":16},"end":{"line":184,"column":17}}],"line":181},"9":{"loc":{"start":{"line":194,"column":12},"end":{"line":212,"column":13}},"type":"if","locations":[{"start":{"line":194,"column":12},"end":{"line":212,"column":13}},{"start":{"line":194,"column":12},"end":{"line":212,"column":13}}],"line":194},"10":{"loc":{"start":{"line":194,"column":16},"end":{"line":194,"column":76}},"type":"binary-expr","locations":[{"start":{"line":194,"column":16},"end":{"line":194,"column":54}},{"start":{"line":194,"column":58},"end":{"line":194,"column":76}}],"line":194},"11":{"loc":{"start":{"line":197,"column":20},"end":{"line":199,"column":90}},"type":"cond-expr","locations":[{"start":{"line":198,"column":26},"end":{"line":198,"column":28}},{"start":{"line":199,"column":26},"end":{"line":199,"column":90}}],"line":197},"12":{"loc":{"start":{"line":201,"column":20},"end":{"line":203,"column":86}},"type":"cond-expr","locations":[{"start":{"line":202,"column":26},"end":{"line":202,"column":27}},{"start":{"line":203,"column":26},"end":{"line":203,"column":86}}],"line":201},"13":{"loc":{"start":{"line":204,"column":20},"end":{"line":206,"column":87}},"type":"cond-expr","locations":[{"start":{"line":205,"column":26},"end":{"line":205,"column":27}},{"start":{"line":206,"column":26},"end":{"line":206,"column":87}}],"line":204},"14":{"loc":{"start":{"line":207,"column":20},"end":{"line":209,"column":94}},"type":"cond-expr","locations":[{"start":{"line":208,"column":26},"end":{"line":208,"column":27}},{"start":{"line":209,"column":26},"end":{"line":209,"column":94}}],"line":207},"15":{"loc":{"start":{"line":216,"column":8},"end":{"line":224,"column":9}},"type":"if","locations":[{"start":{"line":216,"column":8},"end":{"line":224,"column":9}},{"start":{"line":216,"column":8},"end":{"line":224,"column":9}}],"line":216},"16":{"loc":{"start":{"line":226,"column":16},"end":{"line":226,"column":43}},"type":"cond-expr","locations":[{"start":{"line":226,"column":28},"end":{"line":226,"column":32}},{"start":{"line":226,"column":35},"end":{"line":226,"column":43}}],"line":226}},"s":{"0":0,"1":0,"2":0,"3":0,"4":0,"5":0,"6":0,"7":0,"8":0,"9":0,"10":0,"11":0,"12":0,"13":0,"14":0,"15":0,"16":0,"17":0,"18":0,"19":0,"20":0,"21":0,"22":0,"23":0,"24":0,"25":0,"26":0,"27":0,"28":0,"29":0,"30":0,"31":0,"32":0,"33":0,"34":0,"35":0,"36":0,"37":0,"38":0,"39":0,"40":0,"41":0,"42":0,"43":0,"44":0,"45":0,"46":0,"47":0,"48":0,"49":0,"50":0,"51":0,"52":0,"53":0,"54":0,"55":0,"56":0,"57":1},"f":{"0":0,"1":0,"2":0,"3":0,"4":0,"5":0,"6":0,"7":0,"8":0,"9":0,"10":0,"11":0,"12":0,"13":0,"14":0},"b":{"0":[0,0],"1":[0,0],"2":[0,0],"3":[0,0],"4":[0,0],"5":[0,0],"6":[0,0],"7":[0,0],"8":[0,0],"9":[0,0],"10":[0,0],"11":[0,0],"12":[0,0],"13":[0,0],"14":[0,0],"15":[0,0],"16":[0,0]},"_coverageSchema":"332fd63041d2c1bcb487cc26dd0d5f7d97098a6c","hash":"4c2130909620a0d1fd911f52847c526c2684addb"}
,"/home/asma/cellery/mesh-observability/components/global/portal/io.cellery.observability.ui/src/components/cells/cell/Details.js": {"path":"/home/asma/cellery/mesh-observability/components/global/portal/io.cellery.observability.ui/src/components/cells/cell/Details.js","statementMap":{"0":{"start":{"line":36,"column":15},"end":{"line":47,"column":2}},"1":{"start":{"line":36,"column":22},"end":{"line":47,"column":1}},"2":{"start":{"line":52,"column":8},"end":{"line":52,"column":21}},"3":{"start":{"line":54,"column":8},"end":{"line":59,"column":10}},"4":{"start":{"line":63,"column":30},"end":{"line":63,"column":40}},"5":{"start":{"line":65,"column":8},"end":{"line":69,"column":10}},"6":{"start":{"line":73,"column":36},"end":{"line":73,"column":46}},"7":{"start":{"line":74,"column":21},"end":{"line":74,"column":25}},"8":{"start":{"line":76,"column":23},"end":{"line":80,"column":9}},"9":{"start":{"line":82,"column":8},"end":{"line":87,"column":9}},"10":{"start":{"line":83,"column":12},"end":{"line":83,"column":83}},"11":{"start":{"line":84,"column":12},"end":{"line":86,"column":15}},"12":{"start":{"line":88,"column":8},"end":{"line":131,"column":11}},"13":{"start":{"line":95,"column":35},"end":{"line":107,"column":14}},"14":{"start":{"line":95,"column":56},"end":{"line":98,"column":13}},"15":{"start":{"line":99,"column":16},"end":{"line":101,"column":17}},"16":{"start":{"line":100,"column":20},"end":{"line":100,"column":66}},"17":{"start":{"line":102,"column":16},"end":{"line":102,"column":56}},"18":{"start":{"line":103,"column":16},"end":{"line":103,"column":35}},"19":{"start":{"line":109,"column":12},"end":{"line":112,"column":15}},"20":{"start":{"line":113,"column":12},"end":{"line":118,"column":13}},"21":{"start":{"line":114,"column":16},"end":{"line":114,"column":66}},"22":{"start":{"line":115,"column":16},"end":{"line":117,"column":19}},"23":{"start":{"line":120,"column":12},"end":{"line":130,"column":13}},"24":{"start":{"line":121,"column":16},"end":{"line":121,"column":66}},"25":{"start":{"line":122,"column":16},"end":{"line":124,"column":19}},"26":{"start":{"line":125,"column":16},"end":{"line":129,"column":18}},"27":{"start":{"line":135,"column":32},"end":{"line":135,"column":42}},"28":{"start":{"line":136,"column":53},"end":{"line":136,"column":63}},"29":{"start":{"line":139,"column":8},"end":{"line":161,"column":9}},"30":{"start":{"line":140,"column":12},"end":{"line":155,"column":14}},"31":{"start":{"line":157,"column":12},"end":{"line":160,"column":14}},"32":{"start":{"line":162,"column":8},"end":{"line":171,"column":10}},"33":{"start":{"line":176,"column":0},"end":{"line":181,"column":2}}},"fnMap":{"0":{"name":"(anonymous_0)","decl":{"start":{"line":36,"column":15},"end":{"line":36,"column":16}},"loc":{"start":{"line":36,"column":22},"end":{"line":47,"column":1}},"line":36},"1":{"name":"(anonymous_1)","decl":{"start":{"line":51,"column":4},"end":{"line":51,"column":5}},"loc":{"start":{"line":51,"column":23},"end":{"line":60,"column":5}},"line":51},"2":{"name":"(anonymous_2)","decl":{"start":{"line":62,"column":24},"end":{"line":62,"column":25}},"loc":{"start":{"line":62,"column":30},"end":{"line":70,"column":5}},"line":62},"3":{"name":"(anonymous_3)","decl":{"start":{"line":72,"column":13},"end":{"line":72,"column":14}},"loc":{"start":{"line":72,"column":61},"end":{"line":132,"column":5}},"line":72},"4":{"name":"(anonymous_4)","decl":{"start":{"line":94,"column":15},"end":{"line":94,"column":16}},"loc":{"start":{"line":94,"column":25},"end":{"line":119,"column":9}},"line":94},"5":{"name":"(anonymous_5)","decl":{"start":{"line":95,"column":44},"end":{"line":95,"column":45}},"loc":{"start":{"line":95,"column":56},"end":{"line":98,"column":13}},"line":95},"6":{"name":"(anonymous_6)","decl":{"start":{"line":98,"column":23},"end":{"line":98,"column":24}},"loc":{"start":{"line":98,"column":54},"end":{"line":104,"column":13}},"line":98},"7":{"name":"(anonymous_7)","decl":{"start":{"line":119,"column":17},"end":{"line":119,"column":18}},"loc":{"start":{"line":119,"column":23},"end":{"line":131,"column":9}},"line":119},"8":{"name":"(anonymous_8)","decl":{"start":{"line":134,"column":13},"end":{"line":134,"column":14}},"loc":{"start":{"line":134,"column":19},"end":{"line":172,"column":5}},"line":134}},"branchMap":{"0":{"loc":{"start":{"line":82,"column":8},"end":{"line":87,"column":9}},"type":"if","locations":[{"start":{"line":82,"column":8},"end":{"line":87,"column":9}},{"start":{"line":82,"column":8},"end":{"line":87,"column":9}}],"line":82},"1":{"loc":{"start":{"line":99,"column":16},"end":{"line":101,"column":17}},"type":"if","locations":[{"start":{"line":99,"column":16},"end":{"line":101,"column":17}},{"start":{"line":99,"column":16},"end":{"line":101,"column":17}}],"line":99},"2":{"loc":{"start":{"line":110,"column":29},"end":{"line":110,"column":111}},"type":"cond-expr","locations":[{"start":{"line":110,"column":58},"end":{"line":110,"column":107}},{"start":{"line":110,"column":110},"end":{"line":110,"column":111}}],"line":110},"3":{"loc":{"start":{"line":113,"column":12},"end":{"line":118,"column":13}},"type":"if","locations":[{"start":{"line":113,"column":12},"end":{"line":118,"column":13}},{"start":{"line":113,"column":12},"end":{"line":118,"column":13}}],"line":113},"4":{"loc":{"start":{"line":120,"column":12},"end":{"line":130,"column":13}},"type":"if","locations":[{"start":{"line":120,"column":12},"end":{"line":130,"column":13}},{"start":{"line":120,"column":12},"end":{"line":130,"column":13}}],"line":120},"5":{"loc":{"start":{"line":139,"column":8},"end":{"line":161,"column":9}},"type":"if","locations":[{"start":{"line":139,"column":8},"end":{"line":161,"column":9}},{"start":{"line":139,"column":8},"end":{"line":161,"column":9}}],"line":139},"6":{"loc":{"start":{"line":164,"column":17},"end":{"line":164,"column":40}},"type":"cond-expr","locations":[{"start":{"line":164,"column":29},"end":{"line":164,"column":33}},{"start":{"line":164,"column":36},"end":{"line":164,"column":40}}],"line":164},"7":{"loc":{"start":{"line":166,"column":20},"end":{"line":168,"column":30}},"type":"cond-expr","locations":[{"start":{"line":167,"column":26},"end":{"line":167,"column":85}},{"start":{"line":168,"column":26},"end":{"line":168,"column":30}}],"line":166}},"s":{"0":1,"1":0,"2":0,"3":0,"4":0,"5":0,"6":0,"7":0,"8":0,"9":0,"10":0,"11":0,"12":0,"13":0,"14":0,"15":0,"16":0,"17":0,"18":0,"19":0,"20":0,"21":0,"22":0,"23":0,"24":0,"25":0,"26":0,"27":0,"28":0,"29":0,"30":0,"31":0,"32":0,"33":1},"f":{"0":0,"1":0,"2":0,"3":0,"4":0,"5":0,"6":0,"7":0,"8":0},"b":{"0":[0,0],"1":[0,0],"2":[0,0],"3":[0,0],"4":[0,0],"5":[0,0],"6":[0,0],"7":[0,0]},"_coverageSchema":"332fd63041d2c1bcb487cc26dd0d5f7d97098a6c","hash":"047abcb141f4bf109f96c663a33459a221742f11"}
,"/home/asma/cellery/mesh-observability/components/global/portal/io.cellery.observability.ui/src/components/cells/cell/Metrics.js": {"path":"/home/asma/cellery/mesh-observability/components/global/portal/io.cellery.observability.ui/src/components/cells/cell/Metrics.js","statementMap":{"0":{"start":{"line":32,"column":15},"end":{"line":47,"column":2}},"1":{"start":{"line":32,"column":27},"end":{"line":47,"column":1}},"2":{"start":{"line":52,"column":8},"end":{"line":52,"column":21}},"3":{"start":{"line":54,"column":8},"end":{"line":64,"column":10}},"4":{"start":{"line":68,"column":30},"end":{"line":68,"column":40}},"5":{"start":{"line":70,"column":8},"end":{"line":74,"column":10}},"6":{"start":{"line":78,"column":45},"end":{"line":78,"column":55}},"7":{"start":{"line":79,"column":31},"end":{"line":79,"column":50}},"8":{"start":{"line":80,"column":29},"end":{"line":80,"column":46}},"9":{"start":{"line":82,"column":8},"end":{"line":86,"column":10}},"10":{"start":{"line":87,"column":8},"end":{"line":87,"column":74}},"11":{"start":{"line":90,"column":39},"end":{"line":114,"column":5}},"12":{"start":{"line":91,"column":46},"end":{"line":91,"column":56}},"13":{"start":{"line":92,"column":45},"end":{"line":92,"column":55}},"14":{"start":{"line":94,"column":25},"end":{"line":94,"column":43}},"15":{"start":{"line":95,"column":8},"end":{"line":97,"column":11}},"16":{"start":{"line":99,"column":8},"end":{"line":105,"column":9}},"17":{"start":{"line":100,"column":12},"end":{"line":104,"column":15}},"18":{"start":{"line":107,"column":8},"end":{"line":113,"column":10}},"19":{"start":{"line":117,"column":36},"end":{"line":117,"column":46}},"20":{"start":{"line":118,"column":21},"end":{"line":118,"column":25}},"21":{"start":{"line":120,"column":23},"end":{"line":123,"column":9}},"22":{"start":{"line":125,"column":8},"end":{"line":130,"column":9}},"23":{"start":{"line":126,"column":12},"end":{"line":126,"column":83}},"24":{"start":{"line":127,"column":12},"end":{"line":129,"column":16}},"25":{"start":{"line":127,"column":42},"end":{"line":129,"column":13}},"26":{"start":{"line":131,"column":8},"end":{"line":159,"column":11}},"27":{"start":{"line":138,"column":12},"end":{"line":140,"column":15}},"28":{"start":{"line":139,"column":46},"end":{"line":139,"column":78}},"29":{"start":{"line":141,"column":12},"end":{"line":146,"column":13}},"30":{"start":{"line":142,"column":16},"end":{"line":142,"column":66}},"31":{"start":{"line":143,"column":16},"end":{"line":145,"column":20}},"32":{"start":{"line":143,"column":46},"end":{"line":145,"column":17}},"33":{"start":{"line":148,"column":12},"end":{"line":158,"column":13}},"34":{"start":{"line":149,"column":16},"end":{"line":149,"column":66}},"35":{"start":{"line":150,"column":16},"end":{"line":152,"column":20}},"36":{"start":{"line":150,"column":46},"end":{"line":152,"column":17}},"37":{"start":{"line":153,"column":16},"end":{"line":157,"column":18}},"38":{"start":{"line":163,"column":36},"end":{"line":163,"column":46}},"39":{"start":{"line":164,"column":21},"end":{"line":164,"column":25}},"40":{"start":{"line":167,"column":23},"end":{"line":170,"column":9}},"41":{"start":{"line":171,"column":8},"end":{"line":177,"column":9}},"42":{"start":{"line":172,"column":12},"end":{"line":176,"column":13}},"43":{"start":{"line":173,"column":16},"end":{"line":173,"column":49}},"44":{"start":{"line":175,"column":16},"end":{"line":175,"column":54}},"45":{"start":{"line":178,"column":8},"end":{"line":182,"column":9}},"46":{"start":{"line":179,"column":12},"end":{"line":179,"column":42}},"47":{"start":{"line":181,"column":12},"end":{"line":181,"column":37}},"48":{"start":{"line":184,"column":8},"end":{"line":189,"column":9}},"49":{"start":{"line":185,"column":12},"end":{"line":185,"column":86}},"50":{"start":{"line":186,"column":12},"end":{"line":188,"column":16}},"51":{"start":{"line":186,"column":42},"end":{"line":188,"column":13}},"52":{"start":{"line":190,"column":8},"end":{"line":227,"column":11}},"53":{"start":{"line":197,"column":29},"end":{"line":204,"column":15}},"54":{"start":{"line":197,"column":50},"end":{"line":204,"column":13}},"55":{"start":{"line":206,"column":12},"end":{"line":208,"column":15}},"56":{"start":{"line":209,"column":12},"end":{"line":214,"column":13}},"57":{"start":{"line":210,"column":16},"end":{"line":210,"column":66}},"58":{"start":{"line":211,"column":16},"end":{"line":213,"column":20}},"59":{"start":{"line":211,"column":46},"end":{"line":213,"column":17}},"60":{"start":{"line":216,"column":12},"end":{"line":226,"column":13}},"61":{"start":{"line":217,"column":16},"end":{"line":217,"column":66}},"62":{"start":{"line":218,"column":16},"end":{"line":220,"column":20}},"63":{"start":{"line":218,"column":46},"end":{"line":220,"column":17}},"64":{"start":{"line":221,"column":16},"end":{"line":225,"column":18}},"65":{"start":{"line":231,"column":32},"end":{"line":231,"column":42}},"66":{"start":{"line":232,"column":76},"end":{"line":232,"column":86}},"67":{"start":{"line":234,"column":35},"end":{"line":234,"column":101}},"68":{"start":{"line":236,"column":8},"end":{"line":290,"column":10}},"69":{"start":{"line":266,"column":61},"end":{"line":266,"column":108}},"70":{"start":{"line":295,"column":0},"end":{"line":304,"column":2}}},"fnMap":{"0":{"name":"(anonymous_0)","decl":{"start":{"line":32,"column":15},"end":{"line":32,"column":16}},"loc":{"start":{"line":32,"column":27},"end":{"line":47,"column":1}},"line":32},"1":{"name":"(anonymous_1)","decl":{"start":{"line":51,"column":4},"end":{"line":51,"column":5}},"loc":{"start":{"line":51,"column":23},"end":{"line":65,"column":5}},"line":51},"2":{"name":"(anonymous_2)","decl":{"start":{"line":67,"column":24},"end":{"line":67,"column":25}},"loc":{"start":{"line":67,"column":30},"end":{"line":75,"column":5}},"line":67},"3":{"name":"(anonymous_3)","decl":{"start":{"line":77,"column":13},"end":{"line":77,"column":14}},"loc":{"start":{"line":77,"column":95},"end":{"line":88,"column":5}},"line":77},"4":{"name":"(anonymous_4)","decl":{"start":{"line":90,"column":29},"end":{"line":90,"column":30}},"loc":{"start":{"line":90,"column":39},"end":{"line":114,"column":5}},"line":90},"5":{"name":"(anonymous_5)","decl":{"start":{"line":90,"column":39},"end":{"line":90,"column":40}},"loc":{"start":{"line":90,"column":50},"end":{"line":114,"column":5}},"line":90},"6":{"name":"(anonymous_6)","decl":{"start":{"line":116,"column":23},"end":{"line":116,"column":24}},"loc":{"start":{"line":116,"column":71},"end":{"line":160,"column":5}},"line":116},"7":{"name":"(anonymous_7)","decl":{"start":{"line":127,"column":26},"end":{"line":127,"column":27}},"loc":{"start":{"line":127,"column":42},"end":{"line":129,"column":13}},"line":127},"8":{"name":"(anonymous_8)","decl":{"start":{"line":137,"column":15},"end":{"line":137,"column":16}},"loc":{"start":{"line":137,"column":25},"end":{"line":147,"column":9}},"line":137},"9":{"name":"(anonymous_9)","decl":{"start":{"line":139,"column":35},"end":{"line":139,"column":36}},"loc":{"start":{"line":139,"column":46},"end":{"line":139,"column":78}},"line":139},"10":{"name":"(anonymous_10)","decl":{"start":{"line":143,"column":30},"end":{"line":143,"column":31}},"loc":{"start":{"line":143,"column":46},"end":{"line":145,"column":17}},"line":143},"11":{"name":"(anonymous_11)","decl":{"start":{"line":147,"column":17},"end":{"line":147,"column":18}},"loc":{"start":{"line":147,"column":23},"end":{"line":159,"column
[...]
:15},"end":{"line":127,"column":9}}],"line":124},"18":{"loc":{"start":{"line":124,"column":19},"end":{"line":124,"column":57}},"type":"binary-expr","locations":[{"start":{"line":124,"column":19},"end":{"line":124,"column":32}},{"start":{"line":124,"column":36},"end":{"line":124,"column":57}}],"line":124},"19":{"loc":{"start":{"line":128,"column":8},"end":{"line":131,"column":9}},"type":"if","locations":[{"start":{"line":128,"column":8},"end":{"line":131,"column":9}},{"start":{"line":128,"column":8},"end":{"line":131,"column":9}}],"line":128},"20":{"loc":{"start":{"line":156,"column":23},"end":{"line":156,"column":32}},"type":"default-arg","locations":[{"start":{"line":156,"column":30},"end":{"line":156,"column":32}}],"line":156},"21":{"loc":{"start":{"line":156,"column":34},"end":{"line":156,"column":61}},"type":"default-arg","locations":[{"start":{"line":156,"column":57},"end":{"line":156,"column":61}}],"line":156},"22":{"loc":{"start":{"line":156,"column":63},"end":{"line":156,"column":85}},"type":"default-arg","locations":[{"start":{"line":156,"column":81},"end":{"line":156,"column":85}}],"line":156},"23":{"loc":{"start":{"line":157,"column":8},"end":{"line":159,"column":9}},"type":"if","locations":[{"start":{"line":157,"column":8},"end":{"line":159,"column":9}},{"start":{"line":157,"column":8},"end":{"line":159,"column":9}}],"line":157},"24":{"loc":{"start":{"line":157,"column":12},"end":{"line":157,"column":52}},"type":"binary-expr","locations":[{"start":{"line":157,"column":12},"end":{"line":157,"column":27}},{"start":{"line":157,"column":31},"end":{"line":157,"column":52}}],"line":157},"25":{"loc":{"start":{"line":162,"column":8},"end":{"line":164,"column":9}},"type":"if","locations":[{"start":{"line":162,"column":8},"end":{"line":164,"column":9}},{"start":{"line":162,"column":8},"end":{"line":164,"column":9}}],"line":162},"26":{"loc":{"start":{"line":182,"column":8},"end":{"line":184,"column":9}},"type":"if","locations":[{"start":{"line":182,"column":8},"end":{"line":184,"column":9}},{"start":{"line":182,"column":8},"end":{"line":184,"column":9}}],"line":182},"27":{"loc":{"start":{"line":192,"column":58},"end":{"line":192,"column":91}},"type":"cond-expr","locations":[{"start":{"line":192,"column":70},"end":{"line":192,"column":86}},{"start":{"line":192,"column":89},"end":{"line":192,"column":91}}],"line":192},"28":{"loc":{"start":{"line":200,"column":8},"end":{"line":200,"column":115}},"type":"binary-expr","locations":[{"start":{"line":200,"column":8},"end":{"line":200,"column":26}},{"start":{"line":200,"column":30},"end":{"line":200,"column":53}},{"start":{"line":200,"column":57},"end":{"line":200,"column":115}}],"line":200},"29":{"loc":{"start":{"line":223,"column":8},"end":{"line":224,"column":99}},"type":"binary-expr","locations":[{"start":{"line":223,"column":8},"end":{"line":223,"column":32}},{"start":{"line":223,"column":36},"end":{"line":223,"column":103}},{"start":{"line":224,"column":15},"end":{"line":224,"column":99}}],"line":223},"30":{"loc":{"start":{"line":232,"column":21},"end":{"line":232,"column":75}},"type":"binary-expr","locations":[{"start":{"line":232,"column":21},"end":{"line":232,"column":45}},{"start":{"line":232,"column":49},"end":{"line":232,"column":75}}],"line":232}},"s":{"0":318,"1":318,"2":318,"3":318,"4":318,"5":318,"6":318,"7":318,"8":318,"9":318,"10":636,"11":2,"12":318,"13":318,"14":318,"15":318,"16":318,"17":318,"18":318,"19":318,"20":2630,"21":5021,"22":5021,"23":5017,"24":259,"25":172,"26":4758,"27":693,"28":693,"29":316,"30":693,"31":296,"32":5021,"33":1391,"34":2603,"35":2603,"36":191,"37":191,"38":2412,"39":193,"40":193,"41":2603,"42":170,"43":170,"44":2603,"45":15,"46":15,"47":15,"48":15,"49":60,"50":1,"51":59,"52":54,"53":59,"54":59,"55":59,"56":59,"57":53,"58":53,"59":59,"60":9,"61":59,"62":53,"63":59,"64":12,"65":36,"66":20,"67":18,"68":2512,"69":16,"70":6,"71":1,"72":1,"73":1,"74":1,"75":1},"f":{"0":318,"1":636,"2":2630,"3":5021,"4":1391,"5":2603,"6":15,"7":60,"8":9,"9":36,"10":20,"11":18,"12":2512,"13":16,"14":6,"15":1},"b":{"0":[275,43],"1":[317,1],"2":[2,634],"3":[163,155],"4":[2630,2625,2624,191,88,104,88],"5":[5017,4],"6":[5021,5018],"7":[259,4758],"8":[172,87],"9":[259,172],"10":[693,4065],"11":[316,377],"12":[693,666],"13":[296,397],"14":[693,598],"15":[1391,772],"16":[191,2412],"17":[193,2219],"18":[2412,2410],"19":[170,2433],"20":[31],"21":[3],"22":[6],"23":[1,59],"24":[60,3],"25":[54,5],"26":[12,47],"27":[20,16],"28":[20,14,14],"29":[16,11,8],"30":[6,5]},"_coverageSchema":"332fd63041d2c1bcb487cc26dd0d5f7d97098a6c","hash":"b075ba9c026c9af0c36c3cf6a95507bc6f6f219d"}
,"/home/asma/cellery/mesh-observability/components/global/portal/io.cellery.observability.ui/src/utils/tracing/tracingUtils.js": {"path":"/home/asma/cellery/mesh-observability/components/global/portal/io.cellery.observability.ui/src/utils/tracing/tracingUtils.js","statementMap":{"0":{"start":{"line":32,"column":27},"end":{"line":32,"column":63}},"1":{"start":{"line":32,"column":51},"end":{"line":32,"column":62}},"2":{"start":{"line":33,"column":35},"end":{"line":34,"column":51}},"3":{"start":{"line":33,"column":62},"end":{"line":34,"column":50}},"4":{"start":{"line":38,"column":8},"end":{"line":56,"column":9}},"5":{"start":{"line":39,"column":12},"end":{"line":39,"column":45}},"6":{"start":{"line":40,"column":15},"end":{"line":56,"column":9}},"7":{"start":{"line":42,"column":12},"end":{"line":50,"column":13}},"8":{"start":{"line":43,"column":16},"end":{"line":47,"column":17}},"9":{"start":{"line":44,"column":20},"end":{"line":44,"column":38}},"10":{"start":{"line":46,"column":20},"end":{"line":46,"column":38}},"11":{"start":{"line":49,"column":16},"end":{"line":49,"column":106}},"12":{"start":{"line":51,"column":12},"end":{"line":51,"column":57}},"13":{"start":{"line":52,"column":12},"end":{"line":52,"column":66}},"14":{"start":{"line":53,"column":12},"end":{"line":53,"column":66}},"15":{"start":{"line":55,"column":12},"end":{"line":55,"column":114}},"16":{"start":{"line":59,"column":8},"end":{"line":82,"column":9}},"17":{"start":{"line":60,"column":25},"end":{"line":60,"column":37}},"18":{"start":{"line":62,"column":39},"end":{"line":62,"column":44}},"19":{"start":{"line":63,"column":38},"end":{"line":63,"column":43}},"20":{"start":{"line":64,"column":12},"end":{"line":78,"column":13}},"21":{"start":{"line":65,"column":39},"end":{"line":65,"column":51}},"22":{"start":{"line":66,"column":16},"end":{"line":77,"column":17}},"23":{"start":{"line":68,"column":20},"end":{"line":70,"column":21}},"24":{"start":{"line":69,"column":24},"end":{"line":69,"column":52}},"25":{"start":{"line":71,"column":20},"end":{"line":73,"column":21}},"26":{"start":{"line":72,"column":24},"end":{"line":72,"column":51}},"27":{"start":{"line":74,"column":20},"end":{"line":76,"column":21}},"28":{"start":{"line":75,"column":24},"end":{"line":75,"column":30}},"29":{"start":{"line":79,"column":12},"end":{"line":81,"column":13}},"30":{"start":{"line":80,"column":16},"end":{"line":80,"column":33}},"31":{"start":{"line":84,"column":8},"end":{"line":84,"column":61}},"32":{"start":{"line":86,"column":8},"end":{"line":86,"column":24}},"33":{"start":{"line":98,"column":8},"end":{"line":104,"column":9}},"34":{"start":{"line":99,"column":12},"end":{"line":103,"column":13}},"35":{"start":{"line":100,"column":16},"end":{"line":102,"column":17}},"36":{"start":{"line":101,"column":20},"end":{"line":101,"column":64}},"37":{"start":{"line":107,"column":8},"end":{"line":118,"column":9}},"38":{"start":{"line":108,"column":32},"end":{"line":108,"column":44}},"39":{"start":{"line":109,"column":12},"end":{"line":117,"column":13}},"40":{"start":{"line":110,"column":16},"end":{"line":116,"column":17}},"41":{"start":{"line":111,"column":20},"end":{"line":115,"column":21}},"42":{"start":{"line":112,"column":24},"end":{"line":112,"column":58}},"43":{"start":{"line":113,"column":24},"end":{"line":113,"column":63}},"44":{"start":{"line":114,"column":24},"end":{"line":114,"column":30}},"45":{"start":{"line":127,"column":8},"end":{"line":133,"column":17}},"46":{"start":{"line":128,"column":12},"end":{"line":132,"column":13}},"47":{"start":{"line":129,"column":16},"end":{"line":129,"column":66}},"48":{"start":{"line":131,"column":16},"end":{"line":131,"column":69}},"49":{"start":{"line":136,"column":8},"end":{"line":139,"column":14}},"50":{"start":{"line":137,"column":12},"end":{"line":137,"column":34}},"51":{"start":{"line":138,"column":12},"end":{"line":138,"column":28}},"52":{"start":{"line":149,"column":30},"end":{"line":149,"column":74}},"53":{"start":{"line":149,"column":53},"end":{"line":149,"column":73}},"54":{"start":{"line":150,"column":8},"end":{"line":154,"column":9}},"55":{"start":{"line":151,"column":12},"end":{"line":151,"column":83}},"56":{"start":{"line":152,"column":15},"end":{"line":154,"column":9}},"57":{"start":{"line":153,"column":12},"end":{"line":153,"column":105}},"58":{"start":{"line":155,"column":8},"end":{"line":155,"column":32}},"59":{"start":{"line":165,"column":25},"end":{"line":165,"column":27}},"60":{"start":{"line":166,"column":8},"end":{"line":168,"column":11}},"61":{"start":{"line":167,"column":12},"end":{"line":167,"column":32}},"62":{"start":{"line":169,"column":8},"end":{"line":169,"column":24}},"63":{"start":{"line":179,"column":8},"end":{"line":181,"column":9}},"64":{"start":{"line":180,"column":12},"end":{"line":180,"column":43}},"65":{"start":{"line":190,"column":23},"end":{"line":190,"column":45}},"66":{"start":{"line":191,"column":8},"end":{"line":193,"column":9}},"67":{"start":{"line":192,"column":12},"end":{"line":192,"column":52}},"68":{"start":{"line":194,"column":8},"end":{"line":199,"column":11}},"69":{"start":{"line":195,"column":12},"end":{"line":197,"column":13}},"70":{"start":{"line":196,"column":16},"end":{"line":196,"column":43}},"71":{"start":{"line":198,"column":12},"end":{"line":198,"column":34}},"72":{"start":{"line":200,"column":8},"end":{"line":202,"column":9}},"73":{"start":{"line":201,"column":12},"end":{"line":201,"column":51}}},"fnMap":{"0":{"name":"(anonymous_0)","decl":{"start":{"line":30,"column":23},"end":{"line":30,"column":24}},"loc":{"start":{"line":30,"column":38},"end":{"line":87,"column":5}},"line":30},"1":{"name":"(anonymous_1)","decl":{"start":{"line":32,"column":41},"end":{"line":32,"column":42}},"loc":{"start":{"line":32,"column":51},"end":{"line":32,"column":62}},"line":32},"2":{"name":"(anonymous_2)","decl":{"start":{"line":33,"column":52},"end":{"line":33,"column":53}},"loc":{"start":{"line":33,"column":62},"end":{"line":34,"column":50}},"line":33},"3":{"name":"(anonymous_3)","decl":{"start":{"line":96,"column":4},"end":{"line":96,"column":5}},"loc":{"start":{"line":96,"column":51},"end":{"line":119,"column":5}},"line":96},"4":{"name":"(anonymous_4)","decl":{"start":{"line":126,"column":27},"end":{"line":126,"column":28}},"loc":{"start":{"line":126,"column":37},"end":{"line":140,"column":5}},"line":126},"5":{"name":"(anonymous_5)","decl":{"start":{"line":127,"column":18},"end":{"line":127,"column":19}},"loc":{"start":{"line":127,"column":28},"end":{"line":133,"column":9}},"line":127},"6":{"name":"(anonymous_6)","decl":{"start":{"line":136,"column":18},"end":{"line":136,"column":19}},"loc":{"start":{"line":136,"column":34},"end":{"line":139,"column":9}},"line":136},"7":{"name":"(anonymous_7)","decl":{"start":{"line":148,"column":25},"end":{"line":148,"column":26}},"loc":{"start":{"line":148,"column":36},"end":{"line":156,"column":5}},"line":148},"8":{"name":"(anonymous_8)","decl":{"start":{"line":149,"column":43},"end":{"line":149,"column":44}},"loc":{"start":{"line":149,"column":53},"end":{"line":149,"column":73}},"line":149},"9":{"name":"(anonymous_9)","decl":{"start":{"line":164,"column":28},"end":{"line":164,"column":29}},"loc":{"start":{"line":164,"column":38},"end":{"line":170,"column":5}},"line":164},"10":{"name":"(anonymous_10)","decl":{"start":{"line":166,"column":18},"end":{"line":166,"column":19}},"loc":{"start":{"line":166,"column":28},"end":{"line":168,"column":9}},"line":166},"11":{"name":"(anonymous_11)","decl":{"start":{"line":178,"column":37},"end":{"line":178,"column":38}},"loc":{"start":{"line":178,"column":48},"end":{"line":182,"column":5}},"line":178},"12":{"name":"(anonymous_12)","decl":{"start":{"line":189,"column":32},"end":{"line":189,"column":33}},"loc":{"start":{"line":189,"column":53},"end":{"line":203,"column":5}},"line":189},"13":{"name":"(anonymous_13)","decl":{"start":{"line":194,"column":41},"end":{"line":194,"column":42}},"loc":{"start":{"line":194,"column":52},"end":{"line":199,"column":9}},"line":194}},"branchMap":{"0":{"loc":{"start":{"line":33,"column":62},"end":{"line":34,"column":50}},"type":"binary-expr","locations":[{"start":{"line":33,"column":62},"end":{"line":33,"column":90}},{"start":{"line":34,"column":15},"end":{"line":34,"column":50}}],"line":33},"1":{"loc":{"start":{"line":38,"column":8},"end":{"line":56,"column":9}},"type":"if","locations":[{"start":{"line":38,"column":8},"end":{"line":56,"column":9}},{"start":{"line":38,"column":8},"end":{"line":56,"column":9}}],"line":38},"2":{"loc":{"start":{"line":40,"column":15},"end":{"line":56,"column":9}},"type":"if","locations":[{"start":{"line":40,"column":15},"end":{"line":56,"column":9}},{"start":{"line":40,"column":15},"end":{"line":56,"column":9}}],"line":40},"3":{"loc":{"start":{"line":42,"column":12},"end":{"line":50,"column":13}},"type":"if","locations":[{"start":{"line":42,"column":12},"end":{"line":50,"column":13}},{"start":{"line":42,"column":12},"end":{"line":50,"column":13}}],"line":42},"4":{"loc":{"start":{"line":43,"column":16},"end":{"line":47,"column":17}},"type":"if","locations":[{"start":{"line":43,"column":16},"end":{"line":47,"column":17}},{"start":{"line":43,"column":16},"end":{"line":47,"column":17}}],"line":43},"5":{"loc":{"start":{"line":66,"column":16},"end":{"line":77,"column":17}},"type":"if","locations":[{"start":{"line":66,"column":16},"end":{"line":77,"column":17}},{"start":{"line":66,"column":16},"end":{"line":77,"column":17}}],"line":66},"6":{"loc":{"start":{"line":66,"column":20},"end":{"line":67,"column":70}},"type":"binary-expr","locations":[{"start":{"line":66,"column":20},"end":{"line":66,"column":27}},{"start":{"line":66,"column":31},"end":{"line":66,"column":52}},{"start":{"line":66,"column":56},"end":{"line":66,"column":89}},{"start":{"line":67,"column":23},"end":{"line":67,"column":70}}],"line":66},"7":{"loc":{"start":{"line":68,"column":20},"end":{"line":70,"column":21}},"type":"if","locations":[{"start":{"line":68,"column":20},"end":{"line":70,"column":21}},{"start":{"line":68,"column":20},"end":{"line":70,"column":21}}],"line":68},"8":{"loc":{"start":{"line":71,"column":20},"end":{"line":73,"column":21}},"type":"if","locations":[{"start":{"line":71,"column":20},"end":{"line":73,"column":21}},{"start":{"line":71,"column":20},"end":{"line":73,"column":21}}],"line":71},"9":{"loc":{"start":{"line":74,"column":20},"end":{"line":76,"column":21}},"type":"if","locations":[{"start":{"line":74,"column":20},"end":{"line":76,"column":21}},{"start":{"line":74,"column":20},"end":{"line":76,"column":21}}],"line":74},"10":{"loc":{"start":{"line":74,"column":24},"end":{"line":74,"column":67}},"type":"binary-expr","locations":[{"start":{"line":74,"column":24},"end":{"line":74,"column":43}},{"start":{"line":74,"column":47},"end":{"line":74,"column":67}}],"line":74},"11":{"loc":{"start":{"line":79,"column":12},"end":{"line":81,"column":13}},"type":"if","locations":[{"start":{"line":79,"column":12},"end":{"line":81,"column":13}},{"start":{"line":79,"column":12},"end":{"line":81,"column":13}}],"line":79},"12":{"loc":{"start":{"line":79,"column":16},"end":{"line":79,"column":59}},"type":"binary-expr","locations":[{"start":{"line":79,"column":16},"end":{"line":79,"column":35}},{"start":{"line":79,"column":39},"end":{"line":79,"column":59}}],"line":79},"13":{"loc":{"start":{"line":100,"column":16},"end":{"line":102,"column":17}},"type":"if","locations":[{"start":{"line":100,"column":16},"end":{"line":102,"column":17}},{"start":{"line":100,"column":16},"end":{"line":102,"column":17}}],"line":100},"14":{"loc":{"start":{"line":109,"column":12},"end":{"line":117,"column":13}},"type":"if","locations":[{"start":{"line":109,"column":12},"end":{"line":117,"column":13}},{"start":{"line":109,"column":12},"end":{"line":117,"column":13}}],"line":109},"15":{"loc":{"start":{"line":109,"column":16},"end":{"line":109,"column":63}},"type":"binary-expr","locations":[{"start":{"line":109,"column":16},"end":{"line":109,"column":35}},{"start":{"line":109,"column":39},"end":{"line":109,"column":63}}],"line":109},"16":{"loc":{"start":{"line":111,"column":20},"end":{"line":115,"column":21}},"type":"if","locations":[{"start":{"line":111,"column":20},"end":{"line":115,"column":21}},{"start":{"line":111,"column":20},"end":{"line":115,"column":21}}],"line":111},"17":{"loc":{"start":{"line":128,"column":12},"end":{"line":132,"column":13}},"type":"if","locations":[{"start":{"line":128,"column":12},"end":{"line":132,"column":13}},{"start":{"line":128,"column":12},"end":{"line":132,"column":13}}],"line":128},"18":{"loc":{"start":{"line":128,"column":16},"end":{"line":128,"column":88}},"type":"binary-expr","locations":[{"start":{"line":128,"column":16},"end":{"line":128,"column":49}},{"start":{"line":128,"column":53},"end":{"line":128,"column":88}}],"line":128},"19":{"loc":{"start":{"line":150,"column":8},"end":{"line":154,"column":9}},"type":"if","locations":[{"start":{"line":150,"column":8},"end":{"line":154,"column":9}},{"start":{"line":150,"column":8},"end":{"line":154,"column":9}}],"line":150},"20":{"loc":{"start":{"line":150,"column":12},"end":{"line":150,"column":71}},"type":"binary-expr","locations":[{"start":{"line":150,"column":12},"end":{"line":150,"column":30}},{"start":{"line":150,"column":34},"end":{"line":150,"column":71}}],"line":150},"21":{"loc":{"start":{"line":152,"column":15},"end":{"line":154,"column":9}},"type":"if","locations":[{"start":{"line":152,"column":15},"end":{"line":154,"column":9}},{"start":{"line":152,"column":15},"end":{"line":154,"column":9}}],"line":152},"22":{"loc":{"start":{"line":191,"column":8},"end":{"line":193,"column":9}},"type":"if","locations":[{"start":{"line":191,"column":8},"end":{"line":193,"column":9}},{"start":{"line":191,"column":8},"end":{"line":193,"column":9}}],"line":191},"23":{"loc":{"start":{"line":195,"column":12},"end":{"line":197,"column":13}},"type":"if","locations":[{"start":{"line":195,"column":12},"end":{"line":197,"column":13}},{"start":{"line":195,"column":12},"end":{"line":197,"column":13}}],"line":195},"24":{"loc":{"start":{"line":200,"column":8},"end":{"line":202,"column":9}},"type":"if","locations":[{"start":{"line":200,"column":8},"end":{"line":202,"column":9}},{"start":{"line":200,"column":8},"end":{"line":202,"column":9}}],"line":200}},"s":{"0":15,"1":215,"2":15,"3":215,"4":15,"5":11,"6":4,"7":3,"8":2,"9":1,"10":1,"11":1,"12":2,"13":2,"14":2,"15":1,"16":13,"17":187,"18":187,"19":187,"20":187,"21":2694,"22":2694,"23":62,"24":28,"25":62,"26":28,"27":62,"28":2,"29":187,"30":2,"31":13,"32":13,"33":13,"34":187,"35":2695,"36":2508,"37":13,"38":187,"39":187,"40":1,"41":15,"42":1,"43":1,"44":1,"45":1,"46":14,"47":8,"48":6,"49":1,"50":14,"51":14,"52":3,"53":42,"54":3,"55":1,"56":2,"57":1,"58":1,"59":1,"60":1,"61":14,"62":1,"63":1,"64":14,"65":3,"66":3,"67":2,"68":3,"69":4,"70":3,"71":4,"72":3,"73":1},"f":{"0":15,"1":215,"2":215,"3":13,"4":1,"5":14,"6":14,"7":3,"8":42,"9":1,"10":14,"11":1,"12":3,"13":4},"b":{"0":[215,199],"1":[11,4],"2":[3,1],"3":[2,1],"4":[1,1],"5":[62,2632],"6":[2694,2508,754,190],"7":[28,34],"8":[28,34],"9":[2,60],"10":[62,30],"11":[2,185],"12":[187,28],"13":[2508,187],"14":[1,186],"15":[187,14],"16":[1,14],"17":[8,6],"18":[14,12],"19":[1,2],"20":[3,3],"21":[1,1],"22":[2,1],"23":[3,1],"24":[1,2]},"_coverageSchema":"332fd63041d2c1bcb487cc26dd0d5f7d97098a6c","hash":"3e72ff527a2a65731e13b9f45afd6400bb0ef216"}
}
