TN:
SF:/home/asma/cellery/mesh-observability/components/global/portal/io.cellery.observability.ui/src/index.js
FNF:0
FNH:0
DA:19,0
DA:20,0
DA:21,0
DA:22,0
DA:23,0
DA:25,0
DA:32,0
LF:7
LH:0
BRF:0
BRH:0
end_of_record
TN:
SF:/home/asma/cellery/mesh-observability/components/global/portal/io.cellery.observability.ui/src/serviceWorker.js
FN:41,register
FN:52,(anonymous_1)
FN:61,(anonymous_2)
FN:75,registerValidSW
FN:78,(anonymous_4)
FN:79,(anonymous_5)
FN:84,(anonymous_6)
FN:114,(anonymous_7)
FN:119,checkValidServiceWorker
FN:122,(anonymous_9)
FN:130,(anonymous_10)
FN:131,(anonymous_11)
FN:140,(anonymous_12)
FN:147,unregister
FN:149,(anonymous_14)
FNF:15
FNH:0
FNDA:0,register
FNDA:0,(anonymous_1)
FNDA:0,(anonymous_2)
FNDA:0,registerValidSW
FNDA:0,(anonymous_4)
FNDA:0,(anonymous_5)
FNDA:0,(anonymous_6)
FNDA:0,(anonymous_7)
FNDA:0,checkValidServiceWorker
FNDA:0,(anonymous_9)
FNDA:0,(anonymous_10)
FNDA:0,(anonymous_11)
FNDA:0,(anonymous_12)
FNDA:0,unregister
FNDA:0,(anonymous_14)
DA:31,0
DA:42,0
DA:44,0
DA:45,0
DA:49,0
DA:52,0
DA:53,0
DA:55,0
DA:57,0
DA:61,0
DA:62,0
DA:69,0
DA:76,0
DA:79,0
DA:80,0
DA:81,0
DA:82,0
DA:84,0
DA:85,0
DA:86,0
DA:90,0
DA:96,0
DA:97,0
DA:103,0
DA:106,0
DA:107,0
DA:115,0
DA:121,0
DA:124,0
DA:125,0
DA:130,0
DA:131,0
DA:132,0
DA:137,0
DA:141,0
DA:148,0
DA:149,0
DA:150,0
LF:38
LH:0
BRDA:32,0,0,0
BRDA:32,0,1,0
BRDA:32,0,2,0
BRDA:42,1,0,0
BRDA:42,1,1,0
BRDA:42,2,0,0
BRDA:42,2,1,0
BRDA:45,3,0,0
BRDA:45,3,1,0
BRDA:55,4,0,0
BRDA:55,4,1,0
BRDA:81,5,0,0
BRDA:81,5,1,0
BRDA:85,6,0,0
BRDA:85,6,1,0
BRDA:86,7,0,0
BRDA:86,7,1,0
BRDA:96,8,0,0
BRDA:96,8,1,0
BRDA:96,9,0,0
BRDA:96,9,1,0
BRDA:106,10,0,0
BRDA:106,10,1,0
BRDA:106,11,0,0
BRDA:106,11,1,0
BRDA:125,12,0,0
BRDA:125,12,1,0
BRDA:126,13,0,0
BRDA:126,13,1,0
BRDA:126,13,2,0
BRDA:148,14,0,0
BRDA:148,14,1,0
BRF:32
BRH:0
end_of_record
TN:
SF:/home/asma/cellery/mesh-observability/components/global/portal/io.cellery.observability.ui/src/components/App.js
FN:36,(anonymous_0)
FN:46,(anonymous_1)
FN:52,(anonymous_2)
FN:62,(anonymous_3)
FN:101,(anonymous_4)
FNF:5
FNH:1
FNDA:0,(anonymous_0)
FNDA:0,(anonymous_1)
FNDA:0,(anonymous_2)
FNDA:0,(anonymous_3)
FNDA:1,(anonymous_4)
DA:37,0
DA:39,0
DA:43,0
DA:47,0
DA:53,0
DA:54,0
DA:62,0
DA:72,1
DA:76,1
DA:79,1
DA:101,1
DA:102,1
LF:12
LH:5
BRDA:54,0,0,0
BRDA:54,0,1,0
BRF:2
BRH:0
end_of_record
TN:
SF:/home/asma/cellery/mesh-observability/components/global/portal/io.cellery.observability.ui/src/components/SignIn.js
FN:29,(anonymous_0)
FN:76,(anonymous_1)
FN:83,(anonymous_2)
FN:89,(anonymous_3)
FN:103,(anonymous_4)
FN:117,(anonymous_5)
FN:121,(anonymous_6)
FN:130,(anonymous_7)
FN:134,(anonymous_8)
FN:144,(anonymous_9)
FN:153,(anonymous_10)
FNF:11
FNH:0
FNDA:0,(anonymous_0)
FNDA:0,(anonymous_1)
FNDA:0,(anonymous_2)
FNDA:0,(anonymous_3)
FNDA:0,(anonymous_4)
FNDA:0,(anonymous_5)
FNDA:0,(anonymous_6)
FNDA:0,(anonymous_7)
FNDA:0,(anonymous_8)
FNDA:0,(anonymous_9)
FNDA:0,(anonymous_10)
DA:29,1
DA:72,1
DA:77,0
DA:79,0
DA:80,0
DA:84,0
DA:85,0
DA:90,0
DA:91,0
DA:104,0
DA:105,0
DA:106,0
DA:108,0
DA:109,0
DA:111,0
DA:112,0
DA:118,0
DA:122,0
DA:124,0
DA:125,0
DA:131,0
DA:135,0
DA:137,0
DA:138,0
DA:139,0
DA:145,0
DA:146,0
DA:147,0
DA:148,0
DA:152,0
DA:154,0
DA:157,0
DA:158,0
DA:159,0
DA:166,1
LF:35
LH:3
BRDA:84,0,0,0
BRDA:84,0,1,0
BRDA:108,1,0,0
BRDA:108,1,1,0
BRDA:108,2,0,0
BRDA:108,2,1,0
BRDA:109,3,0,0
BRDA:109,3,1,0
BRDA:109,4,0,0
BRDA:109,4,1,0
BRDA:124,5,0,0
BRDA:124,5,1,0
BRDA:124,6,0,0
BRDA:124,6,1,0
BRDA:137,7,0,0
BRDA:137,7,1,0
BRDA:137,8,0,0
BRDA:137,8,1,0
BRDA:157,9,0,0
BRDA:157,9,1,0
BRF:20
BRH:0
end_of_record
TN:
SF:/home/asma/cellery/mesh-observability/components/global/portal/io.cellery.observability.ui/src/components/appLayout/MainAppBar.js
FN:48,(anonymous_0)
FN:104,(anonymous_1)
FN:116,(anonymous_2)
FN:122,(anonymous_3)
FN:128,(anonymous_4)
FN:134,(anonymous_5)
FN:140,(anonymous_6)
FN:147,(anonymous_7)
FN:159,(anonymous_8)
FN:165,(anonymous_9)
FN:170,(anonymous_10)
FN:181,(anonymous_11)
FN:276,(anonymous_12)
FNF:13
FNH:0
FNDA:0,(anonymous_0)
FNDA:0,(anonymous_1)
FNDA:0,(anonymous_2)
FNDA:0,(anonymous_3)
FNDA:0,(anonymous_4)
FNDA:0,(anonymous_5)
FNDA:0,(anonymous_6)
FNDA:0,(anonymous_7)
FNDA:0,(anonymous_8)
FNDA:0,(anonymous_9)
FNDA:0,(anonymous_10)
FNDA:0,(anonymous_11)
FNDA:0,(anonymous_12)
DA:48,1
DA:105,0
DA:107,0
DA:113,0
DA:117,0
DA:123,0
DA:129,0
DA:135,0
DA:141,0
DA:142,0
DA:143,0
DA:148,0
DA:150,0
DA:151,0
DA:153,0
DA:160,0
DA:166,0
DA:167,0
DA:171,0
DA:173,0
DA:174,0
DA:175,0
DA:176,0
DA:178,0
DA:182,0
DA:183,0
DA:185,0
DA:186,0
DA:187,0
DA:189,0
DA:276,0
DA:291,1
LF:32
LH:2
BRDA:142,0,0,0
BRDA:142,0,1,0
BRDA:148,1,0,0
BRDA:148,1,1,0
BRDA:205,2,0,0
BRDA:205,2,1,0
BRDA:215,3,0,0
BRDA:215,3,1,0
BRDA:254,4,0,0
BRDA:254,4,1,0
BRF:10
BRH:0
end_of_record
TN:
SF:/home/asma/cellery/mesh-observability/components/global/portal/io.cellery.observability.ui/src/components/appLayout/SideNavBar.js
FN:37,(anonymous_0)
FN:82,(anonymous_1)
FN:89,(anonymous_2)
FN:97,(anonymous_3)
FN:135,(anonymous_4)
FN:149,(anonymous_5)
FN:163,(anonymous_6)
FNF:7
FNH:0
FNDA:0,(anonymous_0)
FNDA:0,(anonymous_1)
FNDA:0,(anonymous_2)
FNDA:0,(anonymous_3)
FNDA:0,(anonymous_4)
FNDA:0,(anonymous_5)
FNDA:0,(anonymous_6)
DA:37,1
DA:83,0
DA:84,0
DA:85,0
DA:90,0
DA:92,0
DA:98,0
DA:100,0
DA:105,0
DA:106,0
DA:107,0
DA:108,0
DA:112,0
DA:136,0
DA:150,0
DA:164,0
DA:180,1
LF:17
LH:2
BRDA:84,0,0,0
BRDA:84,0,1,0
BRDA:107,1,0,0
BRDA:107,1,1,0
BRDA:126,2,0,0
BRDA:126,2,1,0
BRF:6
BRH:0
end_of_record
TN:
SF:/home/asma/cellery/mesh-observability/components/global/portal/io.cellery.observability.ui/src/components/appLayout/index.js
FN:35,(anonymous_0)
FN:98,(anonymous_1)
FN:118,(anonymous_2)
FN:124,(anonymous_3)
FN:130,(anonymous_4)
FN:139,(anonymous_5)
FN:149,(anonymous_6)
FN:154,(anonymous_7)
FN:181,(anonymous_8)
FNF:9
FNH:0
FNDA:0,(anonymous_0)
FNDA:0,(anonymous_1)
FNDA:0,(anonymous_2)
FNDA:0,(anonymous_3)
FNDA:0,(anonymous_4)
FNDA:0,(anonymous_5)
FNDA:0,(anonymous_6)
FNDA:0,(anonymous_7)
FNDA:0,(anonymous_8)
DA:35,1
DA:99,0
DA:101,0
DA:102,0
DA:104,0
DA:114,0
DA:115,0
DA:119,0
DA:125,0
DA:131,0
DA:140,0
DA:150,0
DA:151,0
DA:155,0
DA:156,0
DA:159,0
DA:161,0
DA:162,0
DA:164,0
DA:165,0
DA:167,0
DA:168,0
DA:170,0
DA:173,0
DA:182,0
DA:183,0
DA:185,0
DA:225,1
LF:28
LH:2
BRDA:159,0,0,0
BRDA:159,0,1,0
BRDA:159,0,2,0
BRDA:159,0,3,0
BRDA:191,1,0,0
BRDA:191,1,1,0
BRDA:198,2,0,0
BRDA:198,2,1,0
BRF:8
BRH:0
end_of_record
TN:
SF:/home/asma/cellery/mesh-observability/components/global/portal/io.cellery.observability.ui/src/components/cells/CellList.js
FN:31,(anonymous_0)
FN:40,(anonymous_1)
FN:49,(anonymous_2)
FN:70,(anonymous_3)
FN:71,(anonymous_4)
FN:88,(anonymous_5)
FN:103,(anonymous_6)
FN:110,(anonymous_7)
FN:116,(anonymous_8)
FN:122,(anonymous_9)
FN:128,(anonymous_10)
FN:134,(anonymous_11)
FN:147,(anonymous_12)
FNF:13
FNH:0
FNDA:0,(anonymous_0)
FNDA:0,(anonymous_1)
FNDA:0,(anonymous_2)
FNDA:0,(anonymous_3)
FNDA:0,(anonymous_4)
FNDA:0,(anonymous_5)
FNDA:0,(anonymous_6)
FNDA:0,(anonymous_7)
FNDA:0,(anonymous_8)
FNDA:0,(anonymous_9)
FNDA:0,(anonymous_10)
FNDA:0,(anonymous_11)
FNDA:0,(anonymous_12)
DA:31,1
DA:41,0
DA:43,0
DA:50,0
DA:51,0
DA:53,0
DA:58,0
DA:59,0
DA:60,0
DA:64,0
DA:71,0
DA:79,0
DA:82,0
DA:83,0
DA:84,0
DA:89,0
DA:90,0
DA:91,0
DA:94,0
DA:104,0
DA:105,0
DA:106,0
DA:110,0
DA:116,0
DA:122,0
DA:128,0
DA:134,0
DA:141,0
DA:146,0
DA:147,0
DA:148,0
DA:149,0
DA:157,0
DA:158,0
DA:159,0
DA:161,0
DA:162,0
DA:163,0
DA:165,0
DA:166,0
DA:170,0
DA:171,0
DA:172,0
DA:173,0
DA:174,0
DA:185,0
DA:211,1
LF:47
LH:2
BRDA:58,0,0,0
BRDA:58,0,1,0
BRDA:82,1,0,0
BRDA:82,1,1,0
BRDA:89,2,0,0
BRDA:89,2,1,0
BRDA:148,3,0,0
BRDA:148,3,1,0
BRDA:161,4,0,0
BRDA:161,4,1,0
BRDA:172,5,0,0
BRDA:172,5,1,0
BRDA:172,6,0,0
BRDA:172,6,1,0
BRDA:175,7,0,0
BRDA:175,7,1,0
BRDA:177,8,0,0
BRDA:177,8,1,0
BRDA:178,9,0,0
BRDA:178,9,1,0
BRDA:179,10,0,0
BRDA:179,10,1,0
BRDA:189,11,0,0
BRDA:189,11,1,0
BRDA:194,12,0,0
BRDA:194,12,1,0
BRF:26
BRH:0
end_of_record
TN:
SF:/home/asma/cellery/mesh-observability/components/global/portal/io.cellery.observability.ui/src/components/cells/index.js
FN:27,(anonymous_0)
FN:32,(anonymous_1)
FNF:2
FNH:0
FNDA:0,(anonymous_0)
FNDA:0,(anonymous_1)
DA:27,1
DA:28,0
DA:32,0
DA:36,1
LF:4
LH:2
BRF:0
BRH:0
end_of_record
TN:
SF:/home/asma/cellery/mesh-observability/components/global/portal/io.cellery.observability.ui/src/components/cells/cell/CellDependencyView.js
FN:33,(anonymous_0)
FN:66,(anonymous_1)
FN:76,(anonymous_2)
FN:86,(anonymous_3)
FN:104,(anonymous_4)
FN:114,(anonymous_5)
FN:126,(anonymous_6)
FN:130,(anonymous_7)
FN:134,(anonymous_8)
FNF:9
FNH:0
FNDA:0,(anonymous_0)
FNDA:0,(anonymous_1)
FNDA:0,(anonymous_2)
FNDA:0,(anonymous_3)
FNDA:0,(anonymous_4)
FNDA:0,(anonymous_5)
FNDA:0,(anonymous_6)
FNDA:0,(anonymous_7)
FNDA:0,(anonymous_8)
DA:33,1
DA:67,0
DA:68,0
DA:77,0
DA:79,0
DA:87,0
DA:88,0
DA:90,0
DA:95,0
DA:96,0
DA:98,0
DA:105,0
DA:111,0
DA:112,0
DA:115,0
DA:116,0
DA:117,0
DA:131,0
DA:132,0
DA:134,0
DA:135,0
DA:136,0
DA:138,0
DA:143,0
DA:146,0
DA:147,0
DA:150,0
DA:151,0
DA:158,0
DA:167,0
DA:183,1
LF:31
LH:2
BRDA:95,0,0,0
BRDA:95,0,1,0
BRDA:111,1,0,0
BRDA:111,1,1,0
BRDA:115,2,0,0
BRDA:115,2,1,0
BRDA:139,3,0,0
BRDA:139,3,1,0
BRDA:150,4,0,0
BRDA:150,4,1,0
BRF:10
BRH:0
end_of_record
TN:
SF:/home/asma/cellery/mesh-observability/components/global/portal/io.cellery.observability.ui/src/components/cells/cell/ComponentList.js
FN:33,(anonymous_0)
FN:42,(anonymous_1)
FN:52,(anonymous_2)
FN:56,(anonymous_3)
FN:77,(anonymous_4)
FN:78,(anonymous_5)
FN:97,(anonymous_6)
FN:112,(anonymous_7)
FN:119,(anonymous_8)
FN:125,(anonymous_9)
FN:131,(anonymous_10)
FN:137,(anonymous_11)
FN:143,(anonymous_12)
FN:156,(anonymous_13)
FN:166,(anonymous_14)
FNF:15
FNH:0
FNDA:0,(anonymous_0)
FNDA:0,(anonymous_1)
FNDA:0,(anonymous_2)
FNDA:0,(anonymous_3)
FNDA:0,(anonymous_4)
FNDA:0,(anonymous_5)
FNDA:0,(anonymous_6)
FNDA:0,(anonymous_7)
FNDA:0,(anonymous_8)
FNDA:0,(anonymous_9)
FNDA:0,(anonymous_10)
FNDA:0,(anonymous_11)
FNDA:0,(anonymous_12)
FNDA:0,(anonymous_13)
FNDA:0,(anonymous_14)
DA:34,0
DA:36,0
DA:43,0
DA:45,0
DA:53,0
DA:57,0
DA:58,0
DA:60,0
DA:65,0
DA:66,0
DA:67,0
DA:71,0
DA:78,0
DA:88,0
DA:91,0
DA:92,0
DA:93,0
DA:98,0
DA:99,0
DA:100,0
DA:103,0
DA:113,0
DA:114,0
DA:115,0
DA:119,0
DA:125,0
DA:131,0
DA:137,0
DA:143,0
DA:150,0
DA:155,0
DA:156,0
DA:157,0
DA:158,0
DA:166,0
DA:167,0
DA:169,0
DA:170,0
DA:171,0
DA:173,0
DA:174,0
DA:178,0
DA:179,0
DA:181,0
DA:182,0
DA:185,0
DA:186,0
DA:192,0
DA:193,0
DA:194,0
DA:195,0
DA:196,0
DA:216,0
DA:217,0
DA:219,0
DA:226,0
DA:231,1
LF:57
LH:1
BRDA:65,0,0,0
BRDA:65,0,1,0
BRDA:91,1,0,0
BRDA:91,1,1,0
BRDA:98,2,0,0
BRDA:98,2,1,0
BRDA:157,3,0,0
BRDA:157,3,1,0
BRDA:167,4,0,0
BRDA:167,4,1,0
BRDA:170,5,0,0
BRDA:170,5,1,0
BRDA:173,6,0,0
BRDA:173,6,1,0
BRDA:178,7,0,0
BRDA:178,7,1,0
BRDA:181,8,0,0
BRDA:181,8,1,0
BRDA:194,9,0,0
BRDA:194,9,1,0
BRDA:194,10,0,0
BRDA:194,10,1,0
BRDA:197,11,0,0
BRDA:197,11,1,0
BRDA:201,12,0,0
BRDA:201,12,1,0
BRDA:204,13,0,0
BRDA:204,13,1,0
BRDA:207,14,0,0
BRDA:207,14,1,0
BRDA:216,15,0,0
BRDA:216,15,1,0
BRDA:226,16,0,0
BRDA:226,16,1,0
BRF:34
BRH:0
end_of_record
TN:
SF:/home/asma/cellery/mesh-observability/components/global/portal/io.cellery.observability.ui/src/components/cells/cell/Details.js
FN:36,(anonymous_0)
FN:51,(anonymous_1)
FN:62,(anonymous_2)
FN:72,(anonymous_3)
FN:94,(anonymous_4)
FN:95,(anonymous_5)
FN:98,(anonymous_6)
FN:119,(anonymous_7)
FN:134,(anonymous_8)
FNF:9
FNH:0
FNDA:0,(anonymous_0)
FNDA:0,(anonymous_1)
FNDA:0,(anonymous_2)
FNDA:0,(anonymous_3)
FNDA:0,(anonymous_4)
FNDA:0,(anonymous_5)
FNDA:0,(anonymous_6)
FNDA:0,(anonymous_7)
FNDA:0,(anonymous_8)
DA:36,1
DA:52,0
DA:54,0
DA:63,0
DA:65,0
DA:73,0
DA:74,0
DA:76,0
DA:82,0
DA:83,0
DA:84,0
DA:88,0
DA:95,0
DA:99,0
DA:100,0
DA:102,0
DA:103,0
DA:109,0
DA:113,0
DA:114,0
DA:115,0
DA:120,0
DA:121,0
DA:122,0
DA:125,0
DA:135,0
DA:136,0
DA:139,0
DA:140,0
DA:157,0
DA:162,0
DA:176,1
LF:32
LH:2
BRDA:82,0,0,0
BRDA:82,0,1,0
BRDA:99,1,0,0
BRDA:99,1,1,0
BRDA:110,2,0,0
BRDA:110,2,1,0
BRDA:113,3,0,0
BRDA:113,3,1,0
BRDA:120,4,0,0
BRDA:120,4,1,0
BRDA:139,5,0,0
BRDA:139,5,1,0
BRDA:164,6,0,0
BRDA:164,6,1,0
BRDA:166,7,0,0
BRDA:166,7,1,0
BRF:16
BRH:0
end_of_record
TN:
SF:/home/asma/cellery/mesh-observability/components/global/portal/io.cellery.observability.ui/src/components/cells/cell/Metrics.js
FN:32,(anonymous_0)
FN:51,(anonymous_1)
FN:67,(anonymous_2)
FN:77,(anonymous_3)
FN:90,(anonymous_4)
FN:90,(anonymous_5)
FN:116,(anonymous_6)
FN:127,(anonymous_7)
FN:137,(anonymous_8)
FN:139,(anonymous_9)
FN:143,(anonymous_10)
FN:147,(anonymous_11)
FN:150,(anonymous_12)
FN:162,(anonymous_13)
FN:186,(anonymous_14)
FN:196,(anonymous_15)
FN:197,(anonymous_16)
FN:211,(anonymous_17)
FN:215,(anonymous_18)
FN:218,(anonymous_19)
FN:230,(anonymous_20)
FN:266,(anonymous_21)
FNF:22
FNH:0
FNDA:0,(anonymous_0)
FNDA:0,(anonymous_1)
FNDA:0,(anonymous_2)
FNDA:0,(anonymous_3)
FNDA:0,(anonymous_4)
FNDA:0,(anonymous_5)
FNDA:0,(anonymous_6)
FNDA:0,(anonymous_7)
FNDA:0,(anonymous_8)
FNDA:0,(anonymous_9)
FNDA:0,(anonymous_10)
FNDA:0,(anonymous_11)
FNDA:0,(anonymous_12)
FNDA:0,(anonymous_13)
FNDA:0,(anonymous_14)
FNDA:0,(anonymous_15)
FNDA:0,(anonymous_16)
FNDA:0,(anonymous_17)
FNDA:0,(anonymous_18)
FNDA:0,(anonymous_19)
FNDA:0,(anonymous_20)
FNDA:0,(anonymous_21)
DA:32,1
DA:52,0
DA:54,0
DA:68,0
DA:70,0
DA:78,0
DA:79,0
DA:80,0
DA:82,0
DA:87,0
DA:90,0
DA:91,0
DA:92,0
DA:94,0
DA:95,0
DA:99,0
DA:100,0
DA:107,0
DA:117,0
DA:118,0
DA:120,0
DA:125,0
DA:126,0
DA:127,0
DA:131,0
DA:138,0
DA:139,0
DA:141,0
DA:142,0
DA:143,0
DA:148,0
DA:149,0
DA:150,0
DA:153,0
DA:163,0
DA:164,0
DA:167,0
DA:171,0
DA:172,0
DA:173,0
DA:175,0
DA:178,0
DA:179,0
DA:181,0
DA:184,0
DA:185,0
DA:186,0
DA:190,0
DA:197,0
DA:206,0
DA:209,0
DA:210,0
DA:211,0
DA:216,0
DA:217,0
DA:218,0
DA:221,0
DA:231,0
DA:232,0
DA:234,0
DA:236,0
DA:266,0
DA:295,1
LF:63
LH:2
BRDA:55,0,0,0
BRDA:55,0,1,0
BRDA:55,1,0,0
BRDA:55,1,1,0
BRDA:58,2,0,0
BRDA:58,2,1,0
BRDA:58,3,0,0
BRDA:58,3,1,0
BRDA:84,4,0,0
BRDA:84,4,1,0
BRDA:85,5,0,0
BRDA:85,5,1,0
BRDA:99,6,0,0
BRDA:99,6,1,0
BRDA:111,7,0,0
BRDA:111,7,1,0
BRDA:112,8,0,0
BRDA:112,8,1,0
BRDA:125,9,0,0
BRDA:125,9,1,0
BRDA:139,10,0,0
BRDA:139,10,1,0
BRDA:141,11,0,0
BRDA:141,11,1,0
BRDA:148,12,0,0
BRDA:148,12,1,0
BRDA:171,13,0,0
BRDA:171,13,1,0
BRDA:172,14,0,0
BRDA:172,14,1,0
BRDA:178,15,0,0
BRDA:178,15,1,0
BRDA:184,16,0,0
BRDA:184,16,1,0
BRDA:209,17,0,0
BRDA:209,17,1,0
BRDA:216,18,0,0
BRDA:216,18,1,0
BRDA:234,19,0,0
BRDA:234,19,1,0
BRDA:237,20,0,0
BRDA:237,20,1,0
BRDA:273,21,0,0
BRDA:273,21,1,0
BRDA:276,22,0,0
BRDA:276,22,1,0
BRDA:281,23,0,0
BRDA:281,23,1,0
BRF:48
BRH:0
end_of_record
TN:
SF:/home/asma/cellery/mesh-observability/components/global/portal/io.cellery.observability.ui/src/components/cells/cell/index.js
FN:33,(anonymous_0)
FN:60,(anonymous_1)
FN:79,(anonymous_2)
FN:96,(anonymous_3)
FN:102,(anonymous_4)
FN:115,(anonymous_5)
FNF:6
FNH:0
FNDA:0,(anonymous_0)
FNDA:0,(anonymous_1)
FNDA:0,(anonymous_2)
FNDA:0,(anonymous_3)
FNDA:0,(anonymous_4)
FNDA:0,(anonymous_5)
DA:33,1
DA:61,0
DA:63,0
DA:64,0
DA:66,0
DA:71,0
DA:72,0
DA:74,0
DA:80,0
DA:82,0
DA:87,0
DA:91,0
DA:97,0
DA:98,0
DA:103,0
DA:106,0
DA:110,0
DA:116,0
DA:117,0
DA:119,0
DA:121,0
DA:122,0
DA:124,0
DA:126,0
DA:129,0
DA:154,1
LF:26
LH:2
BRDA:72,0,0,0
BRDA:72,0,1,0
BRDA:75,1,0,0
BRDA:75,1,1,0
BRDA:75,2,0,0
BRDA:75,2,1,0
BRDA:97,3,0,0
BRDA:97,3,1,0
BRDA:97,4,0,0
BRDA:97,4,1,0
BRF:10
BRH:0
end_of_record
TN:
SF:/home/asma/cellery/mesh-observability/components/global/portal/io.cellery.observability.ui/src/components/cells/component/ComponentDependencyGraph.js
FN:27,(anonymous_0)
FN:121,(anonymous_1)
FN:126,(anonymous_2)
FN:132,(anonymous_3)
FN:138,(anonymous_4)
FN:143,(anonymous_5)
FN:146,(anonymous_6)
FN:155,(anonymous_7)
FN:167,(anonymous_8)
FN:181,(anonymous_9)
FN:187,(anonymous_10)
FN:210,(anonymous_11)
FN:241,(anonymous_12)
FN:250,(anonymous_13)
FN:262,(anonymous_14)
FN:265,(anonymous_15)
FN:277,(anonymous_16)
FN:279,(anonymous_17)
FN:306,(anonymous_18)
FN:349,(anonymous_19)
FN:357,(anonymous_20)
FN:367,(anonymous_21)
FN:411,(anonymous_22)
FN:433,(anonymous_23)
FNF:24
FNH:0
FNDA:0,(anonymous_0)
FNDA:0,(anonymous_1)
FNDA:0,(anonymous_2)
FNDA:0,(anonymous_3)
FNDA:0,(anonymous_4)
FNDA:0,(anonymous_5)
FNDA:0,(anonymous_6)
FNDA:0,(anonymous_7)
FNDA:0,(anonymous_8)
FNDA:0,(anonymous_9)
FNDA:0,(anonymous_10)
FNDA:0,(anonymous_11)
FNDA:0,(anonymous_12)
FNDA:0,(anonymous_13)
FNDA:0,(anonymous_14)
FNDA:0,(anonymous_15)
FNDA:0,(anonymous_16)
FNDA:0,(anonymous_17)
FNDA:0,(anonymous_18)
FNDA:0,(anonymous_19)
FNDA:0,(anonymous_20)
FNDA:0,(anonymous_21)
FNDA:0,(anonymous_22)
FNDA:0,(anonymous_23)
DA:27,1
DA:122,0
DA:123,0
DA:127,0
DA:128,0
DA:133,0
DA:134,0
DA:139,0
DA:140,0
DA:141,0
DA:143,0
DA:144,0
DA:145,0
DA:147,0
DA:148,0
DA:152,0
DA:155,0
DA:156,0
DA:157,0
DA:158,0
DA:159,0
DA:160,0
DA:161,0
DA:163,0
DA:164,0
DA:167,0
DA:172,0
DA:173,0
DA:174,0
DA:175,0
DA:176,0
DA:178,0
DA:181,0
DA:182,0
DA:183,0
DA:184,0
DA:187,0
DA:189,0
DA:190,0
DA:194,0
DA:195,0
DA:196,0
DA:197,0
DA:198,0
DA:199,0
DA:201,0
DA:203,0
DA:204,0
DA:207,0
DA:210,0
DA:219,0
DA:221,0
DA:222,0
DA:223,0
DA:224,0
DA:225,0
DA:226,0
DA:228,0
DA:229,0
DA:231,0
DA:232,0
DA:233,0
DA:234,0
DA:235,0
DA:236,0
DA:238,0
DA:241,0
DA:242,0
DA:245,0
DA:246,0
DA:249,0
DA:250,0
DA:251,0
DA:261,0
DA:262,0
DA:264,0
DA:265,0
DA:267,0
DA:268,0
DA:277,0
DA:278,0
DA:279,0
DA:280,0
DA:281,0
DA:284,0
DA:287,0
DA:288,0
DA:290,0
DA:291,0
DA:293,0
DA:299,0
DA:302,0
DA:303,0
DA:306,0
DA:307,0
DA:308,0
DA:310,0
DA:311,0
DA:312,0
DA:313,0
DA:314,0
DA:316,0
DA:317,0
DA:319,0
DA:322,0
DA:323,0
DA:324,0
DA:326,0
DA:327,0
DA:328,0
DA:329,0
DA:330,0
DA:332,0
DA:333,0
DA:336,0
DA:337,0
DA:343,0
DA:344,0
DA:345,0
DA:346,0
DA:349,0
DA:350,0
DA:351,0
DA:353,0
DA:355,0
DA:356,0
DA:357,0
DA:358,0
DA:359,0
DA:360,0
DA:361,0
DA:364,0
DA:367,0
DA:368,0
DA:370,0
DA:371,0
DA:374,0
DA:375,0
DA:376,0
DA:377,0
DA:378,0
DA:379,0
DA:385,0
DA:386,0
DA:388,0
DA:389,0
DA:390,0
DA:395,0
DA:396,0
DA:397,0
DA:398,0
DA:402,0
DA:403,0
DA:404,0
DA:405,0
DA:408,0
DA:411,0
DA:412,0
DA:413,0
DA:414,0
DA:415,0
DA:416,0
DA:417,0
DA:421,0
DA:422,0
DA:423,0
DA:424,0
DA:427,0
DA:429,0
DA:430,0
DA:434,0
DA:437,0
DA:438,0
DA:444,0
DA:448,0
DA:453,1
LF:176
LH:2
BRDA:127,0,0,0
BRDA:127,0,1,0
BRDA:133,1,0,0
BRDA:133,1,1,0
BRDA:147,2,0,0
BRDA:147,2,1,0
BRDA:173,3,0,0
BRDA:173,3,1,0
BRDA:173,4,0,0
BRDA:173,4,1,0
BRDA:174,5,0,0
BRDA:174,5,1,0
BRDA:174,6,0,0
BRDA:174,6,1,0
BRDA:175,7,0,0
BRDA:175,7,1,0
BRDA:175,8,0,0
BRDA:175,8,1,0
BRDA:176,9,0,0
BRDA:176,9,1,0
BRDA:176,10,0,0
BRDA:176,10,1,0
BRDA:189,11,0,0
BRDA:189,11,1,0
BRDA:197,12,0,0
BRDA:197,12,1,0
BRDA:203,13,0,0
BRDA:203,13,1,0
BRDA:225,14,0,0
BRDA:225,14,1,0
BRDA:228,15,0,0
BRDA:228,15,1,0
BRDA:245,16,0,0
BRDA:245,16,1,0
BRDA:249,17,0,0
BRDA:249,17,1,0
BRDA:261,18,0,0
BRDA:261,18,1,0
BRDA:265,19,0,0
BRDA:265,19,1,0
BRDA:267,20,0,0
BRDA:267,20,1,0
BRDA:280,21,0,0
BRDA:280,21,1,0
BRDA:302,22,0,0
BRDA:302,22,1,0
BRDA:316,23,0,0
BRDA:316,23,1,0
BRDA:336,24,0,0
BRDA:336,24,1,0
BRDA:370,25,0,0
BRDA:370,25,1,0
BRDA:375,26,0,0
BRDA:375,26,1,0
BRDA:377,27,0,0
BRDA:377,27,1,0
BRDA:388,28,0,0
BRDA:388,28,1,0
BRDA:396,29,0,0
BRDA:396,29,1,0
BRDA:404,30,0,0
BRDA:404,30,1,0
BRDA:413,31,0,0
BRDA:413,31,1,0
BRDA:415,32,0,0
BRDA:415,32,1,0
BRDA:423,33,0,0
BRDA:423,33,1,0
BRDA:437,34,0,0
BRDA:437,34,1,0
BRDA:437,35,0,0
BRDA:437,35,1,0
BRF:72
BRH:0
end_of_record
TN:
SF:/home/asma/cellery/mesh-observability/components/global/portal/io.cellery.observability.ui/src/components/cells/component/ComponentDependencyView.js
FN:33,(anonymous_0)
FN:65,(anonymous_1)
FN:75,(anonymous_2)
FN:85,(anonymous_3)
FN:105,(anonymous_4)
FN:110,(anonymous_5)
FN:126,(anonymous_6)
FN:144,(anonymous_7)
FN:156,(anonymous_8)
FN:160,(anonymous_9)
FN:166,(anonymous_10)
FNF:11
FNH:0
FNDA:0,(anonymous_0)
FNDA:0,(anonymous_1)
FNDA:0,(anonymous_2)
FNDA:0,(anonymous_3)
FNDA:0,(anonymous_4)
FNDA:0,(anonymous_5)
FNDA:0,(anonymous_6)
FNDA:0,(anonymous_7)
FNDA:0,(anonymous_8)
FNDA:0,(anonymous_9)
FNDA:0,(anonymous_10)
DA:33,1
DA:66,0
DA:67,0
DA:76,0
DA:78,0
DA:86,0
DA:87,0
DA:89,0
DA:94,0
DA:95,0
DA:97,0
DA:98,0
DA:99,0
DA:107,0
DA:108,0
DA:110,0
DA:111,0
DA:112,0
DA:117,0
DA:118,0
DA:126,0
DA:127,0
DA:129,0
DA:135,0
DA:141,0
DA:142,0
DA:145,0
DA:146,0
DA:147,0
DA:161,0
DA:162,0
DA:163,0
DA:166,0
DA:167,0
DA:168,0
DA:172,0
DA:173,0
DA:181,0
DA:188,0
DA:191,0
DA:192,0
DA:195,0
DA:196,0
DA:206,0
DA:215,0
DA:231,1
LF:46
LH:2
BRDA:94,0,0,0
BRDA:94,0,1,0
BRDA:111,1,0,0
BRDA:111,1,1,0
BRDA:117,2,0,0
BRDA:117,2,1,0
BRDA:127,3,0,0
BRDA:127,3,1,0
BRDA:127,4,0,0
BRDA:127,4,1,0
BRDA:127,4,2,0
BRDA:127,4,3,0
BRDA:141,5,0,0
BRDA:141,5,1,0
BRDA:145,6,0,0
BRDA:145,6,1,0
BRDA:172,7,0,0
BRDA:172,7,1,0
BRDA:174,8,0,0
BRDA:174,8,1,0
BRDA:195,9,0,0
BRDA:195,9,1,0
BRF:22
BRH:0
end_of_record
TN:
SF:/home/asma/cellery/mesh-observability/components/global/portal/io.cellery.observability.ui/src/components/cells/component/Details.js
FN:35,(anonymous_0)
FN:47,(anonymous_1)
FN:58,(anonymous_2)
FN:68,(anonymous_3)
FN:91,(anonymous_4)
FN:92,(anonymous_5)
FN:95,(anonymous_6)
FN:116,(anonymous_7)
FN:131,(anonymous_8)
FNF:9
FNH:0
FNDA:0,(anonymous_0)
FNDA:0,(anonymous_1)
FNDA:0,(anonymous_2)
FNDA:0,(anonymous_3)
FNDA:0,(anonymous_4)
FNDA:0,(anonymous_5)
FNDA:0,(anonymous_6)
FNDA:0,(anonymous_7)
FNDA:0,(anonymous_8)
DA:35,1
DA:48,0
DA:50,0
DA:59,0
DA:61,0
DA:69,0
DA:70,0
DA:72,0
DA:79,0
DA:80,0
DA:81,0
DA:85,0
DA:92,0
DA:96,0
DA:97,0
DA:99,0
DA:100,0
DA:106,0
DA:110,0
DA:111,0
DA:112,0
DA:117,0
DA:118,0
DA:119,0
DA:122,0
DA:132,0
DA:133,0
DA:136,0
DA:137,0
DA:164,0
DA:170,0
DA:184,1
LF:32
LH:2
BRDA:79,0,0,0
BRDA:79,0,1,0
BRDA:96,1,0,0
BRDA:96,1,1,0
BRDA:107,2,0,0
BRDA:107,2,1,0
BRDA:110,3,0,0
BRDA:110,3,1,0
BRDA:117,4,0,0
BRDA:117,4,1,0
BRDA:136,5,0,0
BRDA:136,5,1,0
BRDA:172,6,0,0
BRDA:172,6,1,0
BRDA:174,7,0,0
BRDA:174,7,1,0
BRF:16
BRH:0
end_of_record
TN:
SF:/home/asma/cellery/mesh-observability/components/global/portal/io.cellery.observability.ui/src/components/cells/component/K8sPodsList.js
FN:36,(anonymous_0)
FN:47,(anonymous_1)
FN:57,(anonymous_2)
FN:61,(anonymous_3)
FN:84,(anonymous_4)
FN:85,(anonymous_5)
FN:101,(anonymous_6)
FN:116,(anonymous_7)
FN:124,(anonymous_8)
FN:130,(anonymous_9)
FN:136,(anonymous_10)
FN:145,(anonymous_11)
FN:149,(anonymous_12)
FN:183,(anonymous_13)
FN:194,(anonymous_14)
FN:200,(anonymous_15)
FN:219,(anonymous_16)
FNF:17
FNH:0
FNDA:0,(anonymous_0)
FNDA:0,(anonymous_1)
FNDA:0,(anonymous_2)
FNDA:0,(anonymous_3)
FNDA:0,(anonymous_4)
FNDA:0,(anonymous_5)
FNDA:0,(anonymous_6)
FNDA:0,(anonymous_7)
FNDA:0,(anonymous_8)
FNDA:0,(anonymous_9)
FNDA:0,(anonymous_10)
FNDA:0,(anonymous_11)
FNDA:0,(anonymous_12)
FNDA:0,(anonymous_13)
FNDA:0,(anonymous_14)
FNDA:0,(anonymous_15)
FNDA:0,(anonymous_16)
DA:37,0
DA:39,0
DA:48,0
DA:50,0
DA:58,0
DA:62,0
DA:63,0
DA:65,0
DA:72,0
DA:73,0
DA:74,0
DA:78,0
DA:85,0
DA:92,0
DA:95,0
DA:96,0
DA:97,0
DA:102,0
DA:103,0
DA:104,0
DA:107,0
DA:117,0
DA:118,0
DA:119,0
DA:121,0
DA:122,0
DA:124,0
DA:125,0
DA:130,0
DA:131,0
DA:136,0
DA:137,0
DA:138,0
DA:140,0
DA:145,0
DA:146,0
DA:147,0
DA:149,0
DA:150,0
DA:151,0
DA:154,0
DA:155,0
DA:184,0
DA:185,0
DA:187,0
DA:194,0
DA:200,0
DA:213,0
DA:218,0
DA:219,0
DA:230,0
DA:236,0
DA:241,1
LF:53
LH:1
BRDA:72,0,0,0
BRDA:72,0,1,0
BRDA:95,1,0,0
BRDA:95,1,1,0
BRDA:102,2,0,0
BRDA:102,2,1,0
BRDA:154,3,0,0
BRDA:154,3,1,0
BRDA:158,4,0,0
BRDA:158,4,1,0
BRDA:162,5,0,0
BRDA:162,5,1,0
BRDA:162,6,0,0
BRDA:162,6,1,0
BRDA:166,7,0,0
BRDA:166,7,1,0
BRDA:171,8,0,0
BRDA:171,8,1,0
BRDA:218,9,0,0
BRDA:218,9,1,0
BRDA:236,10,0,0
BRDA:236,10,1,0
BRF:22
BRH:0
end_of_record
TN:
SF:/home/asma/cellery/mesh-observability/components/global/portal/io.cellery.observability.ui/src/components/cells/component/Metrics.js
FN:32,(anonymous_0)
FN:51,(anonymous_1)
FN:74,(anonymous_2)
FN:84,(anonymous_3)
FN:99,(anonymous_4)
FN:99,(anonymous_5)
FN:127,(anonymous_6)
FN:138,(anonymous_7)
FN:148,(anonymous_8)
FN:151,(anonymous_9)
FN:155,(anonymous_10)
FN:159,(anonymous_11)
FN:162,(anonymous_12)
FN:174,(anonymous_13)
FN:207,(anonymous_14)
FN:217,(anonymous_15)
FN:218,(anonymous_16)
FN:232,(anonymous_17)
FN:236,(anonymous_18)
FN:239,(anonymous_19)
FN:251,(anonymous_20)
FN:256,(anonymous_21)
FN:261,(anonymous_22)
FN:272,(anonymous_23)
FN:295,(anonymous_24)
FN:332,(anonymous_25)
FN:350,(anonymous_26)
FNF:27
FNH:0
FNDA:0,(anonymous_0)
FNDA:0,(anonymous_1)
FNDA:0,(anonymous_2)
FNDA:0,(anonymous_3)
FNDA:0,(anonymous_4)
FNDA:0,(anonymous_5)
FNDA:0,(anonymous_6)
FNDA:0,(anonymous_7)
FNDA:0,(anonymous_8)
FNDA:0,(anonymous_9)
FNDA:0,(anonymous_10)
FNDA:0,(anonymous_11)
FNDA:0,(anonymous_12)
FNDA:0,(anonymous_13)
FNDA:0,(anonymous_14)
FNDA:0,(anonymous_15)
FNDA:0,(anonymous_16)
FNDA:0,(anonymous_17)
FNDA:0,(anonymous_18)
FNDA:0,(anonymous_19)
FNDA:0,(anonymous_20)
FNDA:0,(anonymous_21)
FNDA:0,(anonymous_22)
FNDA:0,(anonymous_23)
FNDA:0,(anonymous_24)
FNDA:0,(anonymous_25)
FNDA:0,(anonymous_26)
DA:32,1
DA:52,0
DA:54,0
DA:75,0
DA:77,0
DA:86,0
DA:87,0
DA:88,0
DA:90,0
DA:96,0
DA:99,0
DA:100,0
DA:101,0
DA:103,0
DA:104,0
DA:108,0
DA:109,0
DA:117,0
DA:128,0
DA:129,0
DA:131,0
DA:136,0
DA:137,0
DA:138,0
DA:142,0
DA:149,0
DA:151,0
DA:153,0
DA:154,0
DA:155,0
DA:160,0
DA:161,0
DA:162,0
DA:165,0
DA:175,0
DA:176,0
DA:179,0
DA:183,0
DA:184,0
DA:185,0
DA:187,0
DA:190,0
DA:191,0
DA:192,0
DA:194,0
DA:197,0
DA:198,0
DA:199,0
DA:201,0
DA:202,0
DA:205,0
DA:206,0
DA:207,0
DA:211,0
DA:218,0
DA:227,0
DA:230,0
DA:231,0
DA:232,0
DA:237,0
DA:238,0
DA:239,0
DA:242,0
DA:252,0
DA:253,0
DA:255,0
DA:256,0
DA:258,0
DA:259,0
DA:260,0
DA:261,0
DA:262,0
DA:265,0
DA:267,0
DA:271,0
DA:272,0
DA:273,0
DA:277,0
DA:281,0
DA:285,0
DA:296,0
DA:297,0
DA:299,0
DA:301,0
DA:332,0
DA:351,0
DA:383,1
LF:87
LH:2
BRDA:55,0,0,0
BRDA:55,0,1,0
BRDA:55,1,0,0
BRDA:55,1,1,0
BRDA:58,2,0,0
BRDA:58,2,1,0
BRDA:58,3,0,0
BRDA:58,3,1,0
BRDA:61,4,0,0
BRDA:61,4,1,0
BRDA:61,5,0,0
BRDA:61,5,1,0
BRDA:92,6,0,0
BRDA:92,6,1,0
BRDA:93,7,0,0
BRDA:93,7,1,0
BRDA:94,8,0,0
BRDA:94,8,1,0
BRDA:108,9,0,0
BRDA:108,9,1,0
BRDA:121,10,0,0
BRDA:121,10,1,0
BRDA:122,11,0,0
BRDA:122,11,1,0
BRDA:123,12,0,0
BRDA:123,12,1,0
BRDA:136,13,0,0
BRDA:136,13,1,0
BRDA:151,14,0,0
BRDA:151,14,1,0
BRDA:153,15,0,0
BRDA:153,15,1,0
BRDA:160,16,0,0
BRDA:160,16,1,0
BRDA:183,17,0,0
BRDA:183,17,1,0
BRDA:184,18,0,0
BRDA:184,18,1,0
BRDA:190,19,0,0
BRDA:190,19,1,0
BRDA:191,20,0,0
BRDA:191,20,1,0
BRDA:197,21,0,0
BRDA:197,21,1,0
BRDA:205,22,0,0
BRDA:205,22,1,0
BRDA:230,23,0,0
BRDA:230,23,1,0
BRDA:237,24,0,0
BRDA:237,24,1,0
BRDA:259,25,0,0
BRDA:259,25,1,0
BRDA:259,26,0,0
BRDA:259,26,1,0
BRDA:261,27,0,0
BRDA:261,27,1,0
BRDA:265,28,0,0
BRDA:265,28,1,0
BRDA:265,29,0,0
BRDA:265,29,1,0
BRDA:265,29,2,0
BRDA:273,30,0,0
BRDA:273,30,1,0
BRDA:273,31,0,0
BRDA:273,31,1,0
BRDA:273,31,2,0
BRDA:273,31,3,0
BRDA:273,31,4,0
BRDA:273,31,5,0
BRDA:273,31,6,0
BRDA:281,32,0,0
BRDA:281,32,1,0
BRDA:281,33,0,0
BRDA:281,33,1,0
BRDA:299,34,0,0
BRDA:299,34,1,0
BRDA:302,35,0,0
BRDA:302,35,1,0
BRDA:359,36,0,0
BRDA:359,36,1,0
BRDA:362,37,0,0
BRDA:362,37,1,0
BRDA:367,38,0,0
BRDA:367,38,1,0
BRF:84
BRH:0
end_of_record
TN:
SF:/home/asma/cellery/mesh-observability/components/global/portal/io.cellery.observability.ui/src/components/cells/component/index.js
FN:33,(anonymous_0)
FN:60,(anonymous_1)
FN:78,(anonymous_2)
FN:95,(anonymous_3)
FN:101,(anonymous_4)
FN:114,(anonymous_5)
FNF:6
FNH:0
FNDA:0,(anonymous_0)
FNDA:0,(anonymous_1)
FNDA:0,(anonymous_2)
FNDA:0,(anonymous_3)
FNDA:0,(anonymous_4)
FNDA:0,(anonymous_5)
DA:33,1
DA:61,0
DA:63,0
DA:68,0
DA:69,0
DA:71,0
DA:75,0
DA:79,0
DA:81,0
DA:86,0
DA:90,0
DA:96,0
DA:97,0
DA:102,0
DA:105,0
DA:109,0
DA:115,0
DA:116,0
DA:118,0
DA:119,0
DA:121,0
DA:122,0
DA:124,0
DA:126,0
DA:130,0
DA:155,1
LF:26
LH:2
BRDA:69,0,0,0
BRDA:69,0,1,0
BRDA:72,1,0,0
BRDA:72,1,1,0
BRDA:72,2,0,0
BRDA:72,2,1,0
BRDA:96,3,0,0
BRDA:96,3,1,0
BRDA:96,4,0,0
BRDA:96,4,1,0
BRF:10
BRH:0
end_of_record
TN:
SF:/home/asma/cellery/mesh-observability/components/global/portal/io.cellery.observability.ui/src/components/cells/metricsGraphs/index.js
FN:34,(anonymous_0)
FN:74,(anonymous_1)
FN:83,(anonymous_2)
FN:142,(anonymous_3)
FN:152,(anonymous_4)
FN:158,(anonymous_5)
FN:167,(anonymous_6)
FN:175,(anonymous_7)
FN:195,(anonymous_8)
FN:227,(anonymous_9)
FN:228,(anonymous_10)
FN:229,(anonymous_11)
FN:247,(anonymous_12)
FN:248,(anonymous_13)
FN:318,(anonymous_14)
FN:321,(anonymous_15)
FN:322,(anonymous_16)
FN:394,(anonymous_17)
FN:415,(anonymous_18)
FN:447,(anonymous_19)
FNF:20
FNH:0
FNDA:0,(anonymous_0)
FNDA:0,(anonymous_1)
FNDA:0,(anonymous_2)
FNDA:0,(anonymous_3)
FNDA:0,(anonymous_4)
FNDA:0,(anonymous_5)
FNDA:0,(anonymous_6)
FNDA:0,(anonymous_7)
FNDA:0,(anonymous_8)
FNDA:0,(anonymous_9)
FNDA:0,(anonymous_10)
FNDA:0,(anonymous_11)
FNDA:0,(anonymous_12)
FNDA:0,(anonymous_13)
FNDA:0,(anonymous_14)
FNDA:0,(anonymous_15)
FNDA:0,(anonymous_16)
FNDA:0,(anonymous_17)
FNDA:0,(anonymous_18)
FNDA:0,(anonymous_19)
DA:34,1
DA:70,1
DA:75,0
DA:77,0
DA:84,0
DA:85,0
DA:86,0
DA:88,0
DA:89,0
DA:90,0
DA:91,0
DA:92,0
DA:93,0
DA:99,0
DA:100,0
DA:101,0
DA:102,0
DA:104,0
DA:105,0
DA:108,0
DA:109,0
DA:111,0
DA:112,0
DA:115,0
DA:118,0
DA:119,0
DA:122,0
DA:123,0
DA:124,0
DA:131,0
DA:132,0
DA:141,0
DA:142,0
DA:149,0
DA:152,0
DA:158,0
DA:164,0
DA:167,0
DA:175,0
DA:183,0
DA:196,0
DA:197,0
DA:199,0
DA:200,0
DA:201,0
DA:202,0
DA:204,0
DA:209,0
DA:211,0
DA:215,0
DA:227,0
DA:228,0
DA:229,0
DA:247,0
DA:248,0
DA:319,0
DA:321,0
DA:322,0
DA:394,0
DA:416,0
DA:419,0
DA:420,0
DA:421,0
DA:422,0
DA:423,0
DA:424,0
DA:425,0
DA:426,0
DA:427,0
DA:428,0
DA:430,0
DA:431,0
DA:434,0
DA:435,0
DA:446,0
DA:447,0
DA:448,0
DA:456,0
DA:457,0
DA:458,0
DA:460,0
DA:461,0
DA:463,0
DA:464,0
DA:465,0
DA:468,0
DA:469,0
DA:474,1
LF:88
LH:3
BRDA:104,0,0,0
BRDA:104,0,1,0
BRDA:108,1,0,0
BRDA:108,1,1,0
BRDA:111,2,0,0
BRDA:111,2,1,0
BRDA:115,3,0,0
BRDA:115,3,1,0
BRDA:118,4,0,0
BRDA:118,4,1,0
BRDA:119,5,0,0
BRDA:119,5,1,0
BRDA:123,6,0,0
BRDA:123,6,1,0
BRDA:131,7,0,0
BRDA:131,7,1,0
BRDA:143,8,0,0
BRDA:143,8,1,0
BRDA:145,9,0,0
BRDA:145,9,1,0
BRDA:160,10,0,0
BRDA:160,10,1,0
BRDA:169,11,0,0
BRDA:169,11,1,0
BRDA:177,12,0,0
BRDA:177,12,1,0
BRDA:232,13,0,0
BRDA:232,13,1,0
BRDA:264,14,0,0
BRDA:264,14,1,0
BRDA:284,15,0,0
BRDA:284,15,1,0
BRDA:327,16,0,0
BRDA:327,16,1,0
BRDA:424,17,0,0
BRDA:424,17,1,0
BRDA:430,18,0,0
BRDA:430,18,1,0
BRDA:460,19,0,0
BRDA:460,19,1,0
BRDA:460,20,0,0
BRDA:460,20,1,0
BRDA:464,21,0,0
BRDA:464,21,1,0
BRDA:464,22,0,0
BRDA:464,22,1,0
BRF:46
BRH:0
end_of_record
TN:
SF:/home/asma/cellery/mesh-observability/components/global/portal/io.cellery.observability.ui/src/components/cells/metricsGraphs/timeSeriesGraph/TracesDialog.js
FN:29,(anonymous_0)
FN:44,(anonymous_1)
FN:52,(anonymous_2)
FN:56,(anonymous_3)
FN:60,(anonymous_4)
FN:64,(anonymous_5)
FNF:6
FNH:0
FNDA:0,(anonymous_0)
FNDA:0,(anonymous_1)
FNDA:0,(anonymous_2)
FNDA:0,(anonymous_3)
FNDA:0,(anonymous_4)
FNDA:0,(anonymous_5)
DA:29,1
DA:45,0
DA:47,0
DA:53,0
DA:57,0
DA:61,0
DA:65,0
DA:66,0
DA:68,0
DA:72,0
DA:102,1
LF:11
LH:2
BRDA:82,0,0,0
BRDA:82,0,1,0
BRDA:86,1,0,0
BRDA:86,1,1,0
BRF:4
BRH:0
end_of_record
TN:
SF:/home/asma/cellery/mesh-observability/components/global/portal/io.cellery.observability.ui/src/components/cells/metricsGraphs/timeSeriesGraph/index.js
FN:35,(anonymous_0)
FN:76,(anonymous_1)
FN:87,(anonymous_2)
FN:136,(anonymous_3)
FN:142,(anonymous_4)
FN:144,(anonymous_5)
FN:148,(anonymous_6)
FN:149,(anonymous_7)
FN:159,(anonymous_8)
FN:171,(anonymous_9)
FN:186,(anonymous_10)
FN:187,(anonymous_11)
FN:199,(anonymous_12)
FN:209,(anonymous_13)
FNF:14
FNH:0
FNDA:0,(anonymous_0)
FNDA:0,(anonymous_1)
FNDA:0,(anonymous_2)
FNDA:0,(anonymous_3)
FNDA:0,(anonymous_4)
FNDA:0,(anonymous_5)
FNDA:0,(anonymous_6)
FNDA:0,(anonymous_7)
FNDA:0,(anonymous_8)
FNDA:0,(anonymous_9)
FNDA:0,(anonymous_10)
FNDA:0,(anonymous_11)
FNDA:0,(anonymous_12)
FNDA:0,(anonymous_13)
DA:35,1
DA:72,1
DA:77,0
DA:79,0
DA:84,0
DA:88,0
DA:89,0
DA:90,0
DA:136,0
DA:143,0
DA:144,0
DA:148,0
DA:149,0
DA:159,0
DA:172,0
DA:186,0
DA:188,0
DA:199,0
DA:210,0
DA:211,0
DA:217,1
LF:21
LH:3
BRDA:101,0,0,0
BRDA:101,0,1,0
BRDA:129,1,0,0
BRDA:129,1,1,0
BRDA:157,2,0,0
BRDA:157,2,1,0
BRDA:210,3,0,0
BRDA:210,3,1,0
BRDA:210,4,0,0
BRDA:210,4,1,0
BRF:10
BRH:0
end_of_record
TN:
SF:/home/asma/cellery/mesh-observability/components/global/portal/io.cellery.observability.ui/src/components/common/DataTable.js
FN:24,(anonymous_0)
FN:35,(anonymous_1)
FNF:2
FNH:0
FNDA:0,(anonymous_0)
FNDA:0,(anonymous_1)
DA:24,1
DA:35,1
DA:36,0
DA:37,0
DA:45,0
DA:52,1
LF:6
LH:3
BRF:0
BRH:0
end_of_record
TN:
SF:/home/asma/cellery/mesh-observability/components/global/portal/io.cellery.observability.ui/src/components/common/DependencyGraph.js
FN:27,(anonymous_0)
FN:121,(anonymous_1)
FN:126,(anonymous_2)
FN:132,(anonymous_3)
FN:138,(anonymous_4)
FN:144,(anonymous_5)
FN:155,(anonymous_6)
FN:158,(anonymous_7)
FN:181,(anonymous_8)
FN:185,(anonymous_9)
FN:196,(anonymous_10)
FN:241,(anonymous_11)
FN:263,(anonymous_12)
FNF:13
FNH:0
FNDA:0,(anonymous_0)
FNDA:0,(anonymous_1)
FNDA:0,(anonymous_2)
FNDA:0,(anonymous_3)
FNDA:0,(anonymous_4)
FNDA:0,(anonymous_5)
FNDA:0,(anonymous_6)
FNDA:0,(anonymous_7)
FNDA:0,(anonymous_8)
FNDA:0,(anonymous_9)
FNDA:0,(anonymous_10)
FNDA:0,(anonymous_11)
FNDA:0,(anonymous_12)
DA:27,1
DA:122,0
DA:123,0
DA:127,0
DA:128,0
DA:133,0
DA:134,0
DA:139,0
DA:140,0
DA:141,0
DA:143,0
DA:144,0
DA:145,0
DA:154,0
DA:155,0
DA:157,0
DA:158,0
DA:160,0
DA:161,0
DA:170,0
DA:171,0
DA:173,0
DA:178,0
DA:180,0
DA:181,0
DA:182,0
DA:185,0
DA:186,0
DA:190,0
DA:191,0
DA:194,0
DA:196,0
DA:197,0
DA:199,0
DA:200,0
DA:203,0
DA:204,0
DA:205,0
DA:206,0
DA:207,0
DA:208,0
DA:214,0
DA:215,0
DA:216,0
DA:217,0
DA:218,0
DA:223,0
DA:224,0
DA:225,0
DA:226,0
DA:230,0
DA:231,0
DA:232,0
DA:233,0
DA:236,0
DA:239,0
DA:241,0
DA:242,0
DA:243,0
DA:244,0
DA:245,0
DA:246,0
DA:247,0
DA:251,0
DA:252,0
DA:253,0
DA:254,0
DA:257,0
DA:260,0
DA:264,0
DA:267,0
DA:268,0
DA:274,0
DA:278,0
DA:283,1
LF:75
LH:2
BRDA:127,0,0,0
BRDA:127,0,1,0
BRDA:133,1,0,0
BRDA:133,1,1,0
BRDA:143,2,0,0
BRDA:143,2,1,0
BRDA:154,3,0,0
BRDA:154,3,1,0
BRDA:158,4,0,0
BRDA:158,4,1,0
BRDA:160,5,0,0
BRDA:160,5,1,0
BRDA:180,6,0,0
BRDA:180,6,1,0
BRDA:190,7,0,0
BRDA:190,7,1,0
BRDA:199,8,0,0
BRDA:199,8,1,0
BRDA:204,9,0,0
BRDA:204,9,1,0
BRDA:206,10,0,0
BRDA:206,10,1,0
BRDA:216,11,0,0
BRDA:216,11,1,0
BRDA:224,12,0,0
BRDA:224,12,1,0
BRDA:232,13,0,0
BRDA:232,13,1,0
BRDA:243,14,0,0
BRDA:243,14,1,0
BRDA:245,15,0,0
BRDA:245,15,1,0
BRDA:253,16,0,0
BRDA:253,16,1,0
BRDA:267,17,0,0
BRDA:267,17,1,0
BRDA:267,18,0,0
BRDA:267,18,1,0
BRF:38
BRH:0
end_of_record
TN:
SF:/home/asma/cellery/mesh-observability/components/global/portal/io.cellery.observability.ui/src/components/common/HealthIndicator.js
FN:26,(anonymous_0)
FNF:1
FNH:0
FNDA:0,(anonymous_0)
DA:26,1
DA:27,0
DA:29,0
DA:30,0
DA:31,0
DA:32,0
DA:33,0
DA:34,0
DA:36,0
DA:38,0
DA:41,1
LF:11
LH:2
BRDA:29,0,0,0
BRDA:29,0,1,0
BRDA:29,1,0,0
BRDA:29,1,1,0
BRDA:31,2,0,0
BRDA:31,2,1,0
BRDA:33,3,0,0
BRDA:33,3,1,0
BRF:8
BRH:0
end_of_record
TN:
SF:/home/asma/cellery/mesh-observability/components/global/portal/io.cellery.observability.ui/src/components/common/color/colorGenerator.js
FN:42,(anonymous_0)
FN:51,(anonymous_1)
FN:69,(anonymous_2)
FN:71,(anonymous_3)
FN:87,(anonymous_4)
FN:101,(anonymous_5)
FN:122,(anonymous_6)
FN:145,(anonymous_7)
FN:156,(anonymous_8)
FN:165,(anonymous_9)
FN:175,(anonymous_10)
FN:176,(anonymous_11)
FN:185,(anonymous_12)
FN:194,(anonymous_13)
FN:206,(anonymous_14)
FNF:15
FNH:11
FNDA:8,(anonymous_0)
FNDA:8,(anonymous_1)
FNDA:404,(anonymous_2)
FNDA:618,(anonymous_3)
FNDA:85078,(anonymous_4)
FNDA:9,(anonymous_5)
FNDA:404,(anonymous_6)
FNDA:0,(anonymous_7)
FNDA:1,(anonymous_8)
FNDA:1,(anonymous_9)
FNDA:0,(anonymous_10)
FNDA:0,(anonymous_11)
FNDA:404,(anonymous_12)
FNDA:8,(anonymous_13)
FNDA:0,(anonymous_14)
DA:43,8
DA:44,8
DA:45,8
DA:52,8
DA:53,8
DA:56,8
DA:57,8
DA:58,8
DA:59,8
DA:60,8
DA:61,8
DA:70,404
DA:71,618
DA:72,404
DA:74,404
DA:75,610
DA:77,404
DA:88,85078
DA:89,400
DA:91,85078
DA:102,9
DA:103,9
DA:104,5
DA:106,9
DA:107,3
DA:109,9
DA:110,2
DA:112,9
DA:123,404
DA:124,404
DA:125,404
DA:126,403
DA:132,403
DA:133,610
DA:134,610
DA:135,610
DA:139,404
DA:146,0
DA:147,0
DA:148,0
DA:157,1
DA:166,1
DA:167,1
DA:176,0
DA:186,404
DA:195,8
DA:207,0
DA:208,0
DA:209,0
DA:210,0
DA:211,0
DA:212,0
DA:213,0
LF:53
LH:42
BRDA:52,0,0,8
BRDA:52,0,1,0
BRDA:52,1,0,8
BRDA:52,1,1,0
BRDA:88,2,0,400
BRDA:88,2,1,84678
BRDA:103,3,0,5
BRDA:103,3,1,4
BRDA:106,4,0,3
BRDA:106,4,1,6
BRDA:109,5,0,2
BRDA:109,5,1,7
BRDA:109,6,0,9
BRDA:109,6,1,8
BRDA:133,7,0,610
BRDA:133,7,1,0
BRDA:133,8,0,610
BRDA:133,8,1,610
BRDA:208,9,0,0
BRDA:208,9,1,0
BRDA:209,10,0,0
BRDA:209,10,1,0
BRF:22
BRH:15
end_of_record
TN:
SF:/home/asma/cellery/mesh-observability/components/global/portal/io.cellery.observability.ui/src/components/common/color/index.js
FN:36,(anonymous_0)
FN:46,(anonymous_1)
FN:57,(anonymous_2)
FN:61,(anonymous_3)
FN:84,(anonymous_4)
FN:87,(anonymous_5)
FN:92,(anonymous_6)
FN:101,(anonymous_7)
FNF:8
FNH:4
FNDA:1,(anonymous_0)
FNDA:0,(anonymous_1)
FNDA:1,(anonymous_2)
FNDA:1,(anonymous_3)
FNDA:12,(anonymous_4)
FNDA:0,(anonymous_5)
FNDA:0,(anonymous_6)
FNDA:0,(anonymous_7)
DA:26,1
DA:37,1
DA:39,1
DA:40,1
DA:43,1
DA:47,0
DA:50,0
DA:51,0
DA:54,0
DA:58,1
DA:62,1
DA:63,1
DA:65,1
DA:74,1
DA:84,1
DA:88,0
DA:90,0
DA:93,0
DA:101,12
LF:19
LH:12
BRF:0
BRH:0
end_of_record
TN:
SF:/home/asma/cellery/mesh-observability/components/global/portal/io.cellery.observability.ui/src/components/common/error/ErrorBoundary.js
FN:36,(anonymous_0)
FN:50,(anonymous_1)
FN:57,(anonymous_2)
FNF:3
FNH:2
FNDA:1,(anonymous_0)
FNDA:0,(anonymous_1)
FNDA:1,(anonymous_2)
DA:37,1
DA:39,1
DA:51,0
DA:52,0
DA:58,1
DA:59,1
DA:62,1
DA:63,0
DA:67,1
DA:69,1
DA:74,1
LF:11
LH:8
BRDA:62,0,0,0
BRDA:62,0,1,1
BRF:2
BRH:1
end_of_record
TN:
SF:/home/asma/cellery/mesh-observability/components/global/portal/io.cellery.observability.ui/src/components/common/error/NotFound.js
FN:27,(anonymous_0)
FN:65,(anonymous_1)
FN:86,(anonymous_2)
FN:91,(anonymous_3)
FNF:4
FNH:0
FNDA:0,(anonymous_0)
FNDA:0,(anonymous_1)
FNDA:0,(anonymous_2)
FNDA:0,(anonymous_3)
DA:27,6
DA:65,6
DA:66,0
DA:86,0
DA:91,0
DA:103,6
LF:6
LH:3
BRDA:70,0,0,0
BRDA:70,0,1,0
BRDA:73,1,0,0
BRDA:73,1,1,0
BRDA:82,2,0,0
BRDA:82,2,1,0
BRF:6
BRH:0
end_of_record
TN:
SF:/home/asma/cellery/mesh-observability/components/global/portal/io.cellery.observability.ui/src/components/common/error/UnknownError.js
FN:26,(anonymous_0)
FN:67,(anonymous_1)
FN:88,(anonymous_2)
FN:93,(anonymous_3)
FNF:4
FNH:0
FNDA:0,(anonymous_0)
FNDA:0,(anonymous_1)
FNDA:0,(anonymous_2)
FNDA:0,(anonymous_3)
DA:26,1
DA:67,1
DA:68,0
DA:88,0
DA:93,0
DA:105,1
LF:6
LH:3
BRDA:72,0,0,0
BRDA:72,0,1,0
BRDA:75,1,0,0
BRDA:75,1,1,0
BRDA:84,2,0,0
BRDA:84,2,1,0
BRF:6
BRH:0
end_of_record
TN:
SF:/home/asma/cellery/mesh-observability/components/global/portal/io.cellery.observability.ui/src/components/common/state/index.js
FN:34,(anonymous_0)
FN:43,(anonymous_1)
FN:57,(anonymous_2)
FN:61,(anonymous_3)
FN:69,(anonymous_4)
FN:78,(anonymous_5)
FN:82,(anonymous_6)
FN:127,(anonymous_7)
FN:130,(anonymous_8)
FN:135,(anonymous_9)
FN:142,(anonymous_10)
FNF:11
FNH:6
FNDA:1,(anonymous_0)
FNDA:1,(anonymous_1)
FNDA:1,(anonymous_2)
FNDA:0,(anonymous_3)
FNDA:0,(anonymous_4)
FNDA:1,(anonymous_5)
FNDA:1,(anonymous_6)
FNDA:21,(anonymous_7)
FNDA:0,(anonymous_8)
FNDA:0,(anonymous_9)
FNDA:0,(anonymous_10)
DA:32,6
DA:34,6
DA:44,1
DA:46,1
DA:51,1
DA:53,1
DA:54,1
DA:58,1
DA:59,1
DA:60,1
DA:62,0
DA:63,0
DA:70,0
DA:71,0
DA:79,1
DA:83,1
DA:84,1
DA:87,1
DA:91,1
DA:111,6
DA:119,6
DA:127,6
DA:131,0
DA:133,0
DA:135,0
DA:142,21
LF:26
LH:19
BRDA:62,0,0,0
BRDA:62,0,1,0
BRDA:70,1,0,0
BRDA:70,1,1,0
BRDA:87,2,0,0
BRDA:87,2,1,1
BRDA:94,3,0,1
BRDA:94,3,1,0
BRF:8
BRH:2
end_of_record
TN:
SF:/home/asma/cellery/mesh-observability/components/global/portal/io.cellery.observability.ui/src/components/common/state/stateHolder.js
FN:44,(anonymous_0)
FN:105,(anonymous_1)
FN:122,(anonymous_2)
FN:136,(anonymous_3)
FN:150,(anonymous_4)
FN:166,(anonymous_5)
FN:183,(anonymous_6)
FN:187,(anonymous_7)
FN:196,(anonymous_8)
FN:198,(anonymous_9)
FN:202,(anonymous_10)
FN:205,(anonymous_11)
FNF:12
FNH:10
FNDA:138,(anonymous_0)
FNDA:144,(anonymous_1)
FNDA:8,(anonymous_2)
FNDA:54,(anonymous_3)
FNDA:2,(anonymous_4)
FNDA:6,(anonymous_5)
FNDA:139,(anonymous_6)
FNDA:8,(anonymous_7)
FNDA:1,(anonymous_8)
FNDA:1,(anonymous_9)
FNDA:0,(anonymous_10)
FNDA:0,(anonymous_11)
DA:46,138
DA:47,138
DA:49,0
DA:50,0
DA:51,0
DA:54,138
DA:55,138
DA:57,0
DA:58,0
DA:59,0
DA:62,138
DA:69,138
DA:89,138
DA:90,138
DA:91,690
DA:96,138
DA:106,144
DA:107,135
DA:108,4
DA:112,135
DA:113,135
DA:123,8
DA:124,4
DA:125,4
DA:137,54
DA:138,54
DA:139,47
DA:141,54
DA:151,2
DA:152,1
DA:154,2
DA:155,1
DA:157,2
DA:167,6
DA:168,3
DA:169,3
DA:170,2
DA:171,2
DA:184,139
DA:185,139
DA:186,139
DA:187,8
DA:197,1
DA:198,1
DA:199,1
DA:203,0
DA:204,0
DA:206,0
LF:48
LH:39
BRDA:44,0,0,137
BRDA:47,1,0,0
BRDA:47,1,1,138
BRDA:50,2,0,0
BRDA:50,2,1,0
BRDA:55,3,0,0
BRDA:55,3,1,138
BRDA:58,4,0,0
BRDA:58,4,1,0
BRDA:62,5,0,138
BRDA:62,5,1,0
BRDA:62,5,2,0
BRDA:82,6,0,0
BRDA:82,6,1,138
BRDA:83,7,0,0
BRDA:83,7,1,138
BRDA:84,8,0,0
BRDA:84,8,1,138
BRDA:84,9,0,138
BRDA:84,9,1,138
BRDA:85,10,0,138
BRDA:85,10,1,0
BRDA:106,11,0,135
BRDA:106,11,1,9
BRDA:107,12,0,4
BRDA:107,12,1,131
BRDA:123,13,0,4
BRDA:123,13,1,4
BRDA:123,14,0,8
BRDA:123,14,1,5
BRDA:136,15,0,47
BRDA:138,16,0,47
BRDA:138,16,1,7
BRDA:151,17,0,1
BRDA:151,17,1,1
BRDA:154,18,0,1
BRDA:154,18,1,1
BRDA:167,19,0,3
BRDA:167,19,1,3
BRDA:169,20,0,2
BRDA:169,20,1,1
BRDA:186,21,0,5
BRDA:186,21,1,134
BRDA:186,22,0,139
BRDA:186,22,1,136
BRF:45
BRH:33
end_of_record
TN:
SF:/home/asma/cellery/mesh-observability/components/global/portal/io.cellery.observability.ui/src/components/common/toptoolbar/DateRangePicker.js
FN:40,(anonymous_0)
FN:136,(anonymous_1)
FN:150,(anonymous_2)
FN:267,(anonymous_3)
FN:293,(anonymous_4)
FN:295,(anonymous_5)
FN:297,(anonymous_6)
FN:310,(anonymous_7)
FN:312,(anonymous_8)
FN:313,(anonymous_9)
FN:326,(anonymous_10)
FN:328,(anonymous_11)
FN:349,(anonymous_12)
FN:358,(anonymous_13)
FN:360,(anonymous_14)
FN:369,(anonymous_15)
FN:380,(anonymous_16)
FN:395,(anonymous_17)
FNF:18
FNH:0
FNDA:0,(anonymous_0)
FNDA:0,(anonymous_1)
FNDA:0,(anonymous_2)
FNDA:0,(anonymous_3)
FNDA:0,(anonymous_4)
FNDA:0,(anonymous_5)
FNDA:0,(anonymous_6)
FNDA:0,(anonymous_7)
FNDA:0,(anonymous_8)
FNDA:0,(anonymous_9)
FNDA:0,(anonymous_10)
FNDA:0,(anonymous_11)
FNDA:0,(anonymous_12)
FNDA:0,(anonymous_13)
FNDA:0,(anonymous_14)
FNDA:0,(anonymous_15)
FNDA:0,(anonymous_16)
FNDA:0,(anonymous_17)
DA:40,1
DA:137,0
DA:139,0
DA:151,0
DA:155,0
DA:159,0
DA:160,0
DA:162,0
DA:167,0
DA:168,0
DA:170,0
DA:176,0
DA:177,0
DA:178,0
DA:180,0
DA:181,0
DA:183,0
DA:184,0
DA:185,0
DA:186,0
DA:187,0
DA:188,0
DA:190,0
DA:191,0
DA:192,0
DA:193,0
DA:194,0
DA:195,0
DA:199,0
DA:268,0
DA:269,0
DA:294,0
DA:295,0
DA:296,0
DA:297,0
DA:311,0
DA:312,0
DA:313,0
DA:327,0
DA:328,0
DA:329,0
DA:330,0
DA:331,0
DA:333,0
DA:342,0
DA:350,0
DA:359,0
DA:360,0
DA:370,0
DA:381,0
DA:396,0
DA:397,0
DA:400,0
DA:405,0
DA:409,0
DA:418,1
LF:56
LH:2
BRDA:176,0,0,0
BRDA:176,0,1,0
BRDA:176,1,0,0
BRDA:176,1,1,0
BRDA:177,2,0,0
BRDA:177,2,1,0
BRDA:180,3,0,0
BRDA:180,3,1,0
BRDA:183,4,0,0
BRDA:183,4,1,0
BRDA:183,5,0,0
BRDA:183,5,1,0
BRDA:185,6,0,0
BRDA:185,6,1,0
BRDA:187,7,0,0
BRDA:187,7,1,0
BRDA:190,8,0,0
BRDA:190,8,1,0
BRDA:192,9,0,0
BRDA:192,9,1,0
BRDA:194,10,0,0
BRDA:194,10,1,0
BRDA:256,11,0,0
BRDA:256,11,1,0
BRDA:299,12,0,0
BRDA:299,12,1,0
BRDA:315,13,0,0
BRDA:315,13,1,0
BRDA:362,14,0,0
BRDA:362,14,1,0
BRDA:395,15,0,0
BRDA:395,16,0,0
BRDA:395,17,0,0
BRDA:410,18,0,0
BRDA:410,18,1,0
BRDA:411,19,0,0
BRDA:411,19,1,0
BRDA:412,20,0,0
BRDA:412,20,1,0
BRF:39
BRH:0
end_of_record
TN:
SF:/home/asma/cellery/mesh-observability/components/global/portal/io.cellery.observability.ui/src/components/common/toptoolbar/index.js
FN:38,(anonymous_0)
FN:88,(anonymous_1)
FN:105,(anonymous_2)
FN:109,(anonymous_3)
FN:113,(anonymous_4)
FN:117,(anonymous_5)
FN:122,(anonymous_6)
FN:138,(anonymous_7)
FN:161,(anonymous_8)
FN:245,(anonymous_9)
FN:254,(anonymous_10)
FN:267,(anonymous_11)
FN:292,(anonymous_12)
FN:311,(anonymous_13)
FN:320,(anonymous_14)
FN:327,(anonymous_15)
FN:335,(anonymous_16)
FN:349,(anonymous_17)
FNF:18
FNH:0
FNDA:0,(anonymous_0)
FNDA:0,(anonymous_1)
FNDA:0,(anonymous_2)
FNDA:0,(anonymous_3)
FNDA:0,(anonymous_4)
FNDA:0,(anonymous_5)
FNDA:0,(anonymous_6)
FNDA:0,(anonymous_7)
FNDA:0,(anonymous_8)
FNDA:0,(anonymous_9)
FNDA:0,(anonymous_10)
FNDA:0,(anonymous_11)
FNDA:0,(anonymous_12)
FNDA:0,(anonymous_13)
FNDA:0,(anonymous_14)
FNDA:0,(anonymous_15)
FNDA:0,(anonymous_16)
FNDA:0,(anonymous_17)
DA:38,1
DA:89,0
DA:90,0
DA:92,0
DA:93,0
DA:102,0
DA:106,0
DA:110,0
DA:114,0
DA:117,0
DA:123,0
DA:126,0
DA:128,0
DA:129,0
DA:138,0
DA:161,0
DA:246,0
DA:255,0
DA:268,0
DA:270,0
DA:277,0
DA:278,0
DA:279,0
DA:284,0
DA:293,0
DA:294,0
DA:296,0
DA:301,0
DA:302,0
DA:312,0
DA:313,0
DA:314,0
DA:321,0
DA:322,0
DA:324,0
DA:325,0
DA:326,0
DA:327,0
DA:336,0
DA:337,0
DA:338,0
DA:350,0
DA:351,0
DA:353,0
DA:354,0
DA:364,1
LF:46
LH:2
BRDA:133,0,0,0
BRDA:133,0,1,0
BRDA:133,1,0,0
BRDA:133,1,1,0
BRDA:133,1,2,0
BRDA:133,1,3,0
BRDA:147,2,0,0
BRDA:147,2,1,0
BRDA:155,3,0,0
BRDA:155,3,1,0
BRDA:158,4,0,0
BRDA:158,4,1,0
BRDA:163,5,0,0
BRDA:163,5,1,0
BRDA:196,6,0,0
BRDA:196,6,1,0
BRDA:325,7,0,0
BRDA:325,7,1,0
BRDA:326,8,0,0
BRDA:326,8,1,0
BRDA:326,9,0,0
BRDA:326,9,1,0
BRDA:336,10,0,0
BRDA:336,10,1,0
BRDA:349,11,0,0
BRDA:349,12,0,0
BRDA:353,13,0,0
BRDA:353,13,1,0
BRDA:356,14,0,0
BRDA:356,14,1,0
BRDA:357,15,0,0
BRDA:357,15,1,0
BRF:32
BRH:0
end_of_record
TN:
SF:/home/asma/cellery/mesh-observability/components/global/portal/io.cellery.observability.ui/src/components/overview/SidePanelContent.js
FN:55,(anonymous_0)
FN:132,(anonymous_1)
FN:140,(anonymous_2)
FN:156,(anonymous_3)
FN:170,(anonymous_4)
FN:183,(anonymous_5)
FN:360,(anonymous_6)
FN:361,(anonymous_7)
FN:370,(anonymous_8)
FN:371,(anonymous_9)
FN:380,(anonymous_10)
FN:381,(anonymous_11)
FN:390,(anonymous_12)
FN:391,(anonymous_13)
FN:400,(anonymous_14)
FN:401,(anonymous_15)
FN:454,(anonymous_16)
FNF:17
FNH:0
FNDA:0,(anonymous_0)
FNDA:0,(anonymous_1)
FNDA:0,(anonymous_2)
FNDA:0,(anonymous_3)
FNDA:0,(anonymous_4)
FNDA:0,(anonymous_5)
FNDA:0,(anonymous_6)
FNDA:0,(anonymous_7)
FNDA:0,(anonymous_8)
FNDA:0,(anonymous_9)
FNDA:0,(anonymous_10)
FNDA:0,(anonymous_11)
FNDA:0,(anonymous_12)
FNDA:0,(anonymous_13)
FNDA:0,(anonymous_14)
FNDA:0,(anonymous_15)
FNDA:0,(anonymous_16)
DA:55,1
DA:133,0
DA:135,0
DA:141,0
DA:142,0
DA:143,0
DA:153,0
DA:157,0
DA:158,0
DA:159,0
DA:160,0
DA:162,0
DA:164,0
DA:171,0
DA:172,0
DA:184,0
DA:195,0
DA:196,0
DA:197,0
DA:198,0
DA:199,0
DA:360,0
DA:361,0
DA:370,0
DA:371,0
DA:380,0
DA:381,0
DA:390,0
DA:391,0
DA:400,0
DA:401,0
DA:454,0
DA:476,1
LF:33
LH:2
BRDA:158,0,0,0
BRDA:158,0,1,0
BRDA:160,1,0,0
BRDA:160,1,1,0
BRDA:174,2,0,0
BRDA:174,2,1,0
BRDA:175,3,0,0
BRDA:175,3,1,0
BRDA:203,4,0,0
BRDA:203,4,1,0
BRDA:226,5,0,0
BRDA:226,5,1,0
BRDA:238,6,0,0
BRDA:238,6,1,0
BRDA:250,7,0,0
BRDA:250,7,1,0
BRDA:262,8,0,0
BRDA:262,8,1,0
BRDA:274,9,0,0
BRDA:274,9,1,0
BRDA:293,10,0,0
BRDA:293,10,1,0
BRDA:302,11,0,0
BRDA:302,11,1,0
BRDA:311,12,0,0
BRDA:311,12,1,0
BRDA:320,13,0,0
BRDA:320,13,1,0
BRDA:329,14,0,0
BRDA:329,14,1,0
BRDA:404,15,0,0
BRDA:404,15,1,0
BRDA:420,16,0,0
BRDA:420,16,1,0
BRDA:425,17,0,0
BRDA:425,17,1,0
BRDA:430,18,0,0
BRDA:430,18,1,0
BRDA:441,19,0,0
BRDA:441,19,1,0
BRDA:457,20,0,0
BRDA:457,20,1,0
BRDA:458,21,0,0
BRDA:458,21,1,0
BRDA:462,22,0,0
BRDA:462,22,1,0
BRDA:463,23,0,0
BRDA:463,23,1,0
BRF:48
BRH:0
end_of_record
TN:
SF:/home/asma/cellery/mesh-observability/components/global/portal/io.cellery.observability.ui/src/components/overview/index.js
FN:53,(anonymous_0)
FN:152,(anonymous_1)
FN:229,(anonymous_2)
FN:230,(anonymous_3)
FN:234,(anonymous_4)
FN:262,(anonymous_5)
FN:263,(anonymous_6)
FN:268,(anonymous_7)
FN:302,(anonymous_8)
FN:315,(anonymous_9)
FN:319,(anonymous_10)
FN:351,(anonymous_11)
FN:364,(anonymous_12)
FN:373,(anonymous_13)
FN:377,(anonymous_14)
FN:381,(anonymous_15)
FN:383,(anonymous_16)
FN:384,(anonymous_17)
FN:390,(anonymous_18)
FN:392,(anonymous_19)
FN:393,(anonymous_20)
FN:399,(anonymous_21)
FN:418,(anonymous_22)
FN:448,(anonymous_23)
FN:466,(anonymous_24)
FN:479,(anonymous_25)
FN:483,(anonymous_26)
FN:495,(anonymous_27)
FN:499,(anonymous_28)
FN:518,(anonymous_29)
FN:534,(anonymous_30)
FN:538,(anonymous_31)
FN:551,(anonymous_32)
FN:564,(anonymous_33)
FN:604,(anonymous_34)
FN:611,(anonymous_35)
FN:613,(anonymous_36)
FN:627,(anonymous_37)
FN:629,(anonymous_38)
FN:643,(anonymous_39)
FN:645,(anonymous_40)
FN:651,(anonymous_41)
FN:658,(anonymous_42)
FN:719,(anonymous_43)
FN:737,(anonymous_44)
FNF:45
FNH:0
FNDA:0,(anonymous_0)
FNDA:0,(anonymous_1)
FNDA:0,(anonymous_2)
FNDA:0,(anonymous_3)
FNDA:0,(anonymous_4)
FNDA:0,(anonymous_5)
FNDA:0,(anonymous_6)
FNDA:0,(anonymous_7)
FNDA:0,(anonymous_8)
FNDA:0,(anonymous_9)
FNDA:0,(anonymous_10)
FNDA:0,(anonymous_11)
FNDA:0,(anonymous_12)
FNDA:0,(anonymous_13)
FNDA:0,(anonymous_14)
FNDA:0,(anonymous_15)
FNDA:0,(anonymous_16)
FNDA:0,(anonymous_17)
FNDA:0,(anonymous_18)
FNDA:0,(anonymous_19)
FNDA:0,(anonymous_20)
FNDA:0,(anonymous_21)
FNDA:0,(anonymous_22)
FNDA:0,(anonymous_23)
FNDA:0,(anonymous_24)
FNDA:0,(anonymous_25)
FNDA:0,(anonymous_26)
FNDA:0,(anonymous_27)
FNDA:0,(anonymous_28)
FNDA:0,(anonymous_29)
FNDA:0,(anonymous_30)
FNDA:0,(anonymous_31)
FNDA:0,(anonymous_32)
FNDA:0,(anonymous_33)
FNDA:0,(anonymous_34)
FNDA:0,(anonymous_35)
FNDA:0,(anonymous_36)
FNDA:0,(anonymous_37)
FNDA:0,(anonymous_38)
FNDA:0,(anonymous_39)
FNDA:0,(anonymous_40)
FNDA:0,(anonymous_41)
FNDA:0,(anonymous_42)
FNDA:0,(anonymous_43)
FNDA:0,(anonymous_44)
DA:51,1
DA:53,1
DA:153,0
DA:155,0
DA:221,0
DA:222,0
DA:230,0
DA:231,0
DA:235,0
DA:236,0
DA:237,0
DA:240,0
DA:244,0
DA:248,0
DA:253,0
DA:254,0
DA:256,0
DA:263,0
DA:264,0
DA:265,0
DA:266,0
DA:267,0
DA:268,0
DA:299,0
DA:300,0
DA:303,0
DA:304,0
DA:305,0
DA:306,0
DA:316,0
DA:317,0
DA:318,0
DA:319,0
DA:320,0
DA:321,0
DA:322,0
DA:324,0
DA:325,0
DA:327,0
DA:328,0
DA:333,0
DA:334,0
DA:340,0
DA:348,0
DA:352,0
DA:355,0
DA:359,0
DA:363,0
DA:364,0
DA:374,0
DA:378,0
DA:382,0
DA:383,0
DA:384,0
DA:385,0
DA:387,0
DA:391,0
DA:392,0
DA:393,0
DA:394,0
DA:396,0
DA:400,0
DA:401,0
DA:402,0
DA:404,0
DA:405,0
DA:406,0
DA:407,0
DA:409,0
DA:410,0
DA:412,0
DA:419,0
DA:421,0
DA:422,0
DA:423,0
DA:441,0
DA:442,0
DA:443,0
DA:444,0
DA:445,0
DA:448,0
DA:460,0
DA:461,0
DA:463,0
DA:464,0
DA:467,0
DA:468,0
DA:469,0
DA:470,0
DA:480,0
DA:481,0
DA:482,0
DA:483,0
DA:484,0
DA:485,0
DA:486,0
DA:487,0
DA:489,0
DA:492,0
DA:496,0
DA:497,0
DA:498,0
DA:499,0
DA:500,0
DA:501,0
DA:502,0
DA:504,0
DA:505,0
DA:506,0
DA:507,0
DA:508,0
DA:509,0
DA:511,0
DA:515,0
DA:519,0
DA:520,0
DA:525,0
DA:526,0
DA:528,0
DA:535,0
DA:536,0
DA:537,0
DA:538,0
DA:547,0
DA:548,0
DA:550,0
DA:552,0
DA:553,0
DA:554,0
DA:555,0
DA:565,0
DA:566,0
DA:567,0
DA:568,0
DA:569,0
DA:570,0
DA:571,0
DA:605,0
DA:606,0
DA:608,0
DA:612,0
DA:613,0
DA:614,0
DA:615,0
DA:616,0
DA:617,0
DA:618,0
DA:619,0
DA:624,0
DA:628,0
DA:629,0
DA:630,0
DA:631,0
DA:632,0
DA:633,0
DA:634,0
DA:635,0
DA:640,0
DA:644,0
DA:645,0
DA:652,0
DA:653,0
DA:654,0
DA:655,0
DA:656,0
DA:658,0
DA:659,0
DA:660,0
DA:661,0
DA:662,0
DA:663,0
DA:665,0
DA:670,0
DA:678,0
DA:687,0
DA:688,0
DA:689,0
DA:690,0
DA:692,0
DA:695,0
DA:698,0
DA:699,0
DA:701,0
DA:719,0
DA:738,0
DA:821,1
LF:186
LH:3
BRDA:224,0,0,0
BRDA:224,0,1,0
BRDA:253,1,0,0
BRDA:253,1,1,0
BRDA:299,2,0,0
BRDA:299,2,1,0
BRDA:304,3,0,0
BRDA:304,3,1,0
BRDA:321,4,0,0
BRDA:321,4,1,0
BRDA:327,5,0,0
BRDA:327,5,1,0
BRDA:333,6,0,0
BRDA:333,6,1,0
BRDA:405,7,0,0
BRDA:405,7,1,0
BRDA:405,8,0,0
BRDA:405,8,1,0
BRDA:409,9,0,0
BRDA:409,9,1,0
BRDA:460,10,0,0
BRDA:460,10,1,0
BRDA:463,11,0,0
BRDA:463,11,1,0
BRDA:468,12,0,0
BRDA:468,12,1,0
BRDA:484,13,0,0
BRDA:484,13,1,0
BRDA:486,14,0,0
BRDA:486,14,1,0
BRDA:501,15,0,0
BRDA:501,15,1,0
BRDA:506,16,0,0
BRDA:506,16,1,0
BRDA:508,17,0,0
BRDA:508,17,1,0
BRDA:525,18,0,0
BRDA:525,18,1,0
BRDA:547,19,0,0
BRDA:547,19,1,0
BRDA:553,20,0,0
BRDA:553,20,1,0
BRDA:605,21,0,0
BRDA:605,21,1,0
BRDA:614,22,0,0
BRDA:614,22,1,0
BRDA:615,23,0,0
BRDA:615,23,1,0
BRDA:615,24,0,0
BRDA:615,24,1,0
BRDA:616,25,0,0
BRDA:616,25,1,0
BRDA:618,26,0,0
BRDA:618,26,1,0
BRDA:630,27,0,0
BRDA:630,27,1,0
BRDA:631,28,0,0
BRDA:631,28,1,0
BRDA:631,29,0,0
BRDA:631,29,1,0
BRDA:632,30,0,0
BRDA:632,30,1,0
BRDA:634,31,0,0
BRDA:634,31,1,0
BRDA:654,32,0,0
BRDA:654,32,1,0
BRDA:656,33,0,0
BRDA:656,33,1,0
BRDA:666,34,0,0
BRDA:666,34,1,0
BRDA:671,35,0,0
BRDA:671,35,1,0
BRDA:679,36,0,0
BRDA:679,36,1,0
BRDA:687,37,0,0
BRDA:687,37,1,0
BRDA:689,38,0,0
BRDA:689,38,1,0
BRDA:705,39,0,0
BRDA:705,39,1,0
BRDA:713,40,0,0
BRDA:713,40,1,0
BRDA:770,41,0,0
BRDA:770,41,1,0
BRDA:778,42,0,0
BRDA:778,42,1,0
BRDA:792,43,0,0
BRDA:792,43,1,0
BRDA:799,44,0,0
BRDA:799,44,1,0
BRF:90
BRH:0
end_of_record
TN:
SF:/home/asma/cellery/mesh-observability/components/global/portal/io.cellery.observability.ui/src/components/tracing/index.js
FN:25,(anonymous_0)
FN:30,(anonymous_1)
FNF:2
FNH:0
FNDA:0,(anonymous_0)
FNDA:0,(anonymous_1)
DA:25,1
DA:26,0
DA:30,0
DA:34,1
LF:4
LH:2
BRF:0
BRH:0
end_of_record
TN:
SF:/home/asma/cellery/mesh-observability/components/global/portal/io.cellery.observability.ui/src/components/tracing/search/DurationInput.js
FN:25,(anonymous_0)
FN:37,(anonymous_1)
FN:46,(anonymous_2)
FN:83,(anonymous_3)
FN:83,(anonymous_4)
FN:87,(anonymous_5)
FNF:6
FNH:0
FNDA:0,(anonymous_0)
FNDA:0,(anonymous_1)
FNDA:0,(anonymous_2)
FNDA:0,(anonymous_3)
FNDA:0,(anonymous_4)
FNDA:0,(anonymous_5)
DA:25,1
DA:38,0
DA:40,0
DA:47,0
DA:48,0
DA:50,0
DA:83,0
DA:84,0
DA:85,0
DA:86,0
DA:87,0
DA:88,0
DA:92,0
DA:93,0
DA:95,0
DA:102,1
LF:16
LH:2
BRDA:51,0,0,0
BRDA:51,0,1,0
BRDA:85,1,0,0
BRDA:85,1,1,0
BRDA:86,2,0,0
BRDA:86,2,1,0
BRDA:86,3,0,0
BRDA:86,3,1,0
BRDA:92,4,0,0
BRDA:92,4,1,0
BRF:10
BRH:0
end_of_record
TN:
SF:/home/asma/cellery/mesh-observability/components/global/portal/io.cellery.observability.ui/src/components/tracing/search/TagsInput.js
FN:23,(anonymous_0)
FN:36,(anonymous_1)
FN:50,(anonymous_2)
FN:57,(anonymous_3)
FN:66,(anonymous_4)
FN:83,(anonymous_5)
FN:87,(anonymous_6)
FN:112,(anonymous_7)
FN:116,(anonymous_8)
FN:129,(anonymous_9)
FNF:10
FNH:0
FNDA:0,(anonymous_0)
FNDA:0,(anonymous_1)
FNDA:0,(anonymous_2)
FNDA:0,(anonymous_3)
FNDA:0,(anonymous_4)
FNDA:0,(anonymous_5)
FNDA:0,(anonymous_6)
FNDA:0,(anonymous_7)
FNDA:0,(anonymous_8)
FNDA:0,(anonymous_9)
DA:24,0
DA:26,0
DA:37,0
DA:40,0
DA:41,0
DA:42,0
DA:43,0
DA:47,0
DA:48,0
DA:50,0
DA:57,0
DA:67,0
DA:68,0
DA:84,0
DA:85,0
DA:86,0
DA:87,0
DA:88,0
DA:92,0
DA:93,0
DA:95,0
DA:113,0
DA:114,0
DA:115,0
DA:116,0
DA:117,0
DA:118,0
DA:119,0
DA:120,0
DA:122,0
DA:130,0
DA:131,0
DA:132,0
DA:133,0
DA:134,0
DA:140,0
DA:145,1
LF:37
LH:1
BRDA:42,0,0,0
BRDA:42,0,1,0
BRDA:47,1,0,0
BRDA:47,1,1,0
BRDA:52,2,0,0
BRDA:52,2,1,0
BRDA:71,3,0,0
BRDA:71,3,1,0
BRDA:71,4,0,0
BRDA:71,4,1,0
BRDA:86,5,0,0
BRDA:86,5,1,0
BRDA:92,6,0,0
BRDA:92,6,1,0
BRDA:115,7,0,0
BRDA:115,7,1,0
BRDA:119,8,0,0
BRDA:119,8,1,0
BRDA:131,9,0,0
BRDA:131,9,1,0
BRDA:133,10,0,0
BRDA:133,10,1,0
BRDA:133,11,0,0
BRDA:133,11,1,0
BRDA:133,11,2,0
BRF:25
BRH:0
end_of_record
TN:
SF:/home/asma/cellery/mesh-observability/components/global/portal/io.cellery.observability.ui/src/components/tracing/search/TracesList.js
FN:35,(anonymous_0)
FN:112,(anonymous_1)
FN:127,(anonymous_2)
FN:135,(anonymous_3)
FN:142,(anonymous_4)
FN:156,(anonymous_5)
FN:167,(anonymous_6)
FN:181,(anonymous_7)
FN:190,(anonymous_8)
FN:220,(anonymous_9)
FN:221,(anonymous_10)
FN:225,(anonymous_11)
FN:233,(anonymous_12)
FN:247,(anonymous_13)
FN:262,(anonymous_14)
FN:267,(anonymous_15)
FN:271,(anonymous_16)
FN:305,(anonymous_17)
FN:307,(anonymous_18)
FN:330,(anonymous_19)
FN:353,(anonymous_20)
FN:362,(anonymous_21)
FN:366,(anonymous_22)
FNF:23
FNH:0
FNDA:0,(anonymous_0)
FNDA:0,(anonymous_1)
FNDA:0,(anonymous_2)
FNDA:0,(anonymous_3)
FNDA:0,(anonymous_4)
FNDA:0,(anonymous_5)
FNDA:0,(anonymous_6)
FNDA:0,(anonymous_7)
FNDA:0,(anonymous_8)
FNDA:0,(anonymous_9)
FNDA:0,(anonymous_10)
FNDA:0,(anonymous_11)
FNDA:0,(anonymous_12)
FNDA:0,(anonymous_13)
FNDA:0,(anonymous_14)
FNDA:0,(anonymous_15)
FNDA:0,(anonymous_16)
FNDA:0,(anonymous_17)
FNDA:0,(anonymous_18)
FNDA:0,(anonymous_19)
FNDA:0,(anonymous_20)
FNDA:0,(anonymous_21)
FNDA:0,(anonymous_22)
DA:35,1
DA:113,0
DA:115,0
DA:128,0
DA:130,0
DA:131,0
DA:136,0
DA:137,0
DA:143,0
DA:157,0
DA:158,0
DA:168,0
DA:169,0
DA:170,0
DA:171,0
DA:172,0
DA:174,0
DA:175,0
DA:176,0
DA:178,0
DA:182,0
DA:183,0
DA:186,0
DA:189,0
DA:190,0
DA:191,0
DA:192,0
DA:195,0
DA:196,0
DA:197,0
DA:198,0
DA:199,0
DA:200,0
DA:201,0
DA:204,0
DA:208,0
DA:209,0
DA:210,0
DA:214,0
DA:221,0
DA:225,0
DA:233,0
DA:241,0
DA:242,0
DA:243,0
DA:248,0
DA:249,0
DA:250,0
DA:253,0
DA:263,0
DA:264,0
DA:267,0
DA:268,0
DA:269,0
DA:271,0
DA:272,0
DA:273,0
DA:274,0
DA:276,0
DA:278,0
DA:281,0
DA:282,0
DA:283,0
DA:284,0
DA:289,0
DA:290,0
DA:306,0
DA:307,0
DA:330,0
DA:354,0
DA:355,0
DA:357,0
DA:358,0
DA:360,0
DA:363,0
DA:366,0
DA:400,0
DA:402,0
DA:407,1
LF:79
LH:2
BRDA:130,0,0,0
BRDA:130,0,1,0
BRDA:156,1,0,0
BRDA:156,2,0,0
BRDA:170,3,0,0
BRDA:170,3,1,0
BRDA:172,4,0,0
BRDA:172,4,1,0
BRDA:172,5,0,0
BRDA:172,5,1,0
BRDA:175,6,0,0
BRDA:175,6,1,0
BRDA:191,7,0,0
BRDA:191,7,1,0
BRDA:191,8,0,0
BRDA:191,8,1,0
BRDA:198,9,0,0
BRDA:198,9,1,0
BRDA:198,10,0,0
BRDA:198,10,1,0
BRDA:201,11,0,0
BRDA:201,11,1,0
BRDA:201,12,0,0
BRDA:201,12,1,0
BRDA:204,13,0,0
BRDA:204,13,1,0
BRDA:204,14,0,0
BRDA:204,14,1,0
BRDA:208,15,0,0
BRDA:208,15,1,0
BRDA:241,16,0,0
BRDA:241,16,1,0
BRDA:248,17,0,0
BRDA:248,17,1,0
BRDA:272,18,0,0
BRDA:272,18,1,0
BRDA:273,19,0,0
BRDA:273,19,1,0
BRDA:283,20,0,0
BRDA:283,20,1,0
BRDA:289,21,0,0
BRDA:289,21,1,0
BRDA:289,22,0,0
BRDA:289,22,1,0
BRDA:291,23,0,0
BRDA:291,23,1,0
BRDA:295,24,0,0
BRDA:295,24,1,0
BRDA:311,25,0,0
BRDA:311,25,1,0
BRDA:354,26,0,0
BRDA:354,26,1,0
BRDA:357,27,0,0
BRDA:357,27,1,0
BRDA:373,28,0,0
BRDA:373,28,1,0
BRF:56
BRH:0
end_of_record
TN:
SF:/home/asma/cellery/mesh-observability/components/global/portal/io.cellery.observability.ui/src/components/tracing/search/index.js
FN:39,(anonymous_0)
FN:61,(anonymous_1)
FN:101,(anonymous_2)
FN:117,(anonymous_3)
FN:118,(anonymous_4)
FN:228,(anonymous_5)
FN:240,(anonymous_6)
FN:257,(anonymous_7)
FN:272,(anonymous_8)
FN:292,(anonymous_9)
FN:297,(anonymous_10)
FN:315,(anonymous_11)
FN:321,(anonymous_12)
FN:331,(anonymous_13)
FN:345,(anonymous_14)
FN:366,(anonymous_15)
FN:366,(anonymous_16)
FN:368,(anonymous_17)
FN:377,(anonymous_18)
FN:378,(anonymous_19)
FN:387,(anonymous_20)
FN:388,(anonymous_21)
FN:402,(anonymous_22)
FN:403,(anonymous_23)
FN:411,(anonymous_24)
FN:417,(anonymous_25)
FN:423,(anonymous_26)
FN:424,(anonymous_27)
FN:436,(anonymous_28)
FN:437,(anonymous_29)
FNF:30
FNH:0
FNDA:0,(anonymous_0)
FNDA:0,(anonymous_1)
FNDA:0,(anonymous_2)
FNDA:0,(anonymous_3)
FNDA:0,(anonymous_4)
FNDA:0,(anonymous_5)
FNDA:0,(anonymous_6)
FNDA:0,(anonymous_7)
FNDA:0,(anonymous_8)
FNDA:0,(anonymous_9)
FNDA:0,(anonymous_10)
FNDA:0,(anonymous_11)
FNDA:0,(anonymous_12)
FNDA:0,(anonymous_13)
FNDA:0,(anonymous_14)
FNDA:0,(anonymous_15)
FNDA:0,(anonymous_16)
FNDA:0,(anonymous_17)
FNDA:0,(anonymous_18)
FNDA:0,(anonymous_19)
FNDA:0,(anonymous_20)
FNDA:0,(anonymous_21)
FNDA:0,(anonymous_22)
FNDA:0,(anonymous_23)
FNDA:0,(anonymous_24)
FNDA:0,(anonymous_25)
FNDA:0,(anonymous_26)
FNDA:0,(anonymous_27)
FNDA:0,(anonymous_28)
FNDA:0,(anonymous_29)
DA:39,1
DA:62,0
DA:63,0
DA:65,0
DA:66,0
DA:98,0
DA:102,0
DA:103,0
DA:109,0
DA:110,0
DA:111,0
DA:112,0
DA:113,0
DA:117,0
DA:118,0
DA:121,0
DA:229,0
DA:241,0
DA:242,0
DA:245,0
DA:250,0
DA:254,0
DA:258,0
DA:259,0
DA:261,0
DA:273,0
DA:274,0
DA:275,0
DA:280,0
DA:281,0
DA:282,0
DA:286,0
DA:293,0
DA:294,0
DA:295,0
DA:297,0
DA:303,0
DA:304,0
DA:305,0
DA:307,0
DA:308,0
DA:309,0
DA:311,0
DA:312,0
DA:313,0
DA:315,0
DA:316,0
DA:321,0
DA:322,0
DA:331,0
DA:339,0
DA:340,0
DA:341,0
DA:346,0
DA:347,0
DA:348,0
DA:351,0
DA:366,0
DA:367,0
DA:368,0
DA:378,0
DA:388,0
DA:403,0
DA:412,0
DA:413,0
DA:418,0
DA:421,0
DA:422,0
DA:423,0
DA:424,0
DA:426,0
DA:432,0
DA:435,0
DA:436,0
DA:437,0
DA:439,0
DA:444,0
DA:461,1
LF:78
LH:2
BRDA:73,0,0,0
BRDA:73,0,1,0
BRDA:74,1,0,0
BRDA:74,1,1,0
BRDA:75,2,0,0
BRDA:75,2,1,0
BRDA:76,3,0,0
BRDA:76,3,1,0
BRDA:77,4,0,0
BRDA:77,4,1,0
BRDA:80,5,0,0
BRDA:80,5,1,0
BRDA:83,6,0,0
BRDA:83,6,1,0
BRDA:86,7,0,0
BRDA:86,7,1,0
BRDA:112,8,0,0
BRDA:112,8,1,0
BRDA:112,9,0,0
BRDA:112,9,1,0
BRDA:125,10,0,0
BRDA:125,10,1,0
BRDA:206,11,0,0
BRDA:206,11,1,0
BRDA:258,12,0,0
BRDA:258,12,1,0
BRDA:261,13,0,0
BRDA:261,13,1,0
BRDA:280,14,0,0
BRDA:280,14,1,0
BRDA:307,15,0,0
BRDA:307,15,1,0
BRDA:311,16,0,0
BRDA:311,16,1,0
BRDA:312,17,0,0
BRDA:312,17,1,0
BRDA:315,18,0,0
BRDA:315,18,1,0
BRDA:321,19,0,0
BRDA:321,19,1,0
BRDA:339,20,0,0
BRDA:339,20,1,0
BRDA:346,21,0,0
BRDA:346,21,1,0
BRDA:412,22,0,0
BRDA:412,22,1,0
BRDA:412,23,0,0
BRDA:412,23,1,0
BRDA:421,24,0,0
BRDA:421,24,1,0
BRDA:426,25,0,0
BRDA:426,25,1,0
BRDA:426,26,0,0
BRDA:426,26,1,0
BRDA:426,26,2,0
BRDA:432,27,0,0
BRDA:432,27,1,0
BRDA:439,28,0,0
BRDA:439,28,1,0
BRDA:439,29,0,0
BRDA:439,29,1,0
BRDA:439,29,2,0
BRF:62
BRH:0
end_of_record
TN:
SF:/home/asma/cellery/mesh-observability/components/global/portal/io.cellery.observability.ui/src/components/tracing/view/DependencyDiagram.js
FN:37,(anonymous_0)
FN:83,(anonymous_1)
FN:92,(anonymous_2)
FN:94,(anonymous_3)
FN:100,(anonymous_4)
FN:109,(anonymous_5)
FN:112,(anonymous_6)
FN:134,(anonymous_7)
FN:144,(anonymous_8)
FN:171,(anonymous_9)
FN:181,(anonymous_10)
FN:234,(anonymous_11)
FNF:12
FNH:0
FNDA:0,(anonymous_0)
FNDA:0,(anonymous_1)
FNDA:0,(anonymous_2)
FNDA:0,(anonymous_3)
FNDA:0,(anonymous_4)
FNDA:0,(anonymous_5)
FNDA:0,(anonymous_6)
FNDA:0,(anonymous_7)
FNDA:0,(anonymous_8)
FNDA:0,(anonymous_9)
FNDA:0,(anonymous_10)
FNDA:0,(anonymous_11)
DA:37,1
DA:84,0
DA:86,0
DA:93,0
DA:94,0
DA:101,0
DA:102,0
DA:103,0
DA:104,0
DA:106,0
DA:107,0
DA:108,0
DA:109,0
DA:110,0
DA:112,0
DA:113,0
DA:115,0
DA:116,0
DA:117,0
DA:118,0
DA:120,0
DA:123,0
DA:125,0
DA:126,0
DA:134,0
DA:135,0
DA:139,0
DA:140,0
DA:142,0
DA:144,0
DA:145,0
DA:146,0
DA:148,0
DA:149,0
DA:150,0
DA:151,0
DA:152,0
DA:153,0
DA:154,0
DA:157,0
DA:160,0
DA:161,0
DA:162,0
DA:163,0
DA:164,0
DA:166,0
DA:167,0
DA:171,0
DA:173,0
DA:174,0
DA:176,0
DA:178,0
DA:179,0
DA:180,0
DA:181,0
DA:182,0
DA:183,0
DA:187,0
DA:192,0
DA:193,0
DA:194,0
DA:195,0
DA:197,0
DA:204,0
DA:209,0
DA:212,0
DA:235,0
DA:272,1
LF:68
LH:2
BRDA:104,0,0,0
BRDA:104,0,1,0
BRDA:110,1,0,0
BRDA:110,1,1,0
BRDA:110,2,0,0
BRDA:110,2,1,0
BRDA:113,3,0,0
BRDA:113,3,1,0
BRDA:115,4,0,0
BRDA:115,4,1,0
BRDA:116,5,0,0
BRDA:116,5,1,0
BRDA:117,6,0,0
BRDA:117,6,1,0
BRDA:139,7,0,0
BRDA:139,7,1,0
BRDA:139,8,0,0
BRDA:139,8,1,0
BRDA:146,9,0,0
BRDA:146,9,1,0
BRDA:146,10,0,0
BRDA:146,10,1,0
BRDA:148,11,0,0
BRDA:148,11,1,0
BRDA:148,12,0,0
BRDA:148,12,1,0
BRDA:152,13,0,0
BRDA:152,13,1,0
BRDA:152,14,0,0
BRDA:152,14,1,0
BRDA:163,15,0,0
BRDA:163,15,1,0
BRDA:166,16,0,0
BRDA:166,16,1,0
BRDA:173,17,0,0
BRDA:173,17,1,0
BRDA:182,18,0,0
BRDA:182,18,1,0
BRDA:192,19,0,0
BRDA:192,19,1,0
BRDA:213,20,0,0
BRDA:213,20,1,0
BRDA:213,21,0,0
BRDA:213,21,1,0
BRF:44
BRH:0
end_of_record
TN:
SF:/home/asma/cellery/mesh-observability/components/global/portal/io.cellery.observability.ui/src/components/tracing/view/SequenceDiagram.js
FN:30,(anonymous_0)
FN:58,(anonymous_1)
FN:78,(anonymous_2)
FN:111,(anonymous_3)
FN:113,(anonymous_4)
FN:123,(anonymous_5)
FN:146,(anonymous_6)
FN:162,(anonymous_7)
FN:207,(anonymous_8)
FN:220,(anonymous_9)
FN:231,(anonymous_10)
FN:243,(anonymous_11)
FN:248,(anonymous_12)
FN:266,(anonymous_13)
FN:280,(anonymous_14)
FN:294,(anonymous_15)
FN:318,(anonymous_16)
FN:334,(anonymous_17)
FN:338,(anonymous_18)
FN:358,(anonymous_19)
FN:383,(anonymous_20)
FN:390,(anonymous_21)
FN:405,(anonymous_22)
FN:407,(anonymous_23)
FNF:24
FNH:0
FNDA:0,(anonymous_0)
FNDA:0,(anonymous_1)
FNDA:0,(anonymous_2)
FNDA:0,(anonymous_3)
FNDA:0,(anonymous_4)
FNDA:0,(anonymous_5)
FNDA:0,(anonymous_6)
FNDA:0,(anonymous_7)
FNDA:0,(anonymous_8)
FNDA:0,(anonymous_9)
FNDA:0,(anonymous_10)
FNDA:0,(anonymous_11)
FNDA:0,(anonymous_12)
FNDA:0,(anonymous_13)
FNDA:0,(anonymous_14)
FNDA:0,(anonymous_15)
FNDA:0,(anonymous_16)
FNDA:0,(anonymous_17)
FNDA:0,(anonymous_18)
FNDA:0,(anonymous_19)
FNDA:0,(anonymous_20)
FNDA:0,(anonymous_21)
FNDA:0,(anonymous_22)
FNDA:0,(anonymous_23)
DA:30,1
DA:59,0
DA:60,0
DA:71,0
DA:73,0
DA:74,0
DA:75,0
DA:79,0
DA:80,0
DA:112,0
DA:113,0
DA:114,0
DA:116,0
DA:117,0
DA:120,0
DA:124,0
DA:125,0
DA:126,0
DA:127,0
DA:129,0
DA:130,0
DA:134,0
DA:135,0
DA:136,0
DA:147,0
DA:148,0
DA:149,0
DA:150,0
DA:163,0
DA:167,0
DA:168,0
DA:169,0
DA:170,0
DA:172,0
DA:174,0
DA:179,0
DA:180,0
DA:184,0
DA:185,0
DA:186,0
DA:187,0
DA:188,0
DA:190,0
DA:192,0
DA:197,0
DA:208,0
DA:221,0
DA:222,0
DA:223,0
DA:224,0
DA:228,0
DA:229,0
DA:230,0
DA:232,0
DA:233,0
DA:234,0
DA:235,0
DA:236,0
DA:244,0
DA:245,0
DA:248,0
DA:251,0
DA:252,0
DA:267,0
DA:268,0
DA:269,0
DA:270,0
DA:274,0
DA:281,0
DA:295,0
DA:296,0
DA:297,0
DA:298,0
DA:299,0
DA:302,0
DA:303,0
DA:304,0
DA:305,0
DA:309,0
DA:319,0
DA:320,0
DA:321,0
DA:322,0
DA:324,0
DA:325,0
DA:335,0
DA:336,0
DA:337,0
DA:338,0
DA:341,0
DA:342,0
DA:343,0
DA:345,0
DA:347,0
DA:348,0
DA:349,0
DA:350,0
DA:352,0
DA:353,0
DA:354,0
DA:359,0
DA:360,0
DA:361,0
DA:362,0
DA:364,0
DA:366,0
DA:368,0
DA:373,0
DA:374,0
DA:384,0
DA:385,0
DA:387,0
DA:391,0
DA:392,0
DA:394,0
DA:406,0
DA:407,0
DA:408,0
DA:409,0
DA:411,0
DA:417,1
LF:121
LH:2
BRDA:85,0,0,0
BRDA:85,0,1,0
BRDA:92,1,0,0
BRDA:92,1,1,0
BRDA:96,2,0,0
BRDA:96,2,1,0
BRDA:114,3,0,0
BRDA:114,3,1,0
BRDA:114,4,0,0
BRDA:114,4,1,0
BRDA:124,5,0,0
BRDA:124,5,1,0
BRDA:129,6,0,0
BRDA:129,6,1,0
BRDA:134,7,0,0
BRDA:134,7,1,0
BRDA:134,8,0,0
BRDA:134,8,1,0
BRDA:149,9,0,0
BRDA:149,9,1,0
BRDA:167,10,0,0
BRDA:167,10,1,0
BRDA:169,11,0,0
BRDA:169,11,1,0
BRDA:185,12,0,0
BRDA:185,12,1,0
BRDA:187,13,0,0
BRDA:187,13,1,0
BRDA:232,14,0,0
BRDA:232,14,1,0
BRDA:232,15,0,0
BRDA:232,15,1,0
BRDA:233,16,0,0
BRDA:233,16,1,0
BRDA:233,17,0,0
BRDA:233,17,1,0
BRDA:234,18,0,0
BRDA:234,18,1,0
BRDA:244,19,0,0
BRDA:244,19,1,0
BRDA:244,20,0,0
BRDA:244,20,1,0
BRDA:248,21,0,0
BRDA:248,21,1,0
BRDA:248,21,2,0
BRDA:248,21,3,0
BRDA:268,22,0,0
BRDA:268,22,1,0
BRDA:268,23,0,0
BRDA:268,23,1,0
BRDA:269,24,0,0
BRDA:269,24,1,0
BRDA:297,25,0,0
BRDA:297,25,1,0
BRDA:298,26,0,0
BRDA:298,26,1,0
BRDA:302,27,0,0
BRDA:302,27,1,0
BRDA:304,28,0,0
BRDA:304,28,1,0
BRDA:341,29,0,0
BRDA:341,29,1,0
BRDA:342,30,0,0
BRDA:342,30,1,0
BRDA:347,31,0,0
BRDA:347,31,1,0
BRDA:350,32,0,0
BRDA:350,32,1,0
BRDA:350,33,0,0
BRDA:350,33,1,0
BRDA:359,34,0,0
BRDA:359,34,1,0
BRDA:361,35,0,0
BRDA:361,35,1,0
BRDA:366,36,0,0
BRDA:366,36,1,0
BRDA:366,37,0,0
BRDA:366,37,1,0
BRDA:384,38,0,0
BRDA:384,38,1,0
BRDA:391,39,0,0
BRDA:391,39,1,0
BRDA:408,40,0,0
BRDA:408,40,1,0
BRF:84
BRH:0
end_of_record
TN:
SF:/home/asma/cellery/mesh-observability/components/global/portal/io.cellery.observability.ui/src/components/tracing/view/index.js
FN:37,(anonymous_0)
FN:54,(anonymous_1)
FN:76,(anonymous_2)
FN:80,(anonymous_3)
FN:86,(anonymous_4)
FN:105,(anonymous_5)
FN:106,(anonymous_6)
FN:142,(anonymous_7)
FN:155,(anonymous_8)
FN:172,(anonymous_9)
FNF:10
FNH:0
FNDA:0,(anonymous_0)
FNDA:0,(anonymous_1)
FNDA:0,(anonymous_2)
FNDA:0,(anonymous_3)
FNDA:0,(anonymous_4)
FNDA:0,(anonymous_5)
FNDA:0,(anonymous_6)
FNDA:0,(anonymous_7)
FNDA:0,(anonymous_8)
FNDA:0,(anonymous_9)
DA:37,1
DA:55,0
DA:57,0
DA:62,0
DA:63,0
DA:65,0
DA:73,0
DA:77,0
DA:81,0
DA:82,0
DA:87,0
DA:88,0
DA:89,0
DA:91,0
DA:95,0
DA:96,0
DA:99,0
DA:106,0
DA:121,0
DA:122,0
DA:123,0
DA:124,0
DA:126,0
DA:131,0
DA:133,0
DA:138,0
DA:139,0
DA:143,0
DA:144,0
DA:147,0
DA:156,0
DA:158,0
DA:163,0
DA:167,0
DA:173,0
DA:174,0
DA:175,0
DA:177,0
DA:179,0
DA:180,0
DA:183,0
DA:184,0
DA:190,0
DA:191,0
DA:193,0
DA:196,0
DA:215,1
LF:47
LH:2
BRDA:63,0,0,0
BRDA:63,0,1,0
BRDA:68,1,0,0
BRDA:68,1,1,0
BRDA:68,2,0,0
BRDA:68,2,1,0
BRDA:81,3,0,0
BRDA:81,3,1,0
BRDA:81,4,0,0
BRDA:81,4,1,0
BRDA:121,5,0,0
BRDA:121,5,1,0
BRDA:175,6,0,0
BRDA:175,6,1,0
BRDA:183,7,0,0
BRDA:183,7,1,0
BRDA:183,8,0,0
BRDA:183,8,1,0
BRDA:183,8,2,0
BRDA:190,9,0,0
BRDA:190,9,1,0
BRDA:198,10,0,0
BRDA:198,10,1,0
BRDA:199,11,0,0
BRDA:199,11,1,0
BRDA:207,12,0,0
BRDA:207,12,1,0
BRF:27
BRH:0
end_of_record
TN:
SF:/home/asma/cellery/mesh-observability/components/global/portal/io.cellery.observability.ui/src/components/tracing/view/timeline/TimelineView.js
FN:39,(anonymous_0)
FN:125,(anonymous_1)
FN:140,(anonymous_2)
FN:144,(anonymous_3)
FN:157,(anonymous_4)
FN:194,(anonymous_5)
FN:203,(anonymous_6)
FN:222,(anonymous_7)
FN:251,(anonymous_8)
FN:269,(anonymous_9)
FN:270,(anonymous_10)
FN:304,(anonymous_11)
FN:343,(anonymous_12)
FN:374,(anonymous_13)
FN:385,(anonymous_14)
FN:389,(anonymous_15)
FN:402,(anonymous_16)
FN:411,(anonymous_17)
FN:413,(anonymous_18)
FN:416,(anonymous_19)
FN:422,(anonymous_20)
FN:430,(anonymous_21)
FN:454,(anonymous_22)
FN:463,(anonymous_23)
FN:509,(anonymous_24)
FN:524,(anonymous_25)
FN:526,(anonymous_26)
FN:539,(anonymous_27)
FN:557,(anonymous_28)
FN:571,(anonymous_29)
FN:575,(anonymous_30)
FN:577,(anonymous_31)
FN:594,(anonymous_32)
FNF:33
FNH:0
FNDA:0,(anonymous_0)
FNDA:0,(anonymous_1)
FNDA:0,(anonymous_2)
FNDA:0,(anonymous_3)
FNDA:0,(anonymous_4)
FNDA:0,(anonymous_5)
FNDA:0,(anonymous_6)
FNDA:0,(anonymous_7)
FNDA:0,(anonymous_8)
FNDA:0,(anonymous_9)
FNDA:0,(anonymous_10)
FNDA:0,(anonymous_11)
FNDA:0,(anonymous_12)
FNDA:0,(anonymous_13)
FNDA:0,(anonymous_14)
FNDA:0,(anonymous_15)
FNDA:0,(anonymous_16)
FNDA:0,(anonymous_17)
FNDA:0,(anonymous_18)
FNDA:0,(anonymous_19)
FNDA:0,(anonymous_20)
FNDA:0,(anonymous_21)
FNDA:0,(anonymous_22)
FNDA:0,(anonymous_23)
FNDA:0,(anonymous_24)
FNDA:0,(anonymous_25)
FNDA:0,(anonymous_26)
FNDA:0,(anonymous_27)
FNDA:0,(anonymous_28)
FNDA:0,(anonymous_29)
FNDA:0,(anonymous_30)
FNDA:0,(anonymous_31)
FNDA:0,(anonymous_32)
DA:39,1
DA:126,0
DA:128,0
DA:129,0
DA:130,0
DA:131,0
DA:133,0
DA:141,0
DA:145,0
DA:148,0
DA:149,0
DA:152,0
DA:153,0
DA:158,0
DA:159,0
DA:161,0
DA:162,0
DA:163,0
DA:164,0
DA:165,0
DA:168,0
DA:169,0
DA:171,0
DA:195,0
DA:196,0
DA:199,0
DA:200,0
DA:201,0
DA:202,0
DA:203,0
DA:204,0
DA:205,0
DA:207,0
DA:208,0
DA:210,0
DA:211,0
DA:213,0
DA:214,0
DA:217,0
DA:218,0
DA:219,0
DA:223,0
DA:224,0
DA:227,0
DA:229,0
DA:248,0
DA:249,0
DA:250,0
DA:251,0
DA:252,0
DA:254,0
DA:258,0
DA:269,0
DA:271,0
DA:272,0
DA:273,0
DA:274,0
DA:275,0
DA:300,0
DA:302,0
DA:305,0
DA:306,0
DA:307,0
DA:308,0
DA:311,0
DA:312,0
DA:313,0
DA:314,0
DA:316,0
DA:319,0
DA:322,0
DA:323,0
DA:324,0
DA:325,0
DA:326,0
DA:327,0
DA:328,0
DA:329,0
DA:335,0
DA:336,0
DA:344,0
DA:361,0
DA:362,0
DA:363,0
DA:364,0
DA:374,0
DA:375,0
DA:378,0
DA:379,0
DA:380,0
DA:383,0
DA:384,0
DA:385,0
DA:387,0
DA:389,0
DA:390,0
DA:391,0
DA:393,0
DA:396,0
DA:400,0
DA:403,0
DA:408,0
DA:410,0
DA:411,0
DA:413,0
DA:416,0
DA:417,0
DA:421,0
DA:423,0
DA:424,0
DA:429,0
DA:430,0
DA:431,0
DA:432,0
DA:433,0
DA:435,0
DA:437,0
DA:441,0
DA:442,0
DA:445,0
DA:456,0
DA:457,0
DA:458,0
DA:459,0
DA:462,0
DA:463,0
DA:464,0
DA:465,0
DA:470,0
DA:480,0
DA:481,0
DA:492,0
DA:500,0
DA:501,0
DA:510,0
DA:511,0
DA:512,0
DA:515,0
DA:516,0
DA:517,0
DA:518,0
DA:521,0
DA:525,0
DA:526,0
DA:528,0
DA:531,0
DA:534,0
DA:539,0
DA:540,0
DA:558,0
DA:559,0
DA:573,0
DA:574,0
DA:575,0
DA:576,0
DA:577,0
DA:579,0
DA:580,0
DA:583,0
DA:584,0
DA:585,0
DA:595,0
DA:600,1
LF:163
LH:2
BRDA:152,0,0,0
BRDA:152,0,1,0
BRDA:164,1,0,0
BRDA:164,1,1,0
BRDA:204,2,0,0
BRDA:204,2,1,0
BRDA:207,3,0,0
BRDA:207,3,1,0
BRDA:210,4,0,0
BRDA:210,4,1,0
BRDA:213,5,0,0
BRDA:213,5,1,0
BRDA:213,6,0,0
BRDA:213,6,1,0
BRDA:252,7,0,0
BRDA:252,7,1,0
BRDA:252,8,0,0
BRDA:252,8,1,0
BRDA:252,8,2,0
BRDA:252,8,3,0
BRDA:272,9,0,0
BRDA:272,9,1,0
BRDA:272,10,0,0
BRDA:272,10,1,0
BRDA:278,11,0,0
BRDA:278,11,1,0
BRDA:280,12,0,0
BRDA:280,12,1,0
BRDA:283,13,0,0
BRDA:283,13,1,0
BRDA:283,14,0,0
BRDA:283,14,1,0
BRDA:293,15,0,0
BRDA:293,15,1,0
BRDA:307,16,0,0
BRDA:307,16,1,0
BRDA:312,17,0,0
BRDA:312,17,1,0
BRDA:313,18,0,0
BRDA:313,18,1,0
BRDA:325,19,0,0
BRDA:325,19,1,0
BRDA:328,20,0,0
BRDA:328,20,1,0
BRDA:335,21,0,0
BRDA:335,21,1,0
BRDA:383,22,0,0
BRDA:383,22,1,0
BRDA:413,23,0,0
BRDA:413,23,1,0
BRDA:423,24,0,0
BRDA:423,24,1,0
BRDA:431,25,0,0
BRDA:431,25,1,0
BRDA:431,26,0,0
BRDA:431,26,1,0
BRDA:432,27,0,0
BRDA:432,27,1,0
BRDA:464,28,0,0
BRDA:464,28,1,0
BRDA:480,29,0,0
BRDA:480,29,1,0
BRDA:480,30,0,0
BRDA:480,30,1,0
BRDA:495,31,0,0
BRDA:495,31,1,0
BRDA:573,32,0,0
BRDA:573,32,1,0
BRF:68
BRH:0
end_of_record
TN:
SF:/home/asma/cellery/mesh-observability/components/global/portal/io.cellery.observability.ui/src/components/tracing/view/timeline/index.js
FN:33,(anonymous_0)
FN:45,(anonymous_1)
FN:59,(anonymous_2)
FN:63,(anonymous_3)
FN:70,(anonymous_4)
FN:105,(anonymous_5)
FN:129,(anonymous_6)
FN:131,(anonymous_7)
FN:133,(anonymous_8)
FNF:9
FNH:0
FNDA:0,(anonymous_0)
FNDA:0,(anonymous_1)
FNDA:0,(anonymous_2)
FNDA:0,(anonymous_3)
FNDA:0,(anonymous_4)
FNDA:0,(anonymous_5)
FNDA:0,(anonymous_6)
FNDA:0,(anonymous_7)
FNDA:0,(anonymous_8)
DA:33,1
DA:46,0
DA:48,0
DA:56,0
DA:60,0
DA:64,0
DA:65,0
DA:71,0
DA:72,0
DA:73,0
DA:75,0
DA:76,0
DA:79,0
DA:80,0
DA:81,0
DA:82,0
DA:85,0
DA:87,0
DA:88,0
DA:91,0
DA:95,0
DA:96,0
DA:97,0
DA:99,0
DA:106,0
DA:107,0
DA:110,0
DA:111,0
DA:112,0
DA:113,0
DA:114,0
DA:115,0
DA:120,0
DA:129,0
DA:132,0
DA:133,0
DA:135,0
DA:161,1
LF:38
LH:2
BRDA:75,0,0,0
BRDA:75,0,1,0
BRDA:80,1,0,0
BRDA:80,1,1,0
BRDA:87,2,0,0
BRDA:87,2,1,0
BRDA:95,3,0,0
BRDA:95,3,1,0
BRDA:112,4,0,0
BRDA:112,4,1,0
BRDA:114,5,0,0
BRDA:114,5,1,0
BRF:12
BRH:0
end_of_record
TN:
SF:/home/asma/cellery/mesh-observability/components/global/portal/io.cellery.observability.ui/src/icons/CellIcon.js
FN:4,(anonymous_0)
FNF:1
FNH:0
FNDA:0,(anonymous_0)
DA:4,1
DA:5,0
LF:2
LH:1
BRF:0
BRH:0
end_of_record
TN:
SF:/home/asma/cellery/mesh-observability/components/global/portal/io.cellery.observability.ui/src/icons/CellsIcon.js
FN:4,(anonymous_0)
FNF:1
FNH:0
FNDA:0,(anonymous_0)
DA:4,1
DA:5,0
LF:2
LH:1
BRF:0
BRH:0
end_of_record
TN:
SF:/home/asma/cellery/mesh-observability/components/global/portal/io.cellery.observability.ui/src/icons/ComponentIcon.js
FN:4,(anonymous_0)
FNF:1
FNH:0
FNDA:0,(anonymous_0)
DA:4,1
DA:5,0
LF:2
LH:1
BRF:0
BRH:0
end_of_record
TN:
SF:/home/asma/cellery/mesh-observability/components/global/portal/io.cellery.observability.ui/src/icons/HttpTrafficIcon.js
FN:4,(anonymous_0)
FNF:1
FNH:0
FNDA:0,(anonymous_0)
DA:4,1
DA:5,0
LF:2
LH:1
BRF:0
BRH:0
end_of_record
TN:
SF:/home/asma/cellery/mesh-observability/components/global/portal/io.cellery.observability.ui/src/icons/MetricsIcon.js
FN:4,(anonymous_0)
FNF:1
FNH:0
FNDA:0,(anonymous_0)
DA:1,0
DA:2,0
DA:4,0
DA:5,0
LF:4
LH:0
BRF:0
BRH:0
end_of_record
TN:
SF:/home/asma/cellery/mesh-observability/components/global/portal/io.cellery.observability.ui/src/icons/NodeIcon.js
FN:4,(anonymous_0)
FNF:1
FNH:0
FNDA:0,(anonymous_0)
DA:1,0
DA:2,0
DA:4,0
DA:5,0
LF:4
LH:0
BRF:0
BRH:0
end_of_record
TN:
SF:/home/asma/cellery/mesh-observability/components/global/portal/io.cellery.observability.ui/src/icons/OverviewIcon.js
FN:4,(anonymous_0)
FNF:1
FNH:0
FNDA:0,(anonymous_0)
DA:4,6
DA:5,0
LF:2
LH:1
BRF:0
BRH:0
end_of_record
TN:
SF:/home/asma/cellery/mesh-observability/components/global/portal/io.cellery.observability.ui/src/icons/PodIcon.js
FN:4,(anonymous_0)
FNF:1
FNH:0
FNDA:0,(anonymous_0)
DA:1,0
DA:2,0
DA:4,0
DA:5,0
LF:4
LH:0
BRF:0
BRH:0
end_of_record
TN:
SF:/home/asma/cellery/mesh-observability/components/global/portal/io.cellery.observability.ui/src/icons/ShareIcon.js
FN:4,(anonymous_0)
FNF:1
FNH:0
FNDA:0,(anonymous_0)
DA:4,1
DA:5,0
LF:2
LH:1
BRF:0
BRH:0
end_of_record
TN:
SF:/home/asma/cellery/mesh-observability/components/global/portal/io.cellery.observability.ui/src/utils/constants.js
FNF:0
FNH:0
DA:17,9
DA:69,9
DA:72,9
DA:73,9
LF:4
LH:4
BRF:0
BRH:0
end_of_record
TN:
SF:/home/asma/cellery/mesh-observability/components/global/portal/io.cellery.observability.ui/src/utils/api/authUtils.js
FN:32,(anonymous_0)
FN:51,(anonymous_1)
FN:63,(anonymous_2)
FNF:3
FNH:3
FNDA:4,(anonymous_0)
FNDA:2,(anonymous_1)
FNDA:139,(anonymous_2)
DA:34,4
DA:35,1
DA:38,1
DA:39,1
DA:41,3
DA:53,2
DA:54,2
DA:55,2
DA:65,139
DA:66,139
DA:68,0
DA:69,0
DA:71,139
LF:13
LH:11
BRDA:34,0,0,1
BRDA:34,0,1,3
BRF:2
BRH:2
end_of_record
TN:
SF:/home/asma/cellery/mesh-observability/components/global/portal/io.cellery.observability.ui/src/utils/api/httpUtils.js
FN:29,(anonymous_0)
FN:60,(anonymous_1)
FN:90,(anonymous_2)
FN:102,(anonymous_3)
FN:102,(anonymous_4)
FN:117,(anonymous_5)
FN:124,(anonymous_6)
FNF:7
FNH:7
FNDA:11,(anonymous_0)
FNDA:8,(anonymous_1)
FNDA:1,(anonymous_2)
FNDA:106,(anonymous_3)
FNDA:106,(anonymous_4)
FNDA:64,(anonymous_5)
FNDA:41,(anonymous_6)
DA:30,11
DA:31,11
DA:32,7
DA:33,7
DA:34,6
DA:37,7
DA:38,6
DA:39,6
DA:40,17
DA:41,17
DA:43,17
DA:44,11
DA:51,11
DA:61,8
DA:62,8
DA:63,6
DA:64,16
DA:65,2
DA:69,14
DA:71,2
DA:76,12
DA:77,12
DA:80,6
DA:91,1
DA:92,1
DA:102,106
DA:103,106
DA:104,5
DA:106,106
DA:107,7
DA:109,106
DA:110,105
DA:112,106
DA:113,1
DA:116,106
DA:118,64
DA:119,25
DA:121,39
DA:125,41
DA:126,40
DA:127,40
DA:129,2
DA:130,1
DA:133,40
DA:135,1
LF:45
LH:45
BRDA:31,0,0,7
BRDA:31,0,1,4
BRDA:33,1,0,6
BRDA:33,1,1,1
BRDA:37,2,0,6
BRDA:37,2,1,1
BRDA:43,3,0,11
BRDA:43,3,1,6
BRDA:44,4,0,9
BRDA:44,4,1,2
BRDA:44,5,0,11
BRDA:44,5,1,10
BRDA:62,6,0,6
BRDA:62,6,1,2
BRDA:64,7,0,2
BRDA:64,7,1,14
BRDA:69,8,0,2
BRDA:69,8,1,12
BRDA:69,9,0,14
BRDA:69,9,1,4
BRDA:69,9,2,3
BRDA:76,10,0,7
BRDA:76,10,1,5
BRDA:103,11,0,5
BRDA:103,11,1,101
BRDA:106,12,0,7
BRDA:106,12,1,99
BRDA:109,13,0,105
BRDA:109,13,1,1
BRDA:112,14,0,1
BRDA:112,14,1,105
BRDA:112,15,0,106
BRDA:112,15,1,106
BRDA:112,15,2,105
BRDA:112,15,3,105
BRDA:118,16,0,25
BRDA:118,16,1,39
BRDA:118,17,0,64
BRDA:118,17,1,64
BRDA:125,18,0,40
BRDA:125,18,1,1
BRDA:127,19,0,2
BRDA:127,19,1,38
BRDA:129,20,0,1
BRDA:129,20,1,1
BRF:45
BRH:45
end_of_record
TN:
SF:/home/asma/cellery/mesh-observability/components/global/portal/io.cellery.observability.ui/src/utils/common/notificationUtils.js
FN:34,(anonymous_0)
FN:47,(anonymous_1)
FN:62,(anonymous_2)
FN:75,(anonymous_3)
FNF:4
FNH:4
FNDA:3,(anonymous_0)
FNDA:3,(anonymous_1)
FNDA:3,(anonymous_2)
FNDA:3,(anonymous_3)
DA:35,3
DA:36,3
DA:48,3
DA:49,3
DA:63,3
DA:76,3
LF:6
LH:6
BRDA:50,0,0,2
BRDA:50,0,1,1
BRF:2
BRH:2
end_of_record
TN:
SF:/home/asma/cellery/mesh-observability/components/global/portal/io.cellery.observability.ui/src/utils/common/queryUtils.js
FN:39,(anonymous_0)
FN:75,(anonymous_1)
FNF:2
FNH:2
FNDA:44,(anonymous_0)
FNDA:27,(anonymous_1)
DA:40,44
DA:41,44
DA:42,33
DA:45,33
DA:47,33
DA:48,34
DA:55,33
DA:56,33
DA:57,34
DA:58,34
DA:59,34
DA:60,34
DA:62,11
DA:63,9
DA:65,35
DA:77,27
DA:78,4
DA:79,23
DA:80,3
DA:81,20
DA:82,5
DA:83,15
DA:84,5
DA:85,10
DA:86,5
DA:88,5
DA:90,27
LF:27
LH:27
BRDA:41,0,0,33
BRDA:41,0,1,11
BRDA:60,1,0,27
BRDA:60,1,1,7
BRDA:62,2,0,9
BRDA:62,2,1,2
BRDA:77,3,0,4
BRDA:77,3,1,23
BRDA:79,4,0,3
BRDA:79,4,1,20
BRDA:81,5,0,5
BRDA:81,5,1,15
BRDA:83,6,0,5
BRDA:83,6,1,10
BRDA:85,7,0,5
BRDA:85,7,1,5
BRF:16
BRH:16
end_of_record
TN:
SF:/home/asma/cellery/mesh-observability/components/global/portal/io.cellery.observability.ui/src/utils/tracing/span.js
FN:29,(anonymous_0)
FN:43,(anonymous_1)
FN:75,(anonymous_2)
FN:85,(anonymous_3)
FN:110,(anonymous_4)
FN:119,(anonymous_5)
FN:138,(anonymous_6)
FN:156,(anonymous_7)
FN:176,(anonymous_8)
FN:192,(anonymous_9)
FN:199,(anonymous_10)
FN:208,(anonymous_11)
FN:215,(anonymous_12)
FN:222,(anonymous_13)
FN:232,(anonymous_14)
FN:240,(anonymous_15)
FNF:16
FNH:16
FNDA:318,(anonymous_0)
FNDA:636,(anonymous_1)
FNDA:2630,(anonymous_2)
FNDA:5021,(anonymous_3)
FNDA:1391,(anonymous_4)
FNDA:2603,(anonymous_5)
FNDA:15,(anonymous_6)
FNDA:60,(anonymous_7)
FNDA:9,(anonymous_8)
FNDA:36,(anonymous_9)
FNDA:20,(anonymous_10)
FNDA:18,(anonymous_11)
FNDA:2512,(anonymous_12)
FNDA:16,(anonymous_13)
FNDA:6,(anonymous_14)
FNDA:1,(anonymous_15)
DA:30,318
DA:31,318
DA:32,318
DA:33,318
DA:34,318
DA:35,318
DA:38,318
DA:39,318
DA:40,318
DA:43,318
DA:44,636
DA:45,2
DA:48,318
DA:49,318
DA:52,318
DA:55,318
DA:58,318
DA:61,318
DA:64,318
DA:66,318
DA:75,2630
DA:86,5021
DA:87,5021
DA:88,5017
DA:89,259
DA:90,172
DA:92,4758
DA:93,693
DA:94,693
DA:95,316
DA:97,693
DA:98,296
DA:102,5021
DA:110,1391
DA:120,2603
DA:121,2603
DA:122,191
DA:123,191
DA:124,2412
DA:125,193
DA:126,193
DA:128,2603
DA:129,170
DA:130,170
DA:132,2603
DA:139,15
DA:140,15
DA:141,15
DA:142,15
DA:157,60
DA:158,1
DA:162,59
DA:163,54
DA:167,59
DA:168,59
DA:169,59
DA:170,59
DA:171,53
DA:172,53
DA:176,59
DA:179,59
DA:180,53
DA:182,59
DA:183,12
DA:192,36
DA:200,20
DA:208,18
DA:215,2512
DA:223,16
DA:232,6
DA:241,1
DA:251,1
DA:252,1
DA:253,1
DA:254,1
LF:75
LH:75
BRDA:32,0,0,275
BRDA:32,0,1,43
BRDA:35,1,0,317
BRDA:35,1,1,1
BRDA:44,2,0,2
BRDA:44,2,1,634
BRDA:55,3,0,163
BRDA:55,3,1,155
BRDA:75,4,0,2630
BRDA:75,4,1,2625
BRDA:75,4,2,2624
BRDA:75,4,3,191
BRDA:75,4,4,88
BRDA:75,4,5,104
BRDA:75,4,6,88
BRDA:87,5,0,5017
BRDA:87,5,1,4
BRDA:87,6,0,5021
BRDA:87,6,1,5018
BRDA:88,7,0,259
BRDA:88,7,1,4758
BRDA:89,8,0,172
BRDA:89,8,1,87
BRDA:89,9,0,259
BRDA:89,9,1,172
BRDA:92,10,0,693
BRDA:92,10,1,4065
BRDA:94,11,0,316
BRDA:94,11,1,377
BRDA:94,12,0,693
BRDA:94,12,1,666
BRDA:97,13,0,296
BRDA:97,13,1,397
BRDA:97,14,0,693
BRDA:97,14,1,598
BRDA:110,15,0,1391
BRDA:110,15,1,772
BRDA:121,16,0,191
BRDA:121,16,1,2412
BRDA:124,17,0,193
BRDA:124,17,1,2219
BRDA:124,18,0,2412
BRDA:124,18,1,2410
BRDA:128,19,0,170
BRDA:128,19,1,2433
BRDA:156,20,0,31
BRDA:156,21,0,3
BRDA:156,22,0,6
BRDA:157,23,0,1
BRDA:157,23,1,59
BRDA:157,24,0,60
BRDA:157,24,1,3
BRDA:162,25,0,54
BRDA:162,25,1,5
BRDA:182,26,0,12
BRDA:182,26,1,47
BRDA:192,27,0,20
BRDA:192,27,1,16
BRDA:200,28,0,20
BRDA:200,28,1,14
BRDA:200,28,2,14
BRDA:223,29,0,16
BRDA:223,29,1,11
BRDA:223,29,2,8
BRDA:232,30,0,6
BRDA:232,30,1,5
BRF:66
BRH:66
end_of_record
TN:
SF:/home/asma/cellery/mesh-observability/components/global/portal/io.cellery.observability.ui/src/utils/tracing/tracingUtils.js
FN:30,(anonymous_0)
FN:32,(anonymous_1)
FN:33,(anonymous_2)
FN:96,(anonymous_3)
FN:126,(anonymous_4)
FN:127,(anonymous_5)
FN:136,(anonymous_6)
FN:148,(anonymous_7)
FN:149,(anonymous_8)
FN:164,(anonymous_9)
FN:166,(anonymous_10)
FN:178,(anonymous_11)
FN:189,(anonymous_12)
FN:194,(anonymous_13)
FNF:14
FNH:14
FNDA:15,(anonymous_0)
FNDA:215,(anonymous_1)
FNDA:215,(anonymous_2)
FNDA:13,(anonymous_3)
FNDA:1,(anonymous_4)
FNDA:14,(anonymous_5)
FNDA:14,(anonymous_6)
FNDA:3,(anonymous_7)
FNDA:42,(anonymous_8)
FNDA:1,(anonymous_9)
FNDA:14,(anonymous_10)
FNDA:1,(anonymous_11)
FNDA:3,(anonymous_12)
FNDA:4,(anonymous_13)
DA:32,215
DA:33,215
DA:38,15
DA:39,11
DA:40,4
DA:42,3
DA:43,2
DA:44,1
DA:46,1
DA:49,1
DA:51,2
DA:52,2
DA:53,2
DA:55,1
DA:59,13
DA:60,187
DA:62,187
DA:63,187
DA:64,187
DA:65,2694
DA:66,2694
DA:68,62
DA:69,28
DA:71,62
DA:72,28
DA:74,62
DA:75,2
DA:79,187
DA:80,2
DA:84,13
DA:86,13
DA:98,13
DA:99,187
DA:100,2695
DA:101,2508
DA:107,13
DA:108,187
DA:109,187
DA:110,1
DA:111,15
DA:112,1
DA:113,1
DA:114,1
DA:127,1
DA:128,14
DA:129,8
DA:131,6
DA:136,1
DA:137,14
DA:138,14
DA:149,42
DA:150,3
DA:151,1
DA:152,2
DA:153,1
DA:155,1
DA:165,1
DA:166,1
DA:167,14
DA:169,1
DA:179,1
DA:180,14
DA:190,3
DA:191,3
DA:192,2
DA:194,3
DA:195,4
DA:196,3
DA:198,4
DA:200,3
DA:201,1
LF:71
LH:71
BRDA:33,0,0,215
BRDA:33,0,1,199
BRDA:38,1,0,11
BRDA:38,1,1,4
BRDA:40,2,0,3
BRDA:40,2,1,1
BRDA:42,3,0,2
BRDA:42,3,1,1
BRDA:43,4,0,1
BRDA:43,4,1,1
BRDA:66,5,0,62
BRDA:66,5,1,2632
BRDA:66,6,0,2694
BRDA:66,6,1,2508
BRDA:66,6,2,754
BRDA:66,6,3,190
BRDA:68,7,0,28
BRDA:68,7,1,34
BRDA:71,8,0,28
BRDA:71,8,1,34
BRDA:74,9,0,2
BRDA:74,9,1,60
BRDA:74,10,0,62
BRDA:74,10,1,30
BRDA:79,11,0,2
BRDA:79,11,1,185
BRDA:79,12,0,187
BRDA:79,12,1,28
BRDA:100,13,0,2508
BRDA:100,13,1,187
BRDA:109,14,0,1
BRDA:109,14,1,186
BRDA:109,15,0,187
BRDA:109,15,1,14
BRDA:111,16,0,1
BRDA:111,16,1,14
BRDA:128,17,0,8
BRDA:128,17,1,6
BRDA:128,18,0,14
BRDA:128,18,1,12
BRDA:150,19,0,1
BRDA:150,19,1,2
BRDA:150,20,0,3
BRDA:150,20,1,3
BRDA:152,21,0,1
BRDA:152,21,1,1
BRDA:191,22,0,2
BRDA:191,22,1,1
BRDA:195,23,0,3
BRDA:195,23,1,1
BRDA:200,24,0,1
BRDA:200,24,1,2
BRF:52
BRH:52
end_of_record
